508
744
745
746
747
740
741
742
143
748
749
515
493
514
146
441
147
144
145
378
500
138
698
699
440
386
20
21
694
23
24
693
26
691
119
118
449
448
447
110
445
743
115
442
117
116
581
479
623
205
204
207
89
201
200
203
202
82
83
364
365
209
208
84
85
435
168
169
164
165
166
167
160
369
162
163
621
469
543
560
561
562
563
19
565
566
567
568
14
17
16
11
684
13
686
620
667
666
665
664
663
662
661
660
700
701
702
703
704
705
627
668
771
520
770
97
6
626
602
625
384
385
588
387
380
381
382
383
251
388
389
91
616
341
614
90
645
615
316
612
647
613
314
610
641
611
607
640
643
642
120
248
122
123
124
125
539
127
241
129
535
534
533
532
531
530
59
58
51
50
53
52
606
54
57
56
403
402
401
400
334
406
405
404
599
409
408
598
335
270
337
336
331
330
333
332
181
339
338
582
583
580
628
586
587
584
594
1
235
3
589
5
4
7
233
596
792
591
590
371
188
370
189
794
757
756
755
754
753
752
751
750
759
758
240
490
237
229
249
121
706
126
538
707
128
536
260
245
243
478
242
472
473
470
471
476
477
474
475
247
244
246
225
379
271
272
273
274
275
276
277
278
279
373
372
375
374
377
376
669
179
178
177
176
175
174
173
172
171
170
573
572
571
570
577
576
575
446
579
578
113
112
443
574
114
652
653
719
651
656
309
654
655
304
305
658
307
717
716
302
714
206
763
780
781
782
783
784
785
786
787
788
789
111
55
15
397
396
395
394
393
392
391
390
399
398
407
680
291
779
297
650
778
718
362
308
306
657
133
132
131
509
137
136
135
134
502
503
139
501
506
507
504
505
713
363
592
712
711
659
48
49
46
47
44
45
42
43
40
41
692
715
438
439
436
437
434
303
432
433
430
431
340
617
342
343
344
345
346
347
348
349
618
619
186
187
184
185
182
183
180
228
227
226
597
224
223
222
221
220
9
8
300
629
39
38
33
32
31
30
37
36
35
34
301
585
88
762
234
760
761
766
767
764
765
768
769
236
292
293
290
2
296
368
294
295
230
298
299
238
231
366
232
367
624
80
81
86
239
87
360
361
353
352
151
529
622
153
259
161
524
525
254
263
262
261
255
267
266
265
264
159
269
268
253
498
499
148
149
522
142
491
140
141
494
495
496
497
77
76
75
74
73
72
71
70
79
78
465
464
467
466
461
460
548
462
546
547
544
545
542
468
540
541
726
727
724
725
722
723
720
721
728
729
649
648
319
318
317
644
315
646
313
312
311
310
689
688
793
454
791
790
797
796
795
455
564
799
798
492
104
18
457
158
102
451
681
452
569
453
683
735
682
685
537
10
687
12
559
411
458
459
108
109
106
107
456
105
450
103
100
101
551
550
708
709
429
428
421
420
423
422
425
424
427
426
95
94
351
96
357
356
93
92
609
608
359
358
99
98
191
190
218
192
195
194
197
196
199
213
210
211
216
217
214
215
25
800
28
29
517
516
511
510
513
512
696
697
22
695
519
518
690
27
674
675
676
677
670
671
672
673
775
774
777
776
678
679
773
772
289
288
285
284
287
286
281
280
283
282
601
600
603
630
350
631
605
632
604
549
355
326
354
635
636
463
637
593
193
321
219
155
154
157
156
528
150
258
152
256
257
526
527
252
521
250
523
212
489
488
198
483
482
481
480
487
486
485
484
64
65
66
67
60
61
62
63
68
69
410
558
412
413
414
415
416
417
418
419
553
552
555
554
557
556
130
730
733
732
731
734
737
736
739
738
710
638
639
328
329
444
322
323
320
633
634
327
324
325
595
