5650 0.0166666663593
4436 0.0166666663632
1668 0.0166666662277
6461 0.0166666664726
3932 0.0166666663957
4006 0.0166666664249
5696 0.0166666664103
3561 0.0166666665205
701 0.0166666667423
3549 0.0166666664762
6066 0.0166666662167
2548 0.0166666664527
7018 0.016666666529
1755 0.0166666661838
2041 0.0166666662739
7170 0.0166666663636
1 0.0166666664881
4323 0.016666666363
12050 0.0166666632706
3967 0.0166666664355
5000 0.0166666661443
3356 0.0166666664666
7911 0.0166666663245
293 0.0166666664374
297 0.016666666404
1239 0.016666666563
6453 0.0166666664431
4544 0.0166666664005
3914 0.0166666662504
2497 0.0166666663934
6395 0.0166666664304
2551 0.0166666664069
1833 0.0166666663332
2828 0.0166666664405
6172 0.0166666664162
4200 0.0166666664005
8918 0.0166666664319
5511 0.0166666663692
4565 0.0166666664159
13646 0.0166666661317
6079 0.0166666664139
3491 0.0166666663888
174 0.0166666664309
715 0.0166666662515
209 0.0166666664832
6730 0.0166666661987
6259 0.0166666663979
5056 0.016666666395
2914 0.0166666664755
1740 0.0166666664125
4513 0.0166666664689
1746 0.0166666663697
3303 0.0166666662466
2685 0.0166666664238
6427 0.0166666663944
3320 0.0166666662515
7922 0.0166666663794
6402 0.0166666663181
3257 0.0166666664593
2516 0.0166666663023
