3557 0.0105263158043
6079 0.0105263157895
8966 0.0105263157574
4637 0.0105263158182
701 0.0105263158581
702 0.0105263158117
5650 0.0105263157929
15412 0.0105263158046
5089 0.0105263157881
3491 0.0105263158246
3549 0.0105263158319
8881 0.0105263078986
4134 0.0105263158009
5400 0.0105263158072
174 0.0105263158354
577 0.0105263157744
4436 0.010526315796
25973 0.0105263157647
6128 0.0105263157977
5413 0.010526315808
13237 0.0105263158195
13768 0.0105263157917
2497 0.0105263158179
6395 0.0105263158014
6461 0.0105263158256
6730 0.010526315789
5462 0.0105263157735
11686 0.0105263156348
19548 0.0105263156853
12956 0.0105263158177
12222 0.0105263157941
2152 0.0105263157984
1299 0.0105263158204
22773 0.0105263157851
3292 0.0105263157994
10310 0.0105263157991
8220 0.0105263158054
22822 0.0105263157956
6939 0.0105263158228
852 0.0105263158063
2914 0.0105263158265
19029 0.0105263157983
2828 0.0105263158185
6667 0.0105263157441
4181 0.0105263157719
6762 0.0105263158128
4513 0.0105263157745
1257 0.0105263158011
9318 0.0105263157898
20940 0.0105263157945
3303 0.0105263158255
3300 0.0105263157943
209 0.0105263158344
25462 0.0105263158007
2686 0.0105263157966
8657 0.0105263157931
4323 0.0105263158235
3561 0.0105263158259
4725 0.010526315795
1273 0.0105263158108
3257 0.0105263158193
15290 0.0105263157872
8001 0.0105263158109
3320 0.0105263158167
11608 0.0105263157963
4788 0.0105263157947
1668 0.0105263158091
6830 0.0105263158004
8075 0.0105263158024
3356 0.0105263158425
8928 0.0105263157851
2529 0.0105263157186
6539 0.0105263158173
4766 0.010526315795
812 0.0105263157977
7911 0.010526315683
4589 0.0105263158047
6327 0.0105263157973
3209 0.0105263157852
6432 0.01052631577
7018 0.0105263158497
42 0.0105263157745
7473 0.0105263158028
16150 0.0105263157999
293 0.0105263158101
1239 0.0105263158498
15169 0.0105263158012
5511 0.0105263158115
4565 0.0105263157112
14361 0.0105263157061
19151 0.0105263158125
286 0.010526315815
2516 0.010526315819
6453 0.0105263158195
7132 0.0105263158204
