5696 0.0254691235964
6172 0.0254691235892
3951 0.0254691235927
1673 0.025469123598
568 0.0254691235962
668 0.0254691235966
4000 0.0254691235926
4006 0.0254691235913
2685 0.0254691235959
5683 0.0254691235929
3491 0.025469123577
2551 0.0254691235913
1 0.0254691235966
4565 0.0254691235961
174 0.0254691235966
6113 0.0254691235969
4200 0.0160859545189
293 0.0254691235982
297 0.0254691235975
5413 0.0160859545172
7018 0.0254691235885
3847 0.0254691235967
1239 0.0254691235982
1800 0.0254691235973
2914 0.0254691235982
2041 0.0254691235961
2828 0.02546912359
4544 0.025469123577
3561 0.0254691235983
2548 0.0254691235971
3967 0.0254691235974
2497 0.0254691235982
701 0.0254691235981
6461 0.0254691235971
5646 0.0254691207235
286 0.0254691235977
1740 0.0254691235983
1746 0.0254691235968
3356 0.0254691235962
6453 0.0254691235963
