508 0.00125000000493
744 0.00125000000486
745 0.00125000000493
746 0.00125000000488
747 0.00125000000481
740 0.00125000000488
741 0.00125000000486
742 0.00125000000486
143 0.00125000000486
748 0.00125000000486
749 0.00125000000487
515 0.00125000000485
493 0.00125000000496
514 0.00125000000486
146 0.00125000000486
441 0.00125000000489
147 0.00125000000484
144 0.00125000000489
145 0.00125000000494
378 0.00125000000489
500 0.00125000000486
138 0.00125000000487
698 0.00125000000484
699 0.00125000000483
440 0.00125000000492
386 0.00125000000484
20 0.00125000000485
21 0.00125000000485
694 0.00125000000484
23 0.00125000000487
24 0.00125000000489
693 0.00125000000486
26 0.00125000000486
691 0.00125000000488
119 0.00125000000483
118 0.00125000000484
449 0.00125000000486
448 0.00125000000492
447 0.00125000000485
110 0.00125000000489
445 0.0012500000048
743 0.00125000000485
115 0.00125000000486
442 0.00125000000479
117 0.00125000000487
116 0.00125000000486
581 0.00125000000492
479 0.00125000000488
623 0.00125000000484
205 0.00125000000488
204 0.00125000000487
207 0.00125000000488
89 0.00125000000487
201 0.00125000000485
200 0.00125000000486
203 0.0012500000048
202 0.00125000000493
82 0.00125000000484
83 0.00125000000482
364 0.00125000000485
365 0.00125000000487
209 0.00125000000485
208 0.00125000000483
84 0.00125000000487
85 0.00125000000486
435 0.00125000000489
168 0.00125000000491
169 0.00125000000488
164 0.00125000000478
165 0.00125000000489
166 0.00125000000492
167 0.00125000000489
160 0.00125000000484
369 0.00125000000482
162 0.00125000000482
163 0.00125000000483
621 0.00125000000483
469 0.00125000000482
543 0.0012500000049
560 0.0012500000049
561 0.00125000000485
562 0.00125000000488
563 0.00125000000489
19 0.00125000000488
565 0.00125000000489
566 0.00125000000485
567 0.00125000000486
568 0.00125000000491
14 0.00125000000486
17 0.00125000000485
16 0.00125000000485
11 0.00125000000481
684 0.00125000000482
13 0.00125000000484
686 0.0012500000048
620 0.0012500000049
667 0.00125000000482
666 0.0012500000048
665 0.00125000000492
664 0.00125000000478
663 0.00125000000486
662 0.00125000000487
661 0.00125000000485
660 0.00125000000488
700 0.00125000000486
701 0.00125000000484
702 0.00125000000493
703 0.00125000000491
704 0.00125000000486
705 0.00125000000481
627 0.00125000000486
668 0.00125000000487
771 0.00125000000489
520 0.0012500000049
770 0.00125000000484
97 0.00125000000486
6 0.00125000000489
626 0.00125000000488
602 0.00125000000479
625 0.00125000000494
384 0.00125000000487
385 0.00125000000489
588 0.00125000000485
387 0.00125000000485
380 0.00125000000483
381 0.00125000000487
382 0.00125000000486
383 0.00125000000488
251 0.00125000000483
388 0.00125000000483
389 0.00125000000484
91 0.00125000000485
616 0.00125000000485
341 0.00125000000484
614 0.00125000000486
90 0.00125000000491
645 0.00125000000485
615 0.00125000000481
316 0.00125000000488
612 0.00125000000489
647 0.00125000000495
613 0.00125000000486
314 0.00125000000484
610 0.00125000000479
641 0.00125000000486
611 0.00125000000487
607 0.00125000000484
640 0.00125000000484
643 0.00125000000483
642 0.00125000000485
120 0.00125000000486
248 0.00125000000484
122 0.00125000000491
123 0.00125000000485
124 0.00125000000489
125 0.00125000000486
539 0.00125000000484
127 0.00125000000489
241 0.00125000000483
129 0.00125000000487
535 0.00125000000489
534 0.00125000000477
533 0.00125000000489
532 0.00125000000488
531 0.00125000000486
530 0.00125000000495
59 0.00125000000487
58 0.00125000000489
51 0.00125000000492
50 0.00125000000484
53 0.00125000000479
52 0.00125000000491
606 0.00125000000487
54 0.00125000000485
57 0.00125000000487
56 0.0012500000049
403 0.00125000000489
402 0.00125000000491
401 0.00125000000487
400 0.00125000000485
334 0.00125000000486
406 0.00125000000488
405 0.00125000000488
404 0.00125000000488
599 0.00125000000493
409 0.00125000000487
408 0.00125000000489
598 0.00125000000486
335 0.00125000000485
270 0.00125000000484
337 0.00125000000484
336 0.00125000000488
331 0.00125000000488
330 0.00125000000484
333 0.00125000000486
332 0.00125000000487
181 0.00125000000489
339 0.00125000000485
338 0.00125000000488
582 0.00125000000484
583 0.00125000000482
580 0.00125000000486
628 0.00125000000489
586 0.00125000000487
587 0.00125000000496
584 0.00125000000486
594 0.00125000000489
1 0.00125000000487
235 0.00125000000486
3 0.00125000000493
589 0.00125000000486
5 0.00125000000483
4 0.00125000000484
7 0.00125000000486
233 0.00125000000483
596 0.00125000000487
792 0.00125000000489
591 0.00125000000494
590 0.00125000000484
371 0.0012500000049
188 0.00125000000485
370 0.00125000000496
189 0.00125000000482
794 0.00125000000481
757 0.0012500000049
756 0.00125000000482
755 0.00125000000495
754 0.00125000000485
753 0.00125000000486
752 0.00125000000488
751 0.0012500000049
750 0.00125000000491
759 0.00125000000486
758 0.00125000000486
240 0.00125000000491
490 0.00125000000489
237 0.00125000000487
229 0.00125000000494
249 0.00125000000481
121 0.00125000000488
706 0.00125000000488
126 0.00125000000485
538 0.00125000000488
707 0.00125000000493
128 0.00125000000482
536 0.00125000000488
260 0.00125000000488
245 0.00125000000486
243 0.00125000000491
478 0.00125000000484
242 0.00125000000484
472 0.00125000000485
473 0.00125000000484
470 0.00125000000485
471 0.00125000000487
476 0.00125000000482
477 0.00125000000498
474 0.00125000000487
475 0.00125000000479
247 0.00125000000482
244 0.00125000000489
246 0.00125000000488
225 0.00125000000484
379 0.00125000000486
271 0.00125000000489
272 0.00125000000486
273 0.00125000000485
274 0.00125000000487
275 0.00125000000489
276 0.00125000000486
277 0.00125000000485
278 0.00125000000493
279 0.00125000000485
373 0.00125000000487
372 0.0012500000049
375 0.00125000000484
374 0.00125000000484
377 0.00125000000486
376 0.00125000000489
669 0.00125000000481
179 0.00125000000487
178 0.00125000000478
177 0.0012500000048
176 0.00125000000486
175 0.00125000000486
174 0.00125000000489
173 0.00125000000486
172 0.00125000000491
171 0.00125000000486
170 0.00125000000484
573 0.00125000000488
572 0.00125000000485
571 0.00125000000489
570 0.00125000000487
577 0.00125000000485
576 0.00125000000482
575 0.00125000000486
446 0.00125000000485
579 0.00125000000486
578 0.00125000000489
113 0.00125000000484
112 0.00125000000488
443 0.00125000000485
574 0.00125000000491
114 0.00125000000485
652 0.00125000000488
653 0.00125000000491
719 0.00125000000484
651 0.00125000000493
656 0.00125000000486
309 0.00125000000489
654 0.00125000000491
655 0.00125000000481
304 0.00125000000478
305 0.00125000000498
658 0.0012500000049
307 0.00125000000491
717 0.00125000000488
716 0.00125000000487
302 0.00125000000482
714 0.00125000000483
206 0.00125000000486
763 0.00125000000485
780 0.00125000000486
781 0.00125000000487
782 0.00125000000488
783 0.00125000000487
784 0.00125000000493
785 0.00125000000488
786 0.00125000000487
787 0.00125000000484
788 0.00125000000485
789 0.00125000000493
111 0.00125000000485
55 0.00125000000487
15 0.00125000000489
397 0.00125000000481
396 0.00125000000484
395 0.00125000000488
394 0.00125000000486
393 0.00125000000484
392 0.00125000000489
391 0.00125000000484
390 0.00125000000485
399 0.00125000000482
398 0.00125000000482
407 0.00125000000489
680 0.00125000000483
291 0.0012500000049
779 0.00125000000492
297 0.00125000000488
650 0.00125000000488
778 0.00125000000488
718 0.00125000000483
362 0.00125000000487
308 0.00125000000486
306 0.00125000000488
657 0.0012500000049
133 0.00125000000486
132 0.00125000000492
131 0.0012500000049
509 0.00125000000483
137 0.00125000000486
136 0.00125000000481
135 0.00125000000489
134 0.00125000000486
502 0.00125000000484
503 0.00125000000481
139 0.00125000000486
501 0.00125000000496
506 0.00125000000483
507 0.00125000000486
504 0.0012500000048
505 0.00125000000487
713 0.00125000000486
363 0.00125000000481
592 0.00125000000485
712 0.00125000000484
711 0.00125000000487
659 0.00125000000485
48 0.00125000000482
49 0.00125000000483
46 0.00125000000485
47 0.00125000000483
44 0.00125000000481
45 0.00125000000483
42 0.00125000000486
43 0.00125000000485
40 0.00125000000483
41 0.00125000000486
692 0.00125000000485
715 0.0012500000048
438 0.0012500000049
439 0.00125000000485
436 0.00125000000487
437 0.00125000000484
434 0.00125000000488
303 0.00125000000486
432 0.00125000000485
433 0.0012500000049
430 0.00125000000488
431 0.0012500000049
340 0.00125000000485
617 0.00125000000482
342 0.00125000000483
343 0.00125000000489
344 0.00125000000489
345 0.00125000000486
346 0.00125000000479
347 0.00125000000493
348 0.00125000000493
349 0.00125000000484
618 0.00125000000485
619 0.00125000000492
186 0.0012500000049
187 0.00125000000478
184 0.00125000000485
185 0.00125000000484
182 0.00125000000483
183 0.00125000000481
180 0.00125000000495
228 0.00125000000486
227 0.0012500000049
226 0.00125000000486
597 0.00125000000489
224 0.00125000000489
223 0.00125000000491
222 0.00125000000485
221 0.00125000000488
220 0.00125000000487
9 0.00125000000488
8 0.00125000000491
300 0.00125000000483
629 0.00125000000492
39 0.00125000000487
38 0.00125000000484
33 0.00125000000487
32 0.00125000000483
31 0.00125000000487
30 0.00125000000482
37 0.00125000000489
36 0.0012500000049
35 0.00125000000486
34 0.00125000000484
301 0.0012500000048
585 0.00125000000485
88 0.00125000000493
762 0.00125000000488
234 0.00125000000485
760 0.00125000000484
761 0.00125000000483
766 0.00125000000486
767 0.00125000000491
764 0.00125000000486
765 0.00125000000489
768 0.00125000000488
769 0.0012500000048
236 0.00125000000492
292 0.00125000000485
293 0.00125000000483
290 0.00125000000483
2 0.0012500000048
296 0.00125000000493
368 0.00125000000488
294 0.00125000000488
295 0.00125000000487
230 0.00125000000488
298 0.0012500000049
299 0.00125000000486
238 0.00125000000488
231 0.00125000000487
366 0.00125000000489
232 0.00125000000483
367 0.0012500000049
624 0.00125000000489
80 0.00125000000487
81 0.00125000000487
86 0.00125000000484
239 0.00125000000488
87 0.00125000000494
360 0.00125000000492
361 0.00125000000485
353 0.00125000000489
352 0.00125000000481
151 0.00125000000484
529 0.0012500000049
622 0.00125000000485
153 0.00125000000483
259 0.00125000000484
161 0.00125000000487
524 0.00125000000487
525 0.0012500000048
254 0.00125000000487
263 0.00125000000488
262 0.00125000000492
261 0.00125000000483
255 0.00125000000485
267 0.00125000000481
266 0.00125000000488
265 0.00125000000486
264 0.00125000000484
159 0.00125000000494
269 0.00125000000491
268 0.00125000000478
253 0.00125000000486
498 0.00125000000482
499 0.00125000000489
148 0.00125000000491
149 0.00125000000484
522 0.00125000000484
142 0.00125000000486
491 0.00125000000482
140 0.00125000000486
141 0.00125000000484
494 0.00125000000487
495 0.00125000000481
496 0.00125000000487
497 0.00125000000487
77 0.00125000000489
76 0.00125000000486
75 0.00125000000485
74 0.00125000000486
73 0.00125000000482
72 0.00125000000485
71 0.00125000000483
70 0.00125000000489
79 0.00125000000482
78 0.00125000000486
465 0.00125000000493
464 0.00125000000484
467 0.00125000000493
466 0.00125000000484
461 0.00125000000485
460 0.00125000000487
548 0.00125000000485
462 0.00125000000486
546 0.00125000000486
547 0.00125000000483
544 0.00125000000481
545 0.00125000000493
542 0.00125000000482
468 0.00125000000486
540 0.00125000000487
541 0.00125000000482
726 0.00125000000482
727 0.00125000000489
724 0.00125000000491
725 0.00125000000484
722 0.00125000000482
723 0.00125000000489
720 0.00125000000483
721 0.00125000000488
728 0.00125000000486
729 0.00125000000486
649 0.00125000000488
648 0.00125000000483
319 0.0012500000049
318 0.00125000000487
317 0.00125000000482
644 0.00125000000489
315 0.00125000000488
646 0.00125000000492
313 0.00125000000489
312 0.00125000000489
311 0.0012500000049
310 0.00125000000489
689 0.00125000000491
688 0.00125000000481
793 0.00125000000483
454 0.00125000000493
791 0.00125000000481
790 0.00125000000486
797 0.00125000000489
796 0.00125000000489
795 0.0012500000049
455 0.00125000000493
564 0.00125000000495
799 0.00125000000483
798 0.00125000000486
492 0.00125000000486
104 0.00125000000481
18 0.00125000000488
457 0.0012500000049
158 0.00125000000491
102 0.00125000000488
451 0.00125000000489
681 0.00125000000487
452 0.0012500000049
569 0.00125000000487
453 0.00125000000485
683 0.00125000000483
735 0.00125000000483
682 0.00125000000496
685 0.00125000000484
537 0.00125000000486
10 0.00125000000489
687 0.00125000000489
12 0.00125000000494
559 0.00125000000489
411 0.00125000000487
458 0.00125000000485
459 0.00125000000487
108 0.00125000000483
109 0.00125000000485
106 0.00125000000486
107 0.00125000000487
456 0.00125000000486
105 0.00125000000486
450 0.00125000000487
103 0.00125000000483
100 0.00125000000487
101 0.00125000000488
551 0.00125000000488
550 0.00125000000481
708 0.00125000000485
709 0.00125000000485
429 0.00125000000484
428 0.00125000000486
421 0.00125000000485
420 0.00125000000486
423 0.0012500000049
422 0.00125000000485
425 0.00125000000489
424 0.0012500000049
427 0.00125000000489
426 0.0012500000048
95 0.00125000000481
94 0.00125000000487
351 0.00125000000487
96 0.00125000000481
357 0.00125000000478
356 0.00125000000483
93 0.00125000000483
92 0.00125000000497
609 0.00125000000493
608 0.00125000000485
359 0.00125000000488
358 0.00125000000489
99 0.00125000000491
98 0.00125000000487
191 0.00125000000485
190 0.00125000000484
218 0.0012500000048
192 0.00125000000483
195 0.00125000000493
194 0.00125000000483
197 0.0012500000049
196 0.00125000000485
199 0.0012500000049
213 0.00125000000485
210 0.00125000000485
211 0.00125000000486
216 0.00125000000487
217 0.00125000000488
214 0.0012500000049
215 0.001250000005
25 0.00125000000483
800 0.00125000000488
28 0.00125000000486
29 0.00125000000484
517 0.00125000000484
516 0.00125000000488
511 0.00125000000483
510 0.00125000000485
513 0.00125000000493
512 0.00125000000486
696 0.00125000000486
697 0.00125000000484
22 0.00125000000495
695 0.00125000000488
519 0.00125000000491
518 0.00125000000491
690 0.00125000000485
27 0.00125000000489
674 0.0012500000048
675 0.00125000000482
676 0.00125000000486
677 0.00125000000491
670 0.00125000000486
671 0.00125000000485
672 0.00125000000487
673 0.00125000000493
775 0.00125000000487
774 0.00125000000485
777 0.00125000000485
776 0.00125000000485
678 0.00125000000487
679 0.0012500000049
773 0.00125000000489
772 0.00125000000493
289 0.00125000000486
288 0.00125000000485
285 0.0012500000049
284 0.00125000000485
287 0.0012500000049
286 0.00125000000486
281 0.00125000000481
280 0.00125000000496
283 0.00125000000484
282 0.00125000000488
601 0.00125000000487
600 0.00125000000494
603 0.00125000000476
630 0.00125000000483
350 0.00125000000483
631 0.00125000000483
605 0.00125000000484
632 0.00125000000484
604 0.00125000000484
549 0.00125000000485
355 0.00125000000495
326 0.00125000000486
354 0.00125000000486
635 0.00125000000487
636 0.00125000000491
463 0.00125000000483
637 0.00125000000482
593 0.00125000000494
193 0.00125000000489
321 0.00125000000483
219 0.00125000000489
155 0.00125000000485
154 0.00125000000489
157 0.00125000000483
156 0.00125000000487
528 0.00125000000488
150 0.00125000000481
258 0.00125000000486
152 0.00125000000476
256 0.00125000000489
257 0.00125000000489
526 0.00125000000479
527 0.00125000000486
252 0.00125000000484
521 0.00125000000482
250 0.00125000000489
523 0.00125000000486
212 0.00125000000487
489 0.00125000000483
488 0.00125000000487
198 0.00125000000485
483 0.00125000000492
482 0.0012500000049
481 0.00125000000493
480 0.00125000000484
487 0.00125000000487
486 0.00125000000487
485 0.0012500000049
484 0.00125000000482
64 0.00125000000489
65 0.00125000000485
66 0.00125000000485
67 0.00125000000488
60 0.0012500000048
61 0.00125000000484
62 0.00125000000486
63 0.00125000000483
68 0.00125000000485
69 0.00125000000485
410 0.00125000000482
558 0.00125000000482
412 0.00125000000479
413 0.00125000000488
414 0.00125000000488
415 0.00125000000486
416 0.00125000000487
417 0.0012500000049
418 0.00125000000487
419 0.00125000000487
553 0.00125000000485
552 0.00125000000488
555 0.00125000000482
554 0.00125000000489
557 0.00125000000489
556 0.00125000000485
130 0.00125000000484
730 0.00125000000483
733 0.00125000000484
732 0.00125000000489
731 0.0012500000049
734 0.00125000000489
737 0.00125000000489
736 0.00125000000483
739 0.00125000000485
738 0.00125000000481
710 0.00125000000491
638 0.00125000000482
639 0.00125000000486
328 0.0012500000049
329 0.0012500000049
444 0.00125000000487
322 0.00125000000487
323 0.00125000000488
320 0.00125000000492
633 0.00125000000487
634 0.00125000000489
327 0.00125000000482
324 0.00125000000484
325 0.0012500000048
595 0.00125000000495
