142 0.000676589884982
143 0.000676589884806
140 0.000676589884887
141 0.000676589874935
146 0.00067658988468
658 0.000676589885047
147 0.000676589884719
942 0.000676589884784
943 0.000676589884393
940 0.000676589885047
946 0.000676589884979
947 0.000676589884347
944 0.000676589884667
945 0.000676589884985
948 0.000676589884986
949 0.000676589884652
1443 0.000676589884728
1442 0.000676589884843
1441 0.000676589884661
1440 0.000676589881774
1447 0.000676589884402
1194 0.000676589885018
1445 0.000676589884321
1444 0.000676589884469
88 0.000676589884593
89 0.000676589884897
368 0.000676589883854
369 0.000676589884462
82 0.000676589885021
83 0.00067658988306
80 0.000676589884877
81 0.000676589884468
362 0.000676589884511
87 0.00067658988501
84 0.000676589884991
85 0.000676589883859
168 0.000676589884978
169 0.000676589884521
164 0.00067658988476
165 0.000676589885063
166 0.00067658988503
167 0.000676589884501
160 0.000676589885029
161 0.000676589884889
162 0.000676589883076
163 0.00067658988416
560 0.000676589879605
561 0.000676589885075
562 0.000676589885065
563 0.000676589884877
564 0.00067658988508
565 0.000676589884896
566 0.000676589884969
567 0.00067658988442
568 0.000676589884806
569 0.000676589884596
708 0.000676589884859
709 0.000676589884461
700 0.000676589885014
701 0.000676589884918
702 0.000676589884816
703 0.000676589883504
704 0.000676589884652
705 0.000676589885004
706 0.000676589884956
707 0.000676589884867
384 0.000676589884673
385 0.000676589884313
386 0.000676589885064
387 0.000676589883912
380 0.000676589884964
381 0.000676589883866
382 0.000676589883456
383 0.000676589884976
1438 0.000676589884899
1439 0.000676589884812
388 0.000676589884813
389 0.000676589884999
317 0.000676589884989
316 0.000676589884697
315 0.000676589884616
314 0.000676589885005
313 0.000676589884939
312 0.000676589885096
1098 0.000676589883532
1099 0.000676589884212
1094 0.000676589884631
1095 0.000676589884215
1096 0.000676589884816
1097 0.000676589884752
1090 0.000676589885023
1091 0.000676589883898
1092 0.000676589884701
1093 0.000676589884923
1446 0.000676589884726
959 0.000676589885008
958 0.000676589884825
954 0.000676589884598
957 0.000676589884133
956 0.000676589885037
951 0.000676589884982
950 0.000676589884986
953 0.000676589884891
952 0.000676589884935
1389 0.000676589885033
379 0.000676589884546
378 0.000676589884512
371 0.000676589884976
370 0.000676589884984
373 0.000676589884878
372 0.000676589885089
375 0.000676589884711
374 0.000676589884757
377 0.000676589884713
376 0.000676589882696
179 0.000676589884973
178 0.000676589884487
177 0.000676589884339
176 0.000676589884874
175 0.000676589885018
174 0.000676589884977
173 0.000676589885086
172 0.00067658988462
171 0.000676589884589
170 0.000676589884476
1385 0.000676589885059
573 0.000676589884451
572 0.000676589884991
571 0.000676589884786
570 0.000676589884843
577 0.000676589885062
576 0.000676589884988
575 0.00067658988493
446 0.000676589884947
579 0.000676589884477
578 0.000676589883498
445 0.000676589884575
444 0.000676589885093
443 0.000676589884903
442 0.000676589884462
719 0.000676589885
718 0.000676589883951
117 0.000676589884841
713 0.000676589884759
712 0.000676589885064
711 0.000676589884867
116 0.000676589884935
717 0.000676589884927
716 0.000676589884307
715 0.000676589884929
714 0.00067658988472
1410 0.000676589884933
1411 0.000676589885073
1412 0.000676589884784
1413 0.000676589885059
1414 0.000676589884883
1415 0.000676589885086
1416 0.000676589885052
1399 0.00067658988504
1398 0.000676589884982
1397 0.000676589884248
1396 0.000676589885003
1395 0.0006765898817
1394 0.000676589885022
1393 0.000676589884569
1392 0.000676589883875
1391 0.000676589884952
1390 0.000676589885034
397 0.00067658988499
396 0.000676589885043
395 0.000676589884489
1159 0.000676589884966
392 0.000676589885101
391 0.000676589885011
390 0.000676589884716
1155 0.000676589884861
1154 0.000676589884888
1157 0.000676589885022
1156 0.000676589884927
1151 0.000676589884243
1150 0.000676589884953
399 0.000676589883501
398 0.000676589884959
1375 0.0006765898849
1374 0.000676589884753
1377 0.000676589884921
1376 0.000676589885022
1371 0.000676589884917
1370 0.000676589884703
1373 0.000676589884614
1372 0.000676589884892
1379 0.00067658988484
1378 0.000676589884465
818 0.000676589884992
819 0.000676589885049
814 0.00067658988341
815 0.000676589884155
816 0.000676589884398
817 0.000676589884113
810 0.000676589884306
811 0.000676589884981
813 0.000676589884022
928 0.000676589885042
929 0.000676589884977
367 0.000676589884736
920 0.000676589885025
921 0.000676589884729
922 0.000676589885044
923 0.000676589884814
924 0.00067658988436
364 0.000676589884322
926 0.000676589885034
927 0.000676589884728
365 0.000676589884785
86 0.000676589884911
363 0.000676589884401
360 0.000676589884651
361 0.000676589883369
498 0.000676589884407
499 0.000676589884915
148 0.000676589884081
149 0.000676589885053
490 0.000676589885065
491 0.000676589884894
492 0.000676589884747
493 0.000676589881465
494 0.000676589884667
495 0.000676589884906
496 0.000676589884152
497 0.00067658988507
548 0.000676589884792
549 0.000676589885032
546 0.000676589884985
547 0.000676589884781
544 0.000676589885096
545 0.00067658988493
542 0.000676589884835
543 0.000676589884906
540 0.000676589885056
541 0.000676589884858
726 0.000676589884532
727 0.000676589884808
724 0.000676589884666
725 0.000676589885036
722 0.000676589884915
723 0.000676589885015
720 0.000676589884885
721 0.000676589884898
728 0.000676589884072
729 0.000676589884204
1388 0.000676589883171
681 0.000676589884931
1380 0.000676589884526
1381 0.000676589884914
1382 0.000676589884585
1383 0.000676589884941
1384 0.000676589884856
683 0.000676589885026
1386 0.000676589884987
1387 0.000676589884855
1418 0.000676589884853
1419 0.000676589885083
682 0.000676589884971
1148 0.000676589884216
1149 0.000676589885039
1146 0.000676589884996
1147 0.000676589884688
1144 0.000676589884922
1145 0.000676589885054
1142 0.000676589884642
1143 0.000676589884753
1140 0.000676589884677
1141 0.000676589884731
687 0.000676589884697
686 0.000676589883508
1366 0.000676589884545
1367 0.000676589884943
1364 0.000676589877013
1365 0.000676589884804
1362 0.000676589884787
1363 0.000676589884287
1360 0.000676589884922
1361 0.000676589884066
1368 0.000676589883215
1369 0.000676589884155
1139 0.000676589884969
1138 0.000676589884879
809 0.000676589884969
808 0.000676589884589
807 0.000676589884921
806 0.000676589884918
805 0.000676589884933
804 0.000676589885015
803 0.000676589884978
802 0.000676589884966
801 0.000676589884468
800 0.000676589884561
1131 0.000676589884862
1130 0.000676589884524
939 0.000676589884997
938 0.000676589884971
933 0.000676589884801
932 0.000676589883398
931 0.000676589885004
930 0.000676589884909
937 0.000676589880418
936 0.000676589884941
935 0.000676589885012
934 0.000676589884023
155 0.000676589884919
154 0.00067658988499
157 0.000676589884483
156 0.000676589885049
151 0.000676589884636
150 0.000676589884585
153 0.000676589882436
152 0.000676589884655
159 0.000676589883617
158 0.000676589884316
489 0.000676589876985
488 0.000676589884665
483 0.000676589884831
482 0.000676589884956
481 0.00067658988492
480 0.000676589884795
487 0.000676589884952
486 0.000676589885006
485 0.000676589885067
484 0.000676589884934
327 0.000676589884973
559 0.000676589885019
558 0.000676589883931
551 0.000676589884414
550 0.000676589884261
553 0.000676589884815
552 0.000676589885018
555 0.000676589885051
554 0.000676589884536
557 0.000676589884113
556 0.000676589884212
731 0.000676589869123
730 0.000676589884549
733 0.000676589884938
732 0.000676589885022
735 0.000676589884652
734 0.000676589883533
737 0.000676589884945
736 0.000676589884862
739 0.000676589883665
738 0.000676589885061
1179 0.000676589882521
1178 0.000676589885008
1173 0.000676589885073
1172 0.000676589884988
1171 0.000676589885076
1170 0.000676589884899
1177 0.000676589884589
1176 0.000676589885012
1175 0.00067658988473
1174 0.000676589884847
1432 0.00067658988454
1433 0.000676589885056
1430 0.000676589884757
1281 0.000676589884438
1280 0.000676589884513
1283 0.000676589884765
1282 0.000676589884799
1285 0.000676589884856
1284 0.000676589884363
1287 0.000676589884905
1286 0.000676589884817
1289 0.000676589885061
1437 0.000676589884625
1434 0.000676589884967
1435 0.000676589884831
1353 0.000676589885019
1352 0.00067658988485
1351 0.000676589884971
1350 0.000676589884722
1357 0.000676589883558
1356 0.000676589884377
1355 0.000676589882966
1354 0.000676589884961
1359 0.000676589884648
1358 0.000676589884466
838 0.000676589885067
839 0.000676589882499
832 0.00067658988476
833 0.00067658988427
830 0.000676589884584
831 0.000676589884617
836 0.00067658988499
837 0.000676589884982
834 0.000676589884286
835 0.000676589884593
906 0.000676589885053
907 0.000676589885069
904 0.000676589884901
905 0.000676589884146
902 0.000676589885019
903 0.000676589884611
900 0.000676589885036
901 0.000676589884604
908 0.000676589884343
909 0.000676589885001
340 0.000676589884896
341 0.000676589884967
342 0.00067658988494
343 0.000676589884891
344 0.000676589884845
345 0.000676589884779
346 0.000676589885034
347 0.000676589884971
120 0.000676589884209
121 0.000676589884686
122 0.000676589884953
123 0.00067658988484
124 0.000676589884746
125 0.000676589885023
126 0.000676589884635
127 0.000676589884812
128 0.00067658988435
129 0.000676589884926
582 0.00067658988476
583 0.000676589884957
580 0.000676589885007
581 0.000676589884484
586 0.000676589884789
239 0.000676589884019
584 0.000676589884973
585 0.000676589884968
234 0.000676589884985
235 0.000676589884727
588 0.000676589884917
589 0.000676589884871
230 0.000676589884679
231 0.0006765898842
232 0.000676589884986
233 0.000676589885037
224 0.000676589884786
223 0.000676589884919
222 0.000676589884843
144 0.000676589884896
593 0.000676589884929
311 0.000676589884589
220 0.000676589883419
1164 0.000676589884883
1165 0.000676589884042
145 0.000676589884917
1167 0.000676589885065
310 0.000676589884721
1161 0.000676589885039
1162 0.000676589884661
1163 0.000676589885006
1168 0.000676589884887
1169 0.00067658988462
1292 0.000676589885022
1293 0.000676589884833
1290 0.000676589885003
1291 0.000676589884897
1296 0.000676589884826
1297 0.000676589884996
1294 0.00067658988499
1295 0.00067658988471
1298 0.000676589884666
1299 0.000676589884986
1348 0.000676589884921
1349 0.000676589884801
1344 0.000676589885043
1345 0.000676589884772
1346 0.000676589884628
1347 0.000676589884914
1340 0.000676589884842
1341 0.000676589884894
1342 0.000676589885008
1343 0.000676589885007
825 0.000676589884981
824 0.00067658988503
827 0.000676589884389
826 0.000676589885046
821 0.000676589884821
820 0.000676589884916
823 0.000676589884913
822 0.000676589884854
829 0.000676589884447
828 0.000676589883345
911 0.000676589884925
910 0.000676589884617
913 0.000676589884701
912 0.000676589884474
915 0.000676589884934
914 0.000676589884642
917 0.000676589885053
916 0.00067658988499
919 0.000676589884862
918 0.000676589884859
1052 0.000676589885006
769 0.000676589885084
1055 0.00067658988472
133 0.000676589885049
132 0.000676589884606
131 0.000676589885103
130 0.000676589884898
137 0.000676589885032
136 0.000676589884994
135 0.000676589884973
134 0.000676589885065
139 0.000676589885028
138 0.000676589884681
685 0.000676589884978
684 0.000676589885002
599 0.000676589885014
598 0.000676589884918
229 0.000676589884393
228 0.000676589884991
227 0.000676589879669
226 0.000676589884967
225 0.000676589884961
596 0.000676589884611
591 0.000676589884938
590 0.000676589884916
221 0.000676589885036
592 0.000676589884825
39 0.000676589884967
38 0.000676589884882
33 0.000676589884785
32 0.000676589883799
31 0.000676589885047
30 0.000676589884929
37 0.000676589885034
36 0.000676589884496
35 0.00067658988485
34 0.000676589883118
1111 0.000676589884881
1110 0.00067658988503
1113 0.000676589884389
1112 0.000676589884325
1115 0.000676589884369
1114 0.000676589884918
1117 0.000676589884298
1116 0.000676589885008
1119 0.000676589884632
1118 0.000676589883887
1029 0.000676589885034
1028 0.00067658988443
1025 0.000676589884285
1024 0.000676589884857
1027 0.000676589885046
1026 0.000676589884744
1021 0.000676589885047
1020 0.000676589885062
1023 0.000676589884704
1022 0.000676589884937
1068 0.0006765898849
1339 0.00067658988492
1338 0.000676589884966
257 0.000676589884451
1331 0.000676589884573
1330 0.000676589885042
1333 0.00067658988503
1332 0.000676589884714
1335 0.000676589883807
1334 0.000676589883782
1337 0.000676589884796
1336 0.000676589884918
255 0.000676589884928
252 0.000676589884426
253 0.000676589884567
850 0.000676589884714
851 0.000676589884921
852 0.000676589883543
853 0.000676589885054
854 0.000676589884741
250 0.000676589884896
856 0.000676589884954
857 0.000676589884714
858 0.000676589884634
859 0.000676589884961
251 0.000676589884903
1245 0.000676589883845
1244 0.000676589885071
1247 0.000676589885017
1246 0.000676589884862
1241 0.000676589884793
1240 0.000676589869055
1243 0.00067658988482
1242 0.00067658988487
1249 0.000676589885047
1248 0.000676589874349
237 0.00067658988463
353 0.00067658988447
537 0.000676589885056
459 0.000676589884242
108 0.000676589884279
109 0.000676589884906
454 0.000676589884535
455 0.000676589884151
456 0.000676589884209
457 0.000676589884689
450 0.000676589885033
451 0.00067658988436
452 0.000676589884268
218 0.000676589884622
219 0.000676589884785
212 0.000676589884432
213 0.000676589884526
210 0.000676589883882
211 0.000676589884886
216 0.000676589884539
217 0.000676589885017
214 0.000676589885066
215 0.000676589884985
28 0.000676589884668
29 0.000676589884427
698 0.000676589884999
699 0.000676589884999
696 0.000676589883862
697 0.00067658988468
694 0.00067658988353
695 0.000676589884704
692 0.000676589884678
693 0.000676589884954
690 0.000676589884732
691 0.000676589885079
1102 0.000676589884781
1103 0.000676589884644
1100 0.000676589884717
1101 0.000676589885047
1106 0.000676589884925
1107 0.000676589884965
672 0.000676589884275
1105 0.000676589885021
1108 0.000676589884619
1109 0.000676589885049
678 0.000676589884837
679 0.000676589883242
322 0.000676589884428
323 0.000676589884635
320 0.00067658988487
321 0.000676589884856
1038 0.00067658988497
1039 0.000676589885053
1036 0.000676589884454
1037 0.00067658988504
1034 0.000676589885031
1035 0.000676589885006
1032 0.000676589884864
1033 0.000676589884436
1030 0.000676589884437
1031 0.000676589885021
324 0.000676589884633
325 0.000676589884828
1328 0.000676589883995
1329 0.000676589884926
1322 0.000676589884736
1323 0.000676589885049
447 0.000676589884995
1321 0.00067658988509
1326 0.000676589884681
1327 0.000676589884198
1324 0.000676589884884
1325 0.000676589884562
843 0.000676589884889
842 0.000676589885039
841 0.000676589884526
840 0.000676589884951
847 0.000676589884691
846 0.000676589884929
845 0.000676589885036
844 0.00067658988428
849 0.000676589884915
848 0.000676589883846
1256 0.00067658988466
1257 0.000676589884848
1254 0.0006765898823
1255 0.000676589884182
1252 0.00067658988441
1253 0.000676589883581
1250 0.000676589884813
1251 0.000676589884709
1258 0.000676589884776
1259 0.000676589884256
855 0.000676589883635
1072 0.000676589885055
1073 0.000676589884885
1070 0.000676589885012
1071 0.000676589884537
1076 0.000676589884274
1077 0.000676589884822
119 0.000676589883311
118 0.000676589884915
1074 0.000676589884848
449 0.000676589884935
448 0.000676589884682
111 0.000676589884997
110 0.000676589884935
113 0.000676589884848
112 0.000676589885068
115 0.000676589885019
114 0.000676589885009
441 0.000676589884682
440 0.000676589885043
205 0.000676589884843
204 0.0006765898849
207 0.00067658988455
206 0.000676589884799
201 0.000676589884936
200 0.000676589884663
203 0.000676589884893
202 0.000676589884947
209 0.000676589884967
208 0.000676589884897
689 0.000676589885052
688 0.000676589884846
19 0.000676589884064
18 0.000676589883078
15 0.000676589884394
14 0.000676589884619
17 0.000676589884504
16 0.000676589884728
11 0.00067658988505
10 0.000676589884861
13 0.000676589885031
12 0.000676589884853
667 0.000676589884623
666 0.000676589884403
665 0.000676589884769
664 0.00067658988427
663 0.000676589884072
662 0.000676589884244
661 0.000676589884577
660 0.000676589884761
1137 0.000676589884856
1136 0.000676589884812
1135 0.000676589885034
1134 0.000676589885
1133 0.000676589884905
1132 0.000676589884745
669 0.000676589884854
668 0.00067658988486
1009 0.000676589885024
1008 0.00067658988496
1003 0.000676589883977
1002 0.000676589885073
1001 0.000676589884898
1000 0.000676589884909
1007 0.00067658988503
1006 0.000676589885018
1005 0.000676589885036
1004 0.00067658988465
458 0.000676589884426
1317 0.000676589884224
1316 0.000676589885025
1315 0.000676589884843
1314 0.000676589884898
1313 0.000676589884595
1312 0.000676589884452
1311 0.000676589884476
1310 0.000676589885013
1319 0.000676589884978
1318 0.000676589884365
1487 0.000676589884458
1486 0.000676589880431
1485 0.00067658988509
1484 0.000676589885017
1483 0.00067658988508
1482 0.000676589884839
1481 0.000676589883966
1480 0.000676589884911
1489 0.000676589884959
1488 0.000676589884978
878 0.000676589885097
879 0.000676589884665
876 0.000676589884579
877 0.000676589885044
874 0.000676589884665
875 0.000676589884842
872 0.000676589884761
873 0.000676589884649
870 0.000676589884818
871 0.00067658988491
1263 0.000676589883854
1262 0.000676589884981
1261 0.000676589885047
1260 0.000676589884846
1267 0.00067658988505
1266 0.000676589883507
1265 0.000676589885075
1264 0.000676589884872
1269 0.000676589884488
1268 0.000676589884363
9 0.000676589884776
8 0.000676589884853
1 0.000676589885059
3 0.000676589884141
2 0.000676589884918
5 0.000676589885007
4 0.000676589884744
7 0.000676589884115
6 0.000676589885015
894 0.00067658988469
895 0.000676589884788
896 0.000676589884095
897 0.000676589884951
890 0.000676589885005
891 0.000676589884623
892 0.000676589884918
893 0.000676589885003
898 0.00067658988502
899 0.000676589884587
478 0.000676589884942
479 0.00067658988475
472 0.000676589885025
473 0.000676589884987
470 0.000676589884735
471 0.0006765898846
476 0.000676589881777
477 0.000676589884955
474 0.000676589883925
475 0.000676589885048
1475 0.000676589884973
270 0.000676589884737
271 0.000676589884983
272 0.00067658988356
273 0.00067658988443
274 0.000676589885047
275 0.000676589884294
276 0.00067658988504
277 0.000676589885046
278 0.000676589884622
279 0.000676589884909
574 0.000676589882918
652 0.000676589885029
653 0.000676589884345
650 0.000676589883968
651 0.000676589884918
308 0.00067658988334
309 0.000676589885022
654 0.000676589878569
655 0.000676589884283
304 0.000676589884981
305 0.000676589884269
306 0.000676589884825
307 0.000676589884953
1124 0.00067658988493
1125 0.000676589884906
302 0.00067658988394
303 0.000676589884743
780 0.000676589884905
781 0.000676589884592
782 0.000676589885
783 0.000676589884505
784 0.000676589882485
785 0.000676589883892
786 0.000676589881862
787 0.000676589884997
788 0.000676589885002
789 0.000676589884828
1014 0.000676589885002
1015 0.000676589885009
1016 0.000676589884876
1017 0.000676589884932
1010 0.000676589884471
1011 0.000676589884977
1012 0.000676589884774
1013 0.000676589884549
1018 0.000676589885071
1019 0.000676589884209
1300 0.000676589883537
1128 0.000676589884052
1302 0.000676589881202
1303 0.00067658988499
1304 0.000676589884884
1305 0.00067658988493
1306 0.00067658988481
1129 0.000676589884792
1309 0.000676589883858
1490 0.000676589883764
1491 0.00067658988496
1492 0.000676589884879
1493 0.000676589885001
1494 0.000676589885014
1495 0.000676589884908
1496 0.000676589884875
1497 0.000676589884833
1498 0.000676589884773
656 0.000676589884846
657 0.000676589885038
869 0.000676589884541
868 0.000676589884069
1121 0.000676589885071
861 0.000676589884862
860 0.000676589884799
863 0.000676589885101
862 0.000676589883689
865 0.000676589884414
864 0.000676589884979
867 0.000676589884844
866 0.000676589884554
659 0.000676589883748
300 0.00067658988449
301 0.000676589884874
1278 0.000676589884926
1126 0.000676589884798
1417 0.000676589884724
1274 0.000676589884954
1275 0.000676589884886
1127 0.000676589883804
1270 0.000676589884642
1271 0.000676589884506
1272 0.000676589884951
1273 0.000676589885028
887 0.000676589882697
886 0.000676589884904
885 0.000676589884792
884 0.000676589884701
883 0.000676589884943
882 0.000676589881326
881 0.000676589884778
880 0.000676589884867
889 0.000676589885082
888 0.000676589884994
1058 0.00067658988468
263 0.000676589884393
262 0.000676589885004
261 0.000676589885048
260 0.000676589884569
267 0.000676589884729
266 0.000676589884866
265 0.000676589884825
264 0.000676589885061
269 0.000676589884719
268 0.000676589885024
77 0.000676589884797
76 0.000676589885091
75 0.000676589883902
74 0.000676589884661
73 0.000676589885073
72 0.00067658988509
71 0.000676589884755
70 0.000676589884473
79 0.000676589883853
78 0.00067658988497
465 0.000676589883994
464 0.000676589884708
467 0.000676589884903
466 0.000676589884862
461 0.000676589884642
460 0.000676589884651
463 0.000676589884976
462 0.000676589884461
469 0.000676589884773
468 0.000676589884728
649 0.000676589884576
648 0.00067658988501
319 0.000676589883418
318 0.000676589884831
645 0.000676589884847
644 0.000676589884691
647 0.000676589885004
646 0.000676589884766
641 0.000676589884878
640 0.000676589884389
643 0.000676589884803
642 0.000676589884916
793 0.000676589884736
792 0.000676589882345
791 0.000676589884872
790 0.000676589884885
797 0.000676589884649
796 0.000676589884726
795 0.000676589884597
794 0.000676589884446
798 0.000676589884521
104 0.000676589884855
105 0.000676589884999
102 0.000676589884729
103 0.000676589885016
1061 0.000676589884885
1060 0.000676589884897
1063 0.000676589884468
1062 0.00067658988503
1065 0.000676589884956
1064 0.000676589884914
1067 0.000676589885017
1066 0.000676589883865
1069 0.000676589885062
393 0.000676589884859
101 0.000676589884874
1158 0.000676589884895
1409 0.000676589884947
1408 0.000676589884888
1407 0.000676589884037
1406 0.000676589884743
1405 0.000676589885053
1404 0.000676589884618
1403 0.000676589885052
1402 0.000676589884785
1152 0.000676589884998
1469 0.000676589884442
1468 0.000676589885014
1465 0.000676589884833
1464 0.000676589885098
1467 0.000676589884931
1466 0.000676589884979
1461 0.000676589883114
1460 0.000676589885047
1463 0.000676589884083
1462 0.000676589885003
1209 0.000676589885016
1208 0.000676589883033
1201 0.000676589884709
1200 0.00067658988502
1203 0.000676589884876
1202 0.000676589884387
1205 0.000676589884897
1204 0.000676589884674
1207 0.000676589884546
1401 0.000676589853235
1400 0.000676589884413
1120 0.000676589885086
95 0.000676589884956
94 0.000676589884284
97 0.000676589884609
96 0.000676589883428
91 0.000676589884861
90 0.000676589885008
93 0.000676589885045
92 0.00067658988481
1122 0.000676589884649
1301 0.000676589884976
1123 0.00067658988466
1307 0.000676589884931
528 0.000676589884905
529 0.000676589885075
258 0.000676589884912
259 0.000676589884985
524 0.000676589880949
525 0.000676589884933
526 0.000676589884956
527 0.000676589884494
520 0.000676589884934
521 0.000676589885068
522 0.000676589884649
523 0.000676589883939
326 0.000676589883326
64 0.000676589884511
65 0.000676589883582
66 0.00067658987969
67 0.00067658988489
60 0.000676589884712
61 0.000676589884999
62 0.000676589882685
63 0.000676589884756
1431 0.000676589884996
68 0.000676589885109
69 0.000676589884914
410 0.00067658988484
411 0.000676589884653
412 0.000676589884891
413 0.000676589884855
414 0.000676589883697
415 0.000676589885033
416 0.000676589884988
418 0.000676589883591
419 0.000676589884469
1436 0.000676589885017
710 0.000676589884952
638 0.000676589884564
639 0.000676589884837
328 0.000676589884841
329 0.000676589884462
1499 0.000676589884841
630 0.000676589884841
631 0.000676589881762
632 0.000676589884985
633 0.00067658988501
634 0.000676589884532
635 0.000676589884069
636 0.000676589884615
637 0.00067658988446
744 0.000676589882682
745 0.00067658988359
746 0.00067658988504
747 0.000676589884607
740 0.000676589883252
741 0.000676589884948
742 0.000676589884868
743 0.000676589880985
1078 0.000676589884379
1079 0.000676589884539
748 0.000676589884967
749 0.000676589885026
20 0.000676589884898
21 0.000676589884653
22 0.000676589883175
23 0.000676589884774
24 0.000676589883023
25 0.000676589884373
26 0.000676589885084
1478 0.000676589885047
1479 0.000676589884849
1476 0.000676589885047
1477 0.000676589884972
1474 0.00067658988467
27 0.00067658988478
1472 0.00067658988485
1473 0.000676589884965
1470 0.000676589884547
1471 0.000676589885066
1218 0.000676589884538
1219 0.000676589884878
1212 0.000676589884816
1213 0.000676589884735
1210 0.000676589884587
1211 0.000676589884586
1216 0.000676589881001
1217 0.000676589881801
1214 0.000676589884742
1215 0.000676589881817
674 0.000676589884639
675 0.000676589884955
676 0.000676589884492
677 0.00067658988493
1500 0.000676589884995
670 0.000676589885049
671 0.000676589885027
1104 0.000676589884861
673 0.000676589884961
1279 0.000676589882952
1277 0.000676589884615
249 0.000676589884593
248 0.000676589884927
539 0.000676589884543
538 0.000676589884885
241 0.00067658988499
240 0.000676589885042
243 0.000676589884297
242 0.000676589884963
245 0.000676589885005
244 0.000676589853647
247 0.000676589884459
246 0.000676589885028
59 0.000676589884024
58 0.000676589879611
51 0.000676589885
50 0.000676589884872
53 0.000676589884962
52 0.000676589884778
55 0.000676589884872
54 0.000676589884349
57 0.000676589884238
56 0.000676589884973
403 0.00067658988502
402 0.000676589884989
401 0.000676589884896
407 0.000676589884471
406 0.000676589884694
405 0.000676589884584
404 0.000676589884499
409 0.00067658988487
408 0.000676589884886
335 0.000676589884899
334 0.000676589884423
337 0.000676589884986
336 0.000676589884582
331 0.000676589885008
330 0.000676589882817
333 0.000676589884278
332 0.000676589884977
339 0.000676589884625
338 0.000676589884651
629 0.000676589884878
628 0.000676589884849
623 0.00067658988476
622 0.000676589885089
621 0.000676589884838
620 0.000676589885003
627 0.000676589884858
626 0.000676589885034
625 0.000676589884709
624 0.000676589884695
757 0.000676589884883
756 0.000676589884871
755 0.00067658988503
754 0.000676589884488
753 0.000676589885041
752 0.000676589884915
751 0.000676589884656
750 0.000676589883501
1047 0.000676589885026
1046 0.000676589885038
1045 0.000676589884801
1044 0.000676589884623
1043 0.000676589884443
1042 0.000676589884986
759 0.000676589884959
758 0.000676589884474
1075 0.000676589884429
1199 0.000676589884192
1198 0.000676589884977
1449 0.000676589885037
1448 0.000676589884856
536 0.000676589884626
1191 0.000676589885039
1190 0.000676589884309
1193 0.000676589884737
1192 0.000676589884561
1195 0.00067658988499
535 0.000676589884129
1197 0.000676589884865
1196 0.00067658988486
534 0.000676589884907
533 0.000676589883379
532 0.00067658988488
531 0.000676589884435
530 0.000676589885023
1227 0.000676589884656
1226 0.000676589884812
1225 0.000676589884672
1224 0.000676589884977
1223 0.000676589884868
1222 0.000676589884846
1221 0.000676589884662
1220 0.000676589884752
1229 0.000676589884479
1228 0.000676589885027
988 0.000676589884917
989 0.000676589884606
986 0.000676589885035
987 0.000676589884243
984 0.000676589884599
985 0.000676589884683
982 0.00067658988351
983 0.000676589885035
980 0.000676589883955
981 0.000676589884942
366 0.000676589884976
964 0.000676589884905
965 0.000676589884994
966 0.000676589884934
967 0.00067658988476
960 0.000676589885086
961 0.00067658988381
962 0.000676589884914
963 0.000676589885055
968 0.000676589884986
969 0.000676589884761
508 0.000676589885088
509 0.00067658988364
502 0.000676589883934
503 0.000676589884759
500 0.000676589884809
501 0.000676589884918
506 0.00067658988454
507 0.000676589884828
504 0.00067658988478
505 0.000676589884507
48 0.000676589884511
49 0.000676589883924
46 0.00067658988421
47 0.000676589884823
44 0.000676589884093
45 0.000676589885094
42 0.00067658988497
43 0.000676589885057
40 0.000676589884762
41 0.000676589884676
438 0.000676589885053
439 0.000676589885022
436 0.000676589884647
437 0.000676589884636
434 0.000676589885081
435 0.000676589884955
432 0.000676589884754
433 0.00067658988505
430 0.00067658988317
431 0.000676589881818
616 0.000676589884828
617 0.000676589884615
614 0.000676589885037
615 0.000676589885052
612 0.000676589884624
613 0.00067658988502
610 0.000676589884638
611 0.000676589884303
348 0.000676589884662
349 0.000676589884754
618 0.000676589885001
619 0.000676589884584
186 0.000676589885058
187 0.000676589884837
184 0.000676589884817
182 0.000676589884171
183 0.000676589884566
180 0.000676589882975
181 0.000676589884833
188 0.000676589884295
189 0.000676589883474
925 0.000676589884611
238 0.000676589884914
587 0.000676589885011
762 0.000676589884985
763 0.000676589884885
760 0.000676589884958
761 0.000676589884847
767 0.000676589885054
764 0.000676589884735
765 0.000676589885049
1050 0.00067658988437
1051 0.000676589882479
768 0.000676589884961
1053 0.00067658988492
1054 0.000676589884667
236 0.000676589884734
1056 0.000676589885018
1057 0.000676589885008
292 0.000676589884962
293 0.000676589884988
290 0.000676589885035
291 0.000676589884324
296 0.000676589884804
297 0.00067658988504
294 0.000676589884677
295 0.000676589884939
298 0.000676589884224
299 0.000676589884647
256 0.000676589885041
1320 0.000676589884152
1454 0.000676589884685
1455 0.000676589881232
1456 0.000676589884694
1457 0.000676589885003
1450 0.000676589883945
1452 0.000676589884626
1453 0.000676589884999
1458 0.000676589884852
1459 0.00067658988507
254 0.000676589884726
1188 0.000676589884759
1189 0.000676589884698
1182 0.000676589884166
1183 0.000676589884277
1180 0.000676589884427
1181 0.000676589884845
1186 0.000676589884872
1187 0.000676589884671
1184 0.0006765898849
1185 0.000676589884928
352 0.000676589885036
1230 0.000676589884861
1231 0.000676589884852
1232 0.000676589884772
1233 0.000676589884962
1234 0.000676589884424
1235 0.000676589884999
1236 0.000676589884757
1237 0.000676589884422
1238 0.00067658988431
1239 0.000676589884661
351 0.000676589884981
999 0.000676589884402
998 0.000676589884758
350 0.000676589885048
991 0.000676589884696
990 0.000676589885061
993 0.00067658988492
992 0.000676589884813
995 0.000676589883963
994 0.00067658988468
997 0.000676589884152
996 0.000676589884749
357 0.000676589884514
356 0.000676589885004
355 0.000676589884433
354 0.00067658988441
106 0.000676589883279
1166 0.000676589884972
977 0.000676589884985
976 0.00067658988492
975 0.000676589885001
974 0.000676589885037
973 0.000676589884924
972 0.000676589884767
971 0.000676589884966
970 0.000676589884381
1160 0.000676589884672
979 0.000676589884712
978 0.000676589885059
1049 0.000676589885059
107 0.000676589884787
1048 0.000676589873967
1040 0.000676589884906
429 0.000676589885045
428 0.00067658988505
421 0.000676589884871
420 0.00067658988504
423 0.000676589885037
422 0.000676589883979
425 0.000676589884231
424 0.000676589882499
427 0.000676589881852
426 0.000676589884243
601 0.000676589884577
600 0.000676589884767
603 0.00067658988438
602 0.000676589884559
605 0.000676589884719
604 0.000676589884715
607 0.000676589883738
606 0.000676589885025
608 0.000676589884728
359 0.00067658988449
358 0.000676589885129
99 0.000676589883832
98 0.000676589884598
191 0.000676589884222
190 0.000676589884862
193 0.000676589884859
192 0.000676589884891
195 0.000676589883746
194 0.00067658988453
197 0.000676589883987
196 0.000676589884745
199 0.00067658988463
198 0.000676589884793
100 0.000676589885035
515 0.000676589884491
514 0.000676589885074
517 0.000676589884979
516 0.000676589884772
511 0.000676589884739
510 0.000676589885014
513 0.000676589884881
512 0.000676589884927
595 0.000676589884743
519 0.000676589884961
779 0.000676589884825
778 0.000676589883456
594 0.000676589884739
775 0.00067658988498
774 0.000676589884959
777 0.000676589884923
776 0.000676589885009
771 0.00067658988495
773 0.000676589884893
772 0.000676589884873
289 0.000676589884979
288 0.000676589884998
285 0.000676589884925
284 0.00067658988458
287 0.000676589884248
286 0.000676589884151
281 0.000676589884159
280 0.000676589884394
283 0.00067658988476
282 0.000676589884568
597 0.000676589884201
1421 0.000676589884823
1420 0.000676589884673
1423 0.000676589884781
1422 0.000676589884918
1425 0.000676589884793
1424 0.00067658988496
1427 0.000676589884886
1426 0.000676589884742
1429 0.00067658988431
1428 0.000676589884898
1083 0.000676589882903
1082 0.000676589884603
1081 0.000676589884654
1080 0.000676589884661
1087 0.000676589885059
1086 0.000676589884779
1085 0.000676589884912
1084 0.000676589882777
1089 0.000676589884993
1088 0.000676589884824
