8897 0.00680272039511
5409 0.0068027206125
5400 0.00680272058896
5388 0.00680272061577
6659 0.00680272039143
8210 0.00680272063293
13237 0.00680272053169
2818 0.00680272062845
6461 0.00680272063665
5462 0.00680272061393
5466 0.00680272060632
9019 0.00680272055432
9013 0.00680272061539
5611 0.00680272061706
5615 0.00680272048171
5399 0.00680272056373
3265 0.00680272062209
8785 0.00680272056518
8251 0.00680272060891
5583 0.00680272060679
5631 0.00680272055121
12859 0.00680272061727
2856 0.0068027205752
8406 0.00680272058182
8272 0.00680272047725
9057 0.0068027206308
5669 0.00680272061649
2871 0.00680272059356
6830 0.00680272062762
5549 0.00680272030847
8297 0.0068027206081
4000 0.00680272054326
3209 0.00680272055444
13127 0.00680272062065
13129 0.00680272062359
15385 0.00680272051163
2611 0.00680272057314
3561 0.0068027204856
517 0.00680272033221
8709 0.00680272062844
6705 0.00680272060178
702 0.0068027206173
7176 0.0068027206101
5089 0.00680272047267
8397 0.00680272055244
3549 0.00680272060692
6067 0.00680272026696
6727 0.00680272039189
6728 0.00680272062079
8379 0.00680272058894
9132 0.00680272055408
8743 0.00680272060337
2686 0.00680272060964
1755 0.00680272059719
8472 0.00680272062174
1 0.00680272048766
8477 0.00680272057952
3333 0.00680272062185
5496 0.00680272062473
786 0.00680272054728
8553 0.00680272053751
5519 0.00680271913979
1273 0.00680272062252
8319 0.00680272035626
9191 0.00680272061732
9193 0.0068027206135
11341 0.00680272038116
8840 0.00680272060298
13285 0.0068027206235
12621 0.00680272062314
7473 0.0068027205842
8608 0.00680272060078
12606 0.0068027206162
15371 0.0068027195041
5430 0.00680272062648
5390 0.00680272061794
6667 0.00680272062825
8881 0.00680272052986
5417 0.00680272061512
5413 0.00680272060553
5419 0.00680272061468
1140 0.00680272060282
8209 0.00680272059034
5604 0.00680272062024
5607 0.00680272062476
1290 0.00680272052403
1299 0.00680272058365
12781 0.00680272060586
3292 0.00680272063213
8220 0.00680272063418
5590 0.00680272060838
5594 0.00680272061095
5597 0.00680272061842
5621 0.00680272050268
5459 0.00680272062699
1103 0.00680272059711
5539 0.00680272023931
12868 0.00680272055572
15879 0.00680272060381
5551 0.00680272056245
8918 0.00680272062942
2647 0.00680272059792
5378 0.00680272062215
8068 0.00680272047365
5571 0.00680272057478
8938 0.00680272062137
15441 0.00680272040157
12390 0.00680272038968
12394 0.00680272053131
8737 0.00680272043086
5511 0.00680272058329
8954 0.00680272055895
13646 0.00680272062308
8560 0.00680272034493
6847 0.00680272061258
65000 0.00680272057997
12573 0.00680272060656
9109 0.00680272062896
1136 0.0068027204066
6735 0.0068027205904
6730 0.00680272062802
8196 0.00680272056124
2110 0.00680272057458
6754 0.00680272037756
6805 0.00680272061822
2914 0.00680272058834
2917 0.00680272056577
4513 0.00680272063488
6774 0.00680272060998
3303 0.00680272062083
3300 0.00680272042613
6779 0.00680272059578
8650 0.00680272024751
12909 0.0068027205703
3320 0.00680272058808
13197 0.00680272061121
1200 0.00680272061558
8582 0.00680272062861
8586 0.00680272062883
8851 0.00680272057936
9189 0.00680272023914
2529 0.00680272059607
3344 0.00680272043459
3257 0.00680272063261
12634 0.0068027205054
8426 0.00680272054728
286 0.00680272058311
