5696 0.0238095236339
6172 0.0238095236136
3951 0.0238095236135
1673 0.0238095236699
568 0.0238095232936
668 0.0238095235978
4000 0.0238095230114
4006 0.02380952361
2685 0.0238095235663
3491 0.0238095228215
2551 0.0238095236337
1 0.0238095236707
4565 0.0238095236237
3549 0.0238095231924
3932 0.0238095078524
174 0.0238095236384
5000 0.0238095203751
6113 0.0238095236249
4200 0.0238095235935
293 0.0238095236815
297 0.0238095236424
5413 0.0238095236073
7018 0.0238095236423
3847 0.0238095236486
1239 0.0238095236718
1800 0.0238095236461
2914 0.0238095236853
2041 0.0238095236025
2828 0.0238095236659
4544 0.0238095235219
3561 0.0238095236702
2548 0.0238095236547
3967 0.0238095236657
2497 0.0238095236715
701 0.023809523668
6461 0.0238095236278
5646 0.0238095230873
286 0.0238095236897
1740 0.0238095236853
1746 0.0238095236293
3356 0.0238095236276
6453 0.0238095231734
