999 0.00102774917751
716 0.00102774918189
864 0.00102774918207
508 0.00102774918137
628 0.00102774918021
490 0.001027749179
746 0.00102774918126
509 0.00102774917813
741 0.00102774918037
742 0.00102774917999
491 0.00102774917302
748 0.00102774917799
492 0.00102774918219
379 0.00102774917817
515 0.00102774918023
493 0.0010277491804
494 0.00102774917912
916 0.00102774917948
441 0.00102774917793
495 0.0010277491824
942 0.00102774918024
943 0.00102774917957
940 0.00102774918124
941 0.00102774918131
946 0.00102774918021
496 0.00102774917491
944 0.00102774918157
945 0.00102774917995
948 0.00102774917999
497 0.00102774918223
378 0.00102774918225
500 0.00102774917848
714 0.0010277491739
501 0.0010277491787
698 0.0010277491789
699 0.00102774918113
440 0.00102774918213
696 0.00102774918104
697 0.00102774917872
694 0.00102774917231
744 0.00102774918112
695 0.00102774918092
745 0.00102774918098
519 0.00102774917966
518 0.00102774918171
988 0.00102774918199
747 0.0010277491808
690 0.00102774917891
691 0.00102774917715
119 0.001027749177
118 0.0010277491799
449 0.00102774918125
448 0.0010277491782
111 0.00102774917734
110 0.00102774917665
113 0.0010277491815
112 0.00102774918083
115 0.00102774918049
114 0.00102774918068
117 0.00102774915218
116 0.00102774918154
998 0.00102774918162
623 0.00102774918268
586 0.0010277491801
749 0.00102774918134
205 0.0010277491788
204 0.00102774918215
88 0.00102774918042
89 0.001027749181
201 0.00102774916253
200 0.0010277491802
203 0.00102774917806
202 0.00102774918172
82 0.00102774918119
83 0.00102774917931
80 0.00102774918229
81 0.00102774918087
209 0.00102774918058
87 0.00102774918214
84 0.00102774918212
85 0.00102774918217
169 0.00102774915985
164 0.00102774918202
165 0.00102774917571
166 0.00102774917998
167 0.00102774917759
160 0.00102774917932
161 0.00102774918154
162 0.00102774918222
163 0.00102774918177
621 0.00102774918103
839 0.00102774918207
832 0.00102774917836
542 0.00102774918073
830 0.00102774918173
831 0.00102774918002
836 0.00102774918158
837 0.00102774918188
834 0.00102774916748
543 0.00102774918061
560 0.001027749156
561 0.00102774917703
562 0.00102774918222
563 0.00102774918197
19 0.00102774917925
18 0.00102774918167
566 0.00102774918197
567 0.00102774918108
15 0.00102774918124
14 0.0010277491769
17 0.00102774918087
16 0.00102774917803
11 0.00102774918126
10 0.00102774917795
13 0.00102774917439
12 0.00102774917992
620 0.00102774918141
672 0.00102774918167
859 0.00102774917975
527 0.00102774918149
667 0.00102774918199
666 0.00102774917711
665 0.00102774917814
664 0.00102774918116
663 0.00102774918199
662 0.00102774918221
661 0.00102774917388
660 0.00102774917917
600 0.00102774918139
701 0.00102774917597
702 0.00102774918066
703 0.00102774916504
704 0.00102774917844
705 0.00102774918197
668 0.00102774916246
906 0.00102774918237
907 0.0010277491809
904 0.0010277491814
905 0.00102774917753
902 0.00102774918101
903 0.0010277491816
900 0.00102774918239
901 0.00102774917632
771 0.00102774917627
520 0.00102774917917
908 0.00102774918114
770 0.00102774915643
603 0.00102774917398
626 0.00102774917703
947 0.001027749174
983 0.0010277491809
521 0.00102774917333
602 0.00102774918166
625 0.00102774917917
384 0.00102774916648
385 0.00102774917786
386 0.00102774918053
387 0.00102774917563
380 0.00102774918048
381 0.00102774916854
382 0.00102774917214
383 0.00102774917795
1000 0.0010277491815
388 0.00102774918
389 0.0010277491814
605 0.00102774917872
624 0.0010277491817
588 0.00102774917768
616 0.00102774918058
523 0.00102774917122
617 0.00102774918166
614 0.00102774917844
604 0.00102774918133
645 0.0010277491811
898 0.00102774918106
615 0.00102774918164
644 0.00102774918108
612 0.0010277491801
647 0.00102774916261
613 0.00102774918125
646 0.00102774917815
610 0.00102774917126
641 0.00102774918199
611 0.00102774918082
607 0.0010277491804
640 0.00102774918206
938 0.00102774917856
643 0.00102774917978
642 0.00102774918076
249 0.00102774918197
248 0.00102774917891
122 0.00102774918234
123 0.00102774918107
124 0.00102774917498
125 0.0010277491802
126 0.00102774918173
127 0.00102774918001
241 0.00102774918075
240 0.00102774918068
243 0.00102774918125
242 0.00102774918219
245 0.00102774917565
247 0.00102774918054
246 0.00102774917751
878 0.00102774918152
879 0.00102774918168
876 0.00102774918216
877 0.00102774918095
874 0.00102774917993
875 0.00102774901695
872 0.00102774918206
873 0.00102774917977
700 0.00102774917762
871 0.00102774917817
59 0.00102774918052
58 0.00102774913289
51 0.00102774918107
50 0.00102774917595
53 0.00102774917849
52 0.0010277491806
55 0.00102774917798
54 0.00102774917918
57 0.00102774917989
56 0.00102774915187
403 0.00102774917794
402 0.00102774918124
401 0.00102774918148
400 0.00102774917493
407 0.00102774917894
406 0.00102774918175
405 0.0010277491796
369 0.00102774918186
599 0.00102774918183
409 0.00102774918151
408 0.00102774917843
598 0.00102774918143
335 0.00102774918212
334 0.00102774918206
337 0.00102774918003
336 0.00102774918137
331 0.00102774917705
330 0.00102774918208
333 0.00102774918004
332 0.00102774918189
228 0.00102774918112
339 0.00102774918126
338 0.001027749179
835 0.00102774918137
9 0.00102774918161
8 0.00102774918229
580 0.0010277491812
581 0.0010277491798
238 0.00102774917928
239 0.00102774918153
584 0.00102774918
585 0.00102774918165
1 0.0010277491783
3 0.00102774917901
2 0.00102774918126
5 0.00102774918023
4 0.00102774917815
7 0.00102774917831
596 0.00102774917222
949 0.00102774918133
792 0.00102774918025
591 0.00102774917612
590 0.00102774917804
371 0.00102774918184
188 0.00102774918083
370 0.00102774918172
189 0.00102774917331
794 0.00102774918
757 0.00102774918139
756 0.00102774918182
755 0.00102774918159
754 0.00102774918205
753 0.00102774918088
752 0.00102774917553
751 0.00102774918082
750 0.00102774918008
759 0.00102774917977
827 0.00102774917979
833 0.00102774918096
894 0.0010277491813
895 0.00102774918138
896 0.00102774918057
897 0.00102774918194
890 0.00102774918047
891 0.00102774917943
892 0.00102774918161
893 0.00102774918102
955 0.00102774918133
954 0.00102774918046
957 0.00102774918193
956 0.00102774916046
229 0.00102774913282
899 0.00102774917947
953 0.0010277491794
952 0.00102774917988
120 0.00102774918118
823 0.00102774918079
121 0.00102774915628
822 0.00102774917977
811 0.00102774918181
986 0.00102774917932
706 0.00102774917992
987 0.00102774918119
870 0.00102774918078
984 0.00102774918076
539 0.00102774917374
829 0.00102774917976
538 0.00102774918251
828 0.00102774918107
707 0.00102774917963
128 0.00102774917948
980 0.00102774917815
129 0.0010277491809
981 0.00102774917442
535 0.00102774918187
886 0.00102774917544
478 0.00102774917615
479 0.00102774917981
472 0.00102774918066
473 0.00102774918083
471 0.0010277491808
476 0.00102774917607
477 0.00102774913071
474 0.00102774917871
475 0.0010277491788
531 0.00102774917656
530 0.0010277491802
711 0.00102774918147
270 0.0010277491774
271 0.00102774918192
272 0.00102774918125
273 0.00102774917537
274 0.00102774918118
275 0.00102774918153
276 0.00102774917913
277 0.00102774918132
278 0.00102774917814
279 0.00102774918095
373 0.00102774917671
372 0.00102774917387
375 0.00102774918059
374 0.00102774918086
377 0.00102774918213
376 0.00102774917849
825 0.00102774918185
824 0.00102774918227
669 0.00102774918219
826 0.0010277491789
821 0.00102774918082
820 0.00102774916279
179 0.0010277491823
178 0.00102774918233
177 0.00102774918111
176 0.00102774917842
175 0.00102774917983
174 0.00102774918034
173 0.00102774918193
172 0.00102774918175
171 0.0010277491825
170 0.00102774916978
572 0.00102774917918
573 0.0010277491777
447 0.00102774918116
571 0.00102774918169
570 0.00102774918101
577 0.00102774918101
576 0.00102774918147
575 0.00102774917945
446 0.00102774918104
579 0.00102774918074
578 0.00102774918154
445 0.00102774918093
368 0.00102774918018
444 0.00102774918185
443 0.00102774918166
574 0.00102774918044
442 0.00102774918073
652 0.00102774917748
653 0.00102774918269
650 0.00102774918158
651 0.00102774917281
309 0.00102774918136
654 0.00102774917573
655 0.0010277491734
304 0.00102774917196
305 0.00102774917703
306 0.00102774918066
307 0.00102774917953
300 0.00102774916812
301 0.00102774915422
302 0.00102774918065
303 0.00102774918193
911 0.00102774918181
910 0.00102774917926
913 0.00102774917472
912 0.0010277491816
915 0.00102774917005
914 0.00102774918171
917 0.001027749163
763 0.00102774918232
919 0.00102774918046
918 0.00102774917695
633 0.00102774918122
780 0.00102774918116
781 0.00102774917824
782 0.00102774918191
761 0.00102774918171
784 0.0010277491819
785 0.00102774918181
786 0.0010277491808
787 0.00102774918159
743 0.0010277491789
789 0.00102774918105
842 0.0010277491817
765 0.00102774917486
681 0.00102774917891
397 0.00102774917964
396 0.00102774918015
395 0.00102774918171
394 0.00102774918168
393 0.0010277491803
392 0.00102774917434
391 0.00102774917866
390 0.00102774917733
398 0.00102774917379
964 0.00102774918191
965 0.00102774917595
966 0.00102774918041
967 0.00102774918227
960 0.00102774918143
961 0.00102774918224
962 0.00102774918219
963 0.00102774918168
680 0.00102774917771
840 0.00102774917916
969 0.00102774918215
972 0.00102774918115
404 0.00102774917054
291 0.0010277491793
779 0.00102774917857
929 0.00102774918193
719 0.00102774918193
778 0.00102774918175
718 0.00102774917349
362 0.00102774917597
884 0.00102774917745
656 0.00102774917909
657 0.00102774917773
133 0.00102774918229
132 0.0010277491807
131 0.00102774918026
130 0.00102774918132
137 0.00102774918156
136 0.00102774917977
135 0.00102774918044
134 0.00102774917735
502 0.00102774917814
503 0.00102774918129
139 0.00102774918146
138 0.00102774918128
506 0.00102774917575
507 0.00102774917157
504 0.00102774918204
505 0.00102774918124
869 0.00102774917338
713 0.00102774917884
363 0.00102774918099
959 0.00102774918049
592 0.00102774917893
712 0.00102774917766
861 0.00102774917877
860 0.00102774917286
863 0.00102774917969
862 0.0010277491823
865 0.00102774917023
658 0.00102774917286
867 0.0010277491818
866 0.0010277491747
928 0.00102774918006
659 0.00102774918114
48 0.00102774918166
49 0.00102774917302
46 0.00102774917877
47 0.00102774918094
44 0.00102774917876
45 0.00102774917714
43 0.00102774918132
40 0.00102774917783
41 0.00102774917698
692 0.00102774918186
715 0.00102774918042
438 0.00102774918134
439 0.00102774918122
436 0.00102774917965
437 0.00102774917628
434 0.00102774917947
435 0.0010277491792
432 0.00102774917756
430 0.00102774917669
431 0.00102774917198
340 0.00102774917759
341 0.00102774917884
342 0.0010277491798
343 0.00102774918169
344 0.00102774918015
346 0.0010277491788
347 0.00102774917988
348 0.00102774916709
349 0.00102774918124
880 0.00102774917212
618 0.00102774917823
619 0.00102774918156
186 0.00102774918203
187 0.00102774917901
184 0.00102774917781
182 0.00102774917555
183 0.00102774915595
180 0.00102774917819
181 0.00102774918087
227 0.00102774918184
226 0.00102774918249
225 0.0010277491773
224 0.00102774917432
223 0.00102774917626
222 0.00102774917769
221 0.00102774917996
220 0.00102774917512
582 0.0010277491813
923 0.00102774918039
818 0.00102774917946
819 0.00102774918254
583 0.00102774918112
814 0.00102774918097
815 0.00102774918135
816 0.00102774918008
817 0.0010277491798
810 0.00102774918079
629 0.00102774916044
812 0.00102774918203
813 0.00102774918074
39 0.00102774917948
38 0.00102774918227
926 0.00102774917957
33 0.00102774918245
32 0.00102774917989
30 0.00102774917803
37 0.0010277491802
36 0.00102774917965
35 0.00102774918117
34 0.00102774918013
777 0.0010277491827
207 0.00102774917777
849 0.0010277491799
762 0.00102774917294
234 0.00102774917721
760 0.00102774918216
206 0.00102774918155
766 0.00102774917899
767 0.00102774917868
764 0.00102774917678
622 0.00102774917444
768 0.00102774917772
537 0.00102774918223
236 0.00102774918167
292 0.00102774918192
293 0.00102774917913
290 0.00102774918125
296 0.00102774918027
297 0.00102774918235
294 0.00102774917709
295 0.00102774917923
230 0.00102774918149
298 0.00102774918243
299 0.00102774918133
231 0.00102774917496
887 0.00102774917438
366 0.0010277491803
885 0.00102774917809
783 0.00102774918162
883 0.00102774915971
232 0.00102774916783
881 0.00102774917816
367 0.00102774917843
920 0.00102774918092
921 0.00102774918133
922 0.00102774918167
233 0.00102774918048
924 0.00102774917971
364 0.00102774918096
889 0.00102774918066
888 0.00102774917807
365 0.00102774917478
86 0.00102774918087
208 0.00102774918187
788 0.00102774918073
360 0.00102774918185
361 0.00102774917715
882 0.00102774918062
528 0.00102774918215
529 0.00102774918086
153 0.00102774918064
152 0.00102774918159
524 0.00102774918139
525 0.00102774918204
526 0.00102774917612
263 0.00102774918151
262 0.00102774918147
261 0.00102774915975
260 0.00102774918159
267 0.00102774918042
266 0.00102774918185
265 0.00102774917624
264 0.00102774918082
159 0.00102774917966
269 0.00102774917542
268 0.00102774917647
838 0.00102774916835
158 0.00102774917558
498 0.00102774917857
499 0.00102774918159
148 0.00102774918041
149 0.00102774918179
854 0.00102774918043
522 0.00102774918064
856 0.00102774918191
857 0.00102774918167
142 0.00102774918215
143 0.00102774918051
140 0.00102774918176
141 0.00102774918126
146 0.00102774917458
147 0.00102774918004
144 0.00102774918077
145 0.00102774917991
77 0.00102774918123
76 0.00102774917817
75 0.00102774918221
74 0.00102774917968
72 0.0010277491807
71 0.00102774918109
841 0.00102774918106
79 0.00102774913123
78 0.00102774918026
465 0.00102774918041
464 0.00102774918229
467 0.0010277491799
466 0.00102774918033
461 0.00102774918276
460 0.00102774916849
463 0.00102774917709
462 0.0010277491763
546 0.00102774917709
547 0.00102774917987
544 0.00102774917606
545 0.00102774918033
469 0.00102774917857
468 0.00102774918039
540 0.00102774917786
541 0.00102774918046
726 0.00102774918165
727 0.00102774917818
724 0.00102774918128
725 0.00102774917973
722 0.00102774917589
723 0.00102774917828
720 0.00102774917969
721 0.00102774918005
844 0.00102774917706
927 0.00102774918214
728 0.00102774918083
729 0.001027749176
649 0.00102774918093
648 0.00102774917929
319 0.00102774918119
318 0.00102774917966
315 0.00102774917956
314 0.00102774918138
313 0.00102774917099
312 0.00102774918073
311 0.00102774918145
689 0.00102774918123
848 0.00102774918177
688 0.00102774918201
793 0.00102774917882
454 0.00102774917715
791 0.00102774917922
790 0.0010277491725
797 0.00102774918184
796 0.00102774917965
795 0.00102774918093
455 0.00102774918075
564 0.00102774916078
799 0.00102774918034
798 0.00102774918196
456 0.00102774917797
565 0.00102774918186
457 0.00102774918086
450 0.00102774917127
951 0.00102774917645
451 0.0010277491812
568 0.00102774918182
601 0.00102774918029
452 0.00102774918186
569 0.00102774918189
453 0.00102774918134
993 0.00102774918228
683 0.00102774918043
682 0.00102774917979
685 0.00102774918043
684 0.00102774917905
977 0.00102774918024
976 0.00102774918144
975 0.00102774917939
974 0.00102774917698
973 0.00102774917885
687 0.0010277491812
971 0.00102774918162
970 0.00102774918164
686 0.00102774918096
979 0.00102774917808
978 0.00102774918051
994 0.00102774917973
925 0.00102774918089
559 0.00102774918158
606 0.00102774918059
558 0.00102774918161
991 0.00102774918103
458 0.00102774918141
459 0.00102774917769
108 0.00102774917853
109 0.00102774917432
106 0.00102774918024
107 0.00102774917234
104 0.00102774918221
105 0.00102774918096
102 0.00102774917526
103 0.00102774918172
100 0.00102774917824
101 0.00102774918162
551 0.00102774917165
550 0.0010277491814
534 0.00102774918173
990 0.00102774917201
708 0.00102774918058
536 0.00102774918078
950 0.00102774918142
709 0.0010277491815
968 0.00102774917591
429 0.00102774917937
428 0.00102774918194
992 0.00102774918244
421 0.00102774917703
420 0.00102774918014
423 0.0010277491809
422 0.00102774918136
425 0.00102774918056
424 0.00102774918143
427 0.00102774917707
426 0.00102774917968
95 0.00102774917637
94 0.00102774918016
97 0.00102774918218
96 0.00102774917224
91 0.00102774918137
90 0.00102774918087
93 0.00102774916851
92 0.00102774918234
609 0.00102774917529
608 0.00102774918219
359 0.00102774917285
358 0.00102774917964
99 0.00102774918053
98 0.00102774918166
587 0.00102774917988
191 0.00102774915657
190 0.00102774918114
193 0.00102774918137
192 0.00102774918189
195 0.00102774918152
194 0.00102774918225
197 0.00102774918029
196 0.00102774918167
199 0.00102774918197
198 0.00102774909655
210 0.00102774917796
211 0.00102774916632
216 0.00102774917954
217 0.0010277491763
214 0.00102774917673
215 0.00102774917875
693 0.00102774917903
868 0.00102774918187
809 0.00102774918084
808 0.00102774917523
807 0.00102774917835
806 0.00102774918193
805 0.00102774917566
804 0.00102774917952
803 0.00102774917968
802 0.00102774918141
801 0.00102774918283
800 0.00102774918218
28 0.00102774918012
29 0.00102774918262
517 0.00102774917871
516 0.00102774917415
511 0.00102774917924
510 0.00102774918011
513 0.00102774918134
512 0.0010277491798
20 0.001027749182
21 0.00102774917913
22 0.00102774917806
23 0.00102774918077
24 0.00102774918081
25 0.00102774918092
26 0.00102774916635
27 0.00102774918213
858 0.00102774917934
958 0.00102774918048
674 0.0010277491792
675 0.00102774917957
677 0.00102774917999
670 0.00102774918075
671 0.00102774918193
594 0.00102774917868
673 0.00102774917887
775 0.00102774917794
774 0.00102774917908
532 0.00102774918224
776 0.00102774918204
678 0.0010277491797
679 0.0010277491797
773 0.00102774917986
772 0.00102774918053
289 0.00102774918126
288 0.00102774918058
285 0.00102774918184
284 0.00102774918151
287 0.00102774918212
286 0.00102774917903
281 0.00102774918139
280 0.0010277491814
283 0.00102774918223
282 0.00102774917697
939 0.00102774918126
533 0.00102774918174
597 0.00102774916477
933 0.00102774918224
932 0.00102774917272
931 0.00102774917914
930 0.00102774917926
937 0.00102774916832
936 0.001027749173
935 0.00102774918132
934 0.00102774917773
353 0.00102774902155
548 0.00102774918157
352 0.00102774918136
995 0.00102774918224
351 0.00102774918187
630 0.00102774918213
996 0.00102774917577
350 0.00102774916468
769 0.00102774917082
631 0.00102774917804
357 0.00102774917525
909 0.00102774918059
632 0.00102774918022
356 0.00102774915558
549 0.00102774918202
355 0.00102774917916
634 0.00102774917915
354 0.00102774917587
635 0.00102774917906
636 0.00102774918238
637 0.00102774918193
982 0.00102774918015
593 0.00102774917881
218 0.00102774918103
997 0.00102774918202
219 0.00102774917291
155 0.00102774918234
154 0.00102774918184
157 0.00102774918148
156 0.00102774913281
151 0.00102774917636
150 0.00102774918125
258 0.00102774917877
259 0.00102774918126
256 0.00102774917347
257 0.0010277491816
254 0.00102774918129
255 0.00102774917923
252 0.00102774917788
253 0.00102774918222
250 0.00102774918124
251 0.00102774918027
843 0.0010277491787
212 0.00102774917659
489 0.00102774918231
488 0.00102774917674
847 0.00102774918103
845 0.00102774917963
213 0.00102774917951
483 0.00102774918096
482 0.00102774917789
481 0.00102774917855
480 0.00102774918129
487 0.00102774917683
486 0.00102774917721
485 0.00102774918035
484 0.00102774917467
64 0.00102774917835
65 0.00102774918204
66 0.00102774917947
67 0.00102774918086
60 0.00102774917988
61 0.00102774917868
62 0.00102774917992
63 0.00102774918113
68 0.00102774917937
69 0.00102774917974
410 0.00102774918105
411 0.00102774918189
412 0.00102774918175
413 0.00102774918118
414 0.00102774916735
415 0.00102774918206
416 0.00102774918202
417 0.00102774918075
418 0.00102774917184
419 0.00102774917908
553 0.00102774917226
552 0.00102774917587
555 0.00102774918177
554 0.00102774917704
557 0.00102774918017
556 0.00102774916811
731 0.00102774918196
730 0.00102774918199
733 0.00102774917967
732 0.00102774917723
735 0.00102774918023
734 0.00102774918158
737 0.00102774917792
736 0.00102774917796
739 0.00102774918148
738 0.00102774918149
710 0.00102774918171
638 0.00102774918156
639 0.00102774918221
328 0.0010277491731
329 0.00102774918156
322 0.00102774918211
323 0.00102774917941
320 0.00102774918118
321 0.00102774916857
326 0.00102774918194
327 0.00102774917016
324 0.00102774918126
325 0.00102774915425
850 0.00102774918147
851 0.00102774918215
717 0.00102774918113
852 0.00102774917327
853 0.00102774916463
595 0.00102774917765
855 0.00102774917221
