5040 0.000297619048767
6676 0.00029761904789
11700 0.000297619045355
11702 0.000297619046885
10078 0.000297619042812
10071 0.000297619048048
4299 0.000297619049664
4298 0.00029761904496
4127 0.000297619048076
4125 0.00029761903788
8898 0.000297619051385
8890 0.000297619038611
88 0.000297619052475
83 0.000297619056682
81 0.000297619049006
86 0.000297619056942
87 0.000297619047953
84 0.000297619052771
85 0.000297619050814
5656 0.000297619047985
5654 0.0002976190514
5652 0.000297619053605
5653 0.000297619052787
5650 0.000297619047119
9766 0.000297619050162
2562 0.000297619048926
2567 0.000297619051651
2386 0.000297619056884
2380 0.000297619049999
2383 0.000297619049028
3389 0.000297619038174
3386 0.00029761904786
3384 0.000297619043284
3385 0.000297619047699
3382 0.000297619048842
3380 0.000297619037449
11066 0.000297619027831
11061 0.000297619028797
11063 0.000297619046117
16877 0.000297616939669
16876 0.000297619043966
8404 0.000297619046977
23871 0.000297619049014
3050 0.000297619057031
6023 0.00029761904998
6027 0.000297619023264
15019 0.000297619051019
156 0.000297619049834
1667 0.000297619051924
1660 0.000297619047001
13230 0.000297619048921
3159 0.000297619031111
5269 0.000297619053207
5268 0.000297619049682
5267 0.000297619042831
5265 0.00029761902005
5264 0.00029761904886
5263 0.000297619045204
5260 0.000297619044227
5841 0.000297619048767
5840 0.000297619050635
5846 0.000297619050781
2811 0.000297619054452
2810 0.000297619049358
2813 0.000297619052729
3149 0.000297619046864
14747 0.000297619030818
5659 0.000297619052761
8178 0.000297618984362
8171 0.000297619050535
8174 0.00029761904189
8177 0.000297619042037
3853 0.000297619051034
3854 0.000297619045584
1175 0.000297619049554
1280 0.000297619027666
1283 0.000297619052353
1285 0.000297619057177
1284 0.000297619051561
2488 0.000297619057532
2489 0.000297619057088
2482 0.000297619049429
2483 0.000297619056509
2481 0.000297619057592
2486 0.000297619057189
2487 0.000297619050116
2485 0.000297619051078
1825 0.000297619056978
1824 0.000297619048968
1826 0.000297619046535
1829 0.00029761905123
2738 0.000297619050425
12345 0.000297619049856
2563 0.000297619048932
3462 0.000297619048847
3467 0.000297619043492
3465 0.000297619021544
8233 0.000297619051063
8230 0.000297619051004
8235 0.000297619051165
14262 0.000297619044936
5448 0.000297619046799
10953 0.000297619036849
4472 0.000297619048369
4478 0.00029761903924
15822 0.000297619042857
2133 0.000297619049548
2130 0.000297619040323
2139 0.000297619055505
12441 0.00029761903509
3264 0.000297619053028
3263 0.000297619035551
8039 0.00029761905138
8035 0.000297619051612
8031 0.000297619049499
8032 0.000297619050052
9926 0.000297619041659
6169 0.000297619051453
6168 0.000297619049862
11490 0.000297619021343
11493 0.00029761903345
11495 0.000297619045029
11496 0.00029761904839
10548 0.000297619050323
10545 0.000297619043219
10544 0.000297619049903
9074 0.00029761905216
12853 0.000297619045955
12858 0.000297619043337
1329 0.000297619051409
1324 0.000297619047921
1325 0.000297619050033
842 0.000297619051363
840 0.000297619052198
847 0.000297619050171
844 0.000297619054906
848 0.00029761904805
66746 0.000297619051082
6361 0.000297619055501
6364 0.000297619050952
4217 0.000297619047798
9274 0.000297619048924
7543 0.000297619050815
1651 0.00029761905323
1657 0.000297619052502
15611 0.000297619048301
2305 0.000297619056905
2307 0.000297619051719
8489 0.00029761905013
10739 0.000297619036842
10737 0.000297619041568
263 0.000297619056613
267 0.000297619052032
265 0.000297619057152
269 0.000297619047077
4698 0.000297619049478
1517 0.000297619056455
1519 0.000297619049078
1518 0.000297619042279
744 0.00029761904663
747 0.000297618972185
4823 0.000297619057302
4821 0.000297619049847
4826 0.000297619055577
4827 0.000297619049503
4824 0.000297619051721
4828 0.000297619057162
4829 0.000297619050826
6539 0.000297619049553
2170 0.000297619049914
7669 0.00029761905683
4003 0.000297619048912
4009 0.000297619045954
10248 0.000297619049283
5753 0.000297619054266
5752 0.000297619049541
5755 0.000297619050874
5759 0.000297619053587
5758 0.000297619042828
10868 0.000297619047492
10869 0.000297619046736
2400 0.000297619048196
2401 0.000297619057123
3758 0.0002976190487
18475 0.000297619046727
14157 0.000297619040851
8729 0.00029761904217
8726 0.000297619048093
8723 0.000297619037176
9899 0.000297619037398
2699 0.000297619050398
2692 0.000297619039529
19406 0.000297619049388
186 0.000297619056386
187 0.000297619056605
184 0.000297619056402
185 0.000297619056892
180 0.000297619053161
188 0.000297619056882
189 0.000297619057092
16444 0.000297619048023
16443 0.000297619045377
26780 0.000297619041543
971 0.000297619029904
978 0.000297619042582
13462 0.000297619047279
13466 0.00029761904672
5349 0.000297619051639
5340 0.000297619046862
5342 0.000297619051632
5343 0.000297619053658
5347 0.000297619051737
46363 0.000297619052326
15171 0.000297619048149
15177 0.000297619022027
11413 0.000297619050235
3954 0.000297619055289
6702 0.0002976190476
17150 0.000297619047998
13816 0.000297619047476
8961 0.000297619047321
8960 0.000297619053643
8968 0.000297619047825
13101 0.00029761904005
13109 0.000297619044268
9614 0.000297619048957
9611 0.000297619053485
1944 0.000297619052647
1941 0.000297619035739
3548 0.000297619041469
3549 0.000297619048101
8578 0.000297619025831
8574 0.000297619045965
8576 0.000297619050207
571 0.000297619050404
577 0.000297619046046
574 0.000297619053585
397 0.00029761905319
394 0.000297619058141
399 0.000297619051038
398 0.000297619058545
7015 0.000297619048482
24588 0.000297619048864
5520 0.000297619054765
5521 0.000297619051132
5523 0.000297619056571
5524 0.000297619048763
5525 0.000297619055226
5526 0.00029761905722
5527 0.000297619055459
6878 0.000297618961799
14986 0.000297619050045
4736 0.000297619049527
4734 0.000297619049442
4738 0.000297619053714
7832 0.000297619056439
7838 0.000297619051212
7839 0.000297619012082
5069 0.000297619038231
5068 0.000297619048634
5065 0.000297619052725
5064 0.000297619056768
5066 0.000297619050955
5061 0.000297618543824
5060 0.00029761905626
5063 0.000297619055133
5062 0.000297619055622
8370 0.00029761903538
8371 0.000297619036721
2920 0.00029761904269
2926 0.000297619051286
3035 0.000297619048967
3037 0.000297619054297
3031 0.00029761905106
3032 0.000297619054912
3038 0.000297619049743
6009 0.000297619048777
6003 0.000297619045351
2816 0.000297619048751
9131 0.0002976169414
12953 0.000297619050469
13533 0.000297619047937
11395 0.000297619036586
1594 0.000297619051983
1590 0.000297619053834
27110 0.000297619036394
18944 0.000297619043176
2024 0.00029761902225
2026 0.000297619023908
56008 0.0002976169411
6244 0.000297619056609
6247 0.000297619048409
6241 0.000297619050979
6248 0.000297619051558
11845 0.000297619022034
9338 0.000297619045504
9486 0.000297619046519
10174 0.000297619050663
13558 0.000297619025738
4507 0.000297619050232
1754 0.000297619054893
7975 0.00029761904755
7974 0.000297619042355
7971 0.000297619043969
7970 0.000297619052095
7978 0.000297619050696
2228 0.000297619051653
2222 0.000297619048475
2223 0.000297619050616
2220 0.000297619052058
11308 0.000297619046272
11301 0.000297619046155
11304 0.000297619046533
11305 0.000297619038699
9814 0.000297619045119
9813 0.000297619051786
106 0.000297619056605
107 0.000297619052142
104 0.000297619048098
105 0.000297619052911
102 0.000297619055208
103 0.000297619056335
100 0.000297619046969
14844 0.000297619046819
14847 0.000297619045007
14843 0.000297619049727
1256 0.000297619044991
1254 0.000297619052003
1255 0.000297619050757
801 0.000297619047378
662 0.000297619050464
668 0.000297619044845
5924 0.00029761905051
5925 0.000297619054423
5920 0.000297619048187
5922 0.000297619053975
7782 0.000297619050575
7780 0.000297619039996
7789 0.000297619046426
4323 0.000297619045001
7430 0.000297619051212
10365 0.00029761904859
5498 0.000297619050877
5499 0.000297619042018
5494 0.000297619056286
5495 0.000297619049983
5496 0.000297619041202
5490 0.00029761905406
5492 0.000297619045568
5493 0.00029761905633
13188 0.000297619046154
13189 0.000297618951169
13181 0.000297619046073
9697 0.000297619051725
9695 0.000297619049156
5142 0.000297619055203
5143 0.000297619055277
5141 0.000297619053236
5146 0.000297619048602
5144 0.0002976190422
5145 0.00029761905479
12272 0.000297619049843
1490 0.000297619056814
1497 0.000297619050044
1498 0.00029761905724
1499 0.000297619046313
8648 0.000297619048574
8643 0.000297619046433
8641 0.000297619049704
9999 0.000297619048428
9998 0.000297619045425
2730 0.000297619056565
318 0.000297619040932
12050 0.000297619049842
1741 0.000297619006439
12076 0.000297619013092
12075 0.000297619046043
12074 0.000297619045728
4958 0.000297619047979
4956 0.000297619052526
4954 0.000297619039838
4950 0.000297619051674
4951 0.00029761904835
6080 0.000297619033433
6089 0.000297619054444
6623 0.000297619049489
6620 0.000297619039228
11752 0.00029761904198
11751 0.000297619050299
4741 0.000297619050448
10081 0.000297619050087
10082 0.000297619049339
10083 0.0002976190478
4747 0.000297619050509
10088 0.000297619035432
4744 0.000297619050029
1744 0.000297619051639
8842 0.000297619049397
8843 0.000297619050004
8848 0.000297619047934
8849 0.000297619006634
4173 0.000297619032979
1044 0.000297619046222
1042 0.00029761905134
2539 0.000297619057507
2537 0.000297619056325
2534 0.000297619049208
2535 0.000297619053531
2532 0.000297619040911
2531 0.000297619052214
8430 0.000297619050326
8432 0.000297619048215
8434 0.000297619048649
8437 0.000297619049937
3376 0.000297619052303
3372 0.000297619025563
3371 0.000297619036867
3378 0.000297619049668
16841 0.000297619048219
16845 0.000297619049117
439 0.000297619050178
434 0.000297619050623
8313 0.000297619025218
292 0.000297619050529
290 0.000297619050145
12515 0.000297619047616
15952 0.000297619047353
12301 0.000297619046624
3171 0.000297619050603
3170 0.000297619046305
10471 0.000297619048267
10475 0.000297619044444
8141 0.000297619051928
10291 0.000297619048088
10293 0.000297619046775
13926 0.00029761904974
16737 0.000297619048137
6077 0.000297619050089
16190 0.000297619049832
2709 0.000297619046574
1067 0.000297619055672
6478 0.000297619052846
6476 0.000297619052528
7706 0.000297619030267
7704 0.00029761905632
7705 0.000297619055903
7701 0.000297619050616
5411 0.000297619050933
9561 0.000297619024002
9567 0.00029761678433
10905 0.000297619050635
10900 0.000297619047032
10902 0.000297619048919
1419 0.000297619042003
2148 0.000297619055608
2144 0.000297619048704
6712 0.000297619051331
11262 0.000297619053858
11268 0.000297619043805
6137 0.00029761904395
6134 0.000297619051087
6132 0.000297619045715
6130 0.000297619050549
6131 0.000297619013173
6139 0.000297619050011
9000 0.000297619049727
9005 0.00029761905106
1357 0.000297619037272
1356 0.000297619049324
1358 0.000297619025255
833 0.000297619047867
836 0.000297619048254
837 0.000297619053862
835 0.000297619051579
11974 0.000297619047368
583 0.000297619048097
580 0.00029761905378
15522 0.0002976190477
7579 0.000297619049303
7571 0.000297619041802
10008 0.000297619009482
10000 0.000297619045402
10003 0.000297619050527
9245 0.000297619044279
9247 0.000297619049722
9242 0.000297619051322
5598 0.000297619054836
5593 0.000297619051711
5595 0.000297619054378
5594 0.000297619048186
5627 0.000297619057434
9798 0.000297619049715
9793 0.000297619046701
32 0.000297619049293
37 0.000297619056742
35 0.000297619050766
34 0.000297619056541
12330 0.000297619043851
21092 0.000297619050004
1622 0.00029761905621
1621 0.000297619056274
1620 0.000297619052218
3662 0.000297619049173
3084 0.000297619049777
3086 0.000297619051952
3081 0.000297619049384
3089 0.000297619036632
14069 0.000297619048417
10769 0.000297619050802
219 0.000297619049152
211 0.000297619052092
216 0.000297619054606
217 0.000297619056713
215 0.000297619053017
3940 0.000297619049009
16359 0.000297619050286
5666 0.000297619032263
12131 0.00029761903807
12136 0.000297619021636
12134 0.000297619029538
12135 0.000297619048447
12139 0.000297619043369
25464 0.000297619032734
4859 0.00029761902245
4858 0.000297619050165
4853 0.000297619049203
4852 0.000297619053608
4851 0.000297619040674
4850 0.00029761904911
4856 0.000297619052531
4855 0.000297619046936
4854 0.000297619047279
5810 0.000297619045604
5812 0.000297619047594
5816 0.000297619054046
5818 0.000297619047505
5819 0.000297619046472
2848 0.000297619023744
10218 0.000297619037487
10215 0.000297619046881
1477 0.000297619049072
4038 0.000297619041802
1475 0.000297619046394
1129 0.00029761905415
1120 0.000297619053629
1122 0.00029761903995
1789 0.000297619050668
1781 0.000297619056423
1782 0.000297619050131
2479 0.000297619048669
2478 0.000297619057194
2473 0.000297619043425
2470 0.000297619056598
2476 0.000297619056488
2475 0.000297619057232
2474 0.000297619051872
1870 0.000297619054463
1871 0.00029761900705
1874 0.000297619053876
2781 0.000297619049868
2783 0.000297619048606
2784 0.000297619038213
19354 0.000297619046583
2789 0.000297619048976
2788 0.000297619054774
710 0.000297619051976
3432 0.000297619048136
16969 0.000297619050294
9888 0.000297619042685
8261 0.000297619051649
8267 0.000297619046741
8269 0.00029761904809
1751 0.000297619052455
25832 0.000297618959937
6947 0.000297619044638
5371 0.000297619051202
5370 0.000297619050752
5375 0.000297619050417
5374 0.000297619045498
5379 0.000297619053527
5378 0.000297619051982
15851 0.000297619042709
5995 0.000297619048383
5994 0.000297619048326
5993 0.000297619046765
5992 0.000297619052336
5999 0.000297619049622
3231 0.000297619046502
3234 0.000297619048684
10531 0.000297619033309
8062 0.000297619053713
8063 0.000297619054974
8061 0.000297619047271
8067 0.000297619056178
8064 0.00029761904957
9088 0.000297619023963
9083 0.000297619044311
9082 0.000297619050088
9086 0.000297619025984
8936 0.000297619049931
8937 0.000297619022169
8930 0.000297619050572
12826 0.000297619041047
12828 0.000297619036731
2626 0.000297619057066
3572 0.00029761904629
8544 0.000297619026442
8541 0.000297619048389
508 0.000297619056234
502 0.000297619056179
504 0.000297619053744
6338 0.00029761904914
6339 0.000297619051608
6337 0.000297619049608
11938 0.000297619033649
11934 0.000297619045267
7068 0.000297619032979
7064 0.000297619025466
5511 0.000297619054527
5513 0.000297619054865
5512 0.000297619055398
5515 0.000297619049073
5514 0.000297619049791
5516 0.000297619057492
20651 0.000297619049109
5239 0.000297619052558
4742 0.000297619047832
13647 0.00029761904695
7809 0.000297619046038
7802 0.00029761904919
7804 0.000297619037877
7806 0.000297619048795
2350 0.000297619056495
2850 0.000297619056244
2358 0.00029761905571
2852 0.000297619053651
2856 0.000297619042182
8384 0.000297619045488
8382 0.000297619046034
8381 0.000297619042393
19648 0.000297619035985
2979 0.000297619048584
11099 0.000297619025344
11097 0.000297619040606
6072 0.000297619049917
6071 0.000297619050272
6070 0.000297619049744
3009 0.000297619037443
3007 0.000297619052775
3000 0.000297619050632
3002 0.000297619049764
9160 0.000297619049258
2242 0.000297619054418
2247 0.00029761905031
1098 0.000297619056392
1099 0.000297619048999
1090 0.00029761905608
1091 0.000297619049944
1548 0.000297619046482
1549 0.000297619057001
1542 0.000297619056629
1543 0.000297619045187
1545 0.000297619057292
18936 0.000297619046917
2015 0.000297619035087
2010 0.00029761905693
10204 0.00029761904699
10201 0.000297619041689
717 0.000297619051287
715 0.000297619056258
15402 0.000297619045655
13953 0.000297619048652
13952 0.000297619048343
5899 0.000297619049064
5897 0.000297619023362
19134 0.000297619042541
6271 0.000297619048871
3118 0.000297619023989
1704 0.000297619056987
7632 0.00029761905138
1703 0.000297619053304
9360 0.000297619045151
12093 0.000297619041458
5702 0.000297619021058
5703 0.000297619050808
5704 0.000297616938717
5706 0.00029761905645
5709 0.000297619049235
10833 0.000297619050232
10836 0.000297619043584
23979 0.000297619043461
13567 0.000297619048666
1708 0.000297619037803
3701 0.000297619049337
5285 0.000297619044717
5284 0.000297619050448
5281 0.000297619050247
5280 0.000297619052846
5283 0.000297619056793
5282 0.00029761904916
5289 0.00029761905121
5288 0.000297619051379
8777 0.000297619047863
10483 0.000297619048341
10485 0.000297619050015
17457 0.000297619029413
8196 0.000297619055891
8190 0.000297619048942
8198 0.000297619056339
8199 0.000297619049078
11689 0.00029761905518
155 0.000297619056618
154 0.000297619056011
10159 0.000297619048858
151 0.000297619056145
153 0.000297619050847
152 0.000297619051196
10152 0.000297619022362
906 0.000297619036688
27482 0.000297619030595
27483 0.000297619041193
21421 0.000297619046283
25506 0.000297619024773
15239 0.000297619050291
22195 0.000297618976895
15234 0.000297619026741
5918 0.000297619048259
5914 0.000297619052352
5917 0.000297619048724
5910 0.000297619051369
5913 0.000297619048873
27814 0.000297619046114
6750 0.000297619048347
11447 0.000297619050632
10319 0.000297616940291
10314 0.000297616782288
3984 0.000297619038417
4661 0.000297619039869
4664 0.000297619051351
4665 0.000297618541047
4667 0.000297619053031
4668 0.000297619051772
4669 0.00029761905194
9665 0.000297619021537
9668 0.000297619048868
5133 0.000297619056096
5132 0.000297618981884
5131 0.000297619053081
5137 0.000297619057796
5136 0.000297619040445
5139 0.000297619057121
11686 0.000297619048275
157 0.00029761904933
12200 0.000297619046091
12208 0.000297619048949
158 0.000297619056876
1936 0.000297619053409
1935 0.000297619042888
1933 0.00029761905127
11164 0.000297619040531
11166 0.000297619050815
36215 0.000297619030791
3426 0.000297619052746
3422 0.000297619048177
3420 0.000297619042307
17648 0.000297619044965
4702 0.000297619048236
13319 0.000297619046727
13318 0.000297619036864
7883 0.000297619051372
7884 0.000297619046666
7889 0.000297619029956
5033 0.000297619056609
5030 0.000297619048073
5031 0.000297619052143
5036 0.000297619051325
12042 0.000297619023285
12592 0.000297619046402
12596 0.000297619047613
22544 0.00029761904426
15069 0.000297619044941
11769 0.000297619051671
8308 0.000297619040187
8306 0.000297619048715
8305 0.000297619046689
8301 0.0002976190494
5075 0.000297619037842
12087 0.000297619054045
7307 0.000297619040844
4140 0.000297619018375
8871 0.000297619046581
8876 0.000297619048268
13055 0.000297619049627
13053 0.000297619047248
13050 0.00029761901155
2095 0.000297619041543
2096 0.000297619030793
2090 0.00029761905432
2092 0.000297619053867
8466 0.00029761904968
8461 0.000297619049825
8468 0.000297619048667
3322 0.000297619048736
467 0.000297619056781
461 0.000297619055944
468 0.000297618986422
793 0.000297619046108
796 0.000297619050595
794 0.000297619037019
799 0.000297619053286
13610 0.000297619026278
5781 0.000297619049056
5787 0.000297619047941
13299 0.000297619040537
4554 0.000297619045297
7929 0.000297619049828
15610 0.000297619045361
5208 0.00029761904348
2258 0.000297619048544
5205 0.000297619053303
2255 0.00029761905071
5201 0.000297619050359
5200 0.000297619052031
5203 0.000297619056823
5202 0.000297619048084
11359 0.000297619046084
11353 0.000297619051669
11354 0.000297619047924
3128 0.000297619048091
3127 0.000297619049685
3124 0.000297619052653
3125 0.000297619047119
3122 0.000297619048378
3123 0.000297619041051
9778 0.000297619045261
8117 0.000297619050056
9774 0.000297619034361
10400 0.000297619053568
10406 0.000297619050157
10407 0.000297619049504
1198 0.000297619044682
1196 0.000297619048323
1221 0.00029761905368
1220 0.00029761904347
1229 0.000297619053465
988 0.000297619033782
2757 0.000297619030699
2514 0.00029761905632
2515 0.000297619050804
2517 0.000297619057487
2511 0.000297619056262
6422 0.000297619053748
6428 0.00029761903517
6429 0.000297619050069
9555 0.000297619025397
9556 0.000297619048226
5424 0.000297619047001
5427 0.000297619053918
5421 0.000297619052735
5420 0.000297619051222
5422 0.000297619046657
7488 0.00029761904832
7482 0.000297619055444
12286 0.00029761904267
1428 0.000297619050835
13488 0.000297618985048
13735 0.000297619041141
13733 0.000297619048783
15772 0.000297619049779
2193 0.000297619027452
2194 0.000297619049214
2196 0.000297619046572
8635 0.000297619047832
8634 0.000297619035091
19084 0.000297619023033
11258 0.000297619044938
11252 0.000297619048998
8097 0.000297619051151
9948 0.000297618959314
10614 0.000297619049022
368 0.000297619052154
366 0.000297619056652
364 0.00029761903172
361 0.000297619056754
18024 0.000297619044949
66738 0.000297619052893
4927 0.000297619049125
4926 0.000297619049256
4923 0.000297619047628
4921 0.000297619051602
15579 0.000297619050661
6383 0.000297619047176
6385 0.000297619041245
6387 0.000297619047513
7385 0.000297619052689
6657 0.000297619046085
6656 0.000297619051815
6655 0.000297619040682
6653 0.000297619048469
6651 0.000297619044699
2056 0.000297619056499
7528 0.000297619048704
11980 0.000297619047237
10057 0.000297619047943
9298 0.000297619042349
9293 0.000297619049008
9297 0.000297619048715
9294 0.000297619047649
9740 0.00029761904814
9741 0.000297619047069
9747 0.000297619050345
5678 0.000297619053576
5670 0.000297619048051
5671 0.000297619042943
5672 0.000297619044247
2549 0.000297619049867
2545 0.000297619051645
2541 0.000297619057284
2540 0.000297619056775
3227 0.000297619056054
20918 0.000297619045906
13210 0.000297619045732
12166 0.000297619050007
12162 0.00029761902514
4882 0.000297619051415
4884 0.000297619056059
4885 0.00029761905229
4886 0.000297619049946
4887 0.000297619041565
4889 0.000297619050942
5828 0.000297619052491
2839 0.000297619042438
2833 0.000297619056296
5822 0.000297619048129
5827 0.000297619050401
5826 0.000297619046759
5397 0.000297619056508
3879 0.000297619046603
5399 0.000297619055496
5398 0.000297619057547
11531 0.000297619046117
17273 0.000297619049515
17279 0.00029761904887
1112 0.000297619045395
1117 0.000297619049669
1118 0.000297619039683
9465 0.000297619041149
1801 0.000297619056384
1809 0.000297619044247
8781 0.000297619009594
8789 0.000297619050084
3409 0.000297619047254
3401 0.000297619048732
3403 0.000297619050711
3407 0.000297619051664
8258 0.000297619048585
8252 0.000297619041416
8254 0.000297619049601
699 0.000297619043535
696 0.000297619050729
74053 0.000297619050889
7778 0.000297619049958
6234 0.000297619049422
10978 0.000297619048554
10976 0.000297619045589
13409 0.000297619048965
13405 0.00029761904873
13400 0.000297619047862
4450 0.00029761904584
3515 0.000297619044793
5329 0.000297619050801
5325 0.000297619035304
5322 0.000297619048758
1740 0.0002976190493
3242 0.000297619049885
3241 0.000297619048698
3247 0.000297619049755
3245 0.000297619051512
3244 0.000297619031379
8015 0.000297619045303
8014 0.000297618541219
6146 0.000297619044569
6144 0.000297619055356
6141 0.000297619050997
6140 0.000297619047373
10565 0.000297619049066
10561 0.000297619024113
10568 0.000297619047972
14999 0.000297619050422
3932 0.000297619049943
3938 0.000297619051981
10695 0.00029761904287
10696 0.000297619049746
10698 0.000297619042408
7239 0.000297619045253
12878 0.000297619047564
1302 0.000297619054498
1308 0.000297619051942
1980 0.000297619049165
866 0.000297619052759
6300 0.000297619049672
6303 0.000297619048205
6307 0.000297619040891
6306 0.000297619020545
4234 0.000297619051474
4230 0.000297619045582
11908 0.000297619046747
9218 0.000297619033026
5549 0.000297619046366
5546 0.000297619048704
5547 0.000297619049942
5542 0.000297619052121
5541 0.000297619048713
65 0.000297619048444
66 0.0002976190559
60 0.000297619045893
61 0.000297619052502
62 0.000297619055091
68 0.000297619050643
69 0.00029761905574
4793 0.000297619053202
4795 0.000297619049246
4796 0.00029761905321
4797 0.000297619051463
4799 0.000297619053555
1677 0.000297619049969
15635 0.000297619050617
7857 0.000297619055541
7851 0.00029761905042
7859 0.000297619055786
2322 0.000297619050631
2320 0.000297619051028
19631 0.000297619049731
241 0.000297619051371
243 0.000297619047216
245 0.000297619046485
244 0.000297619054954
246 0.000297619055121
10717 0.000297619048206
9154 0.000297619045242
9157 0.000297619045614
9158 0.000297619044846
18275 0.000297619046031
815 0.000297619044174
1533 0.000297619047067
1532 0.000297619056307
1531 0.000297619056943
1535 0.000297619057001
1538 0.000297619052919
769 0.000297619037237
4808 0.000297619054233
4809 0.000297619052528
4801 0.000297619047499
4802 0.000297619052004
4803 0.00029761904534
4805 0.000297619057793
4807 0.000297619050262
6513 0.000297619050914
6517 0.000297619049613
7649 0.000297619050642
9396 0.000297619048995
9391 0.000297619042093
10268 0.000297619040225
10269 0.000297619048383
5739 0.000297619049966
5738 0.00029761904323
5731 0.000297619049049
5730 0.000297619049067
5733 0.000297619050395
5732 0.000297619044081
10844 0.000297619048397
10845 0.000297619043697
10848 0.000297619048677
2423 0.000297619046045
2425 0.000297619052928
21275 0.000297619030127
1739 0.000297619041207
2286 0.000297619051769
2283 0.00029761905722
1880 0.000297619054803
1884 0.000297619055064
3483 0.000297619054026
3482 0.000297619057059
16999 0.000297619049169
8702 0.000297619049688
8704 0.000297619047801
11675 0.000297619023809
11679 0.000297618892824
166 0.00029761904316
160 0.000297619056187
163 0.000297619055769
11319 0.000297619048048
14821 0.000297619050573
20815 0.000297619037409
959 0.000297619050579
955 0.000297619056423
954 0.000297619051578
951 0.000297619047413
39019 0.000297619045887
15199 0.00029761904484
6494 0.000297619050158
6491 0.000297619050737
6490 0.000297619050315
6498 0.000297619050353
6725 0.000297619045949
3022 0.00029761904161
17134 0.000297619026185
4383 0.000297619045435
4382 0.000297619047327
4381 0.000297619043707
8989 0.000297619049623
8988 0.000297619050105
16266 0.000297619035974
1389 0.000297619021383
13167 0.000297619024799
1386 0.000297619049427
9638 0.000297619048453
9637 0.000297619048401
1964 0.000297619052045
1960 0.000297619056819
1962 0.000297619051734
19202 0.000297619045667
11653 0.000297619047545
18555 0.000297619044869
3529 0.00029761904336
3524 0.000297619041996
3525 0.000297619031557
8510 0.000297619049761
8516 0.000297619029893
8514 0.000297619047194
559 0.00029761904185
558 0.000297619047871
552 0.000297619054734
17674 0.000297619036896
5034 0.000297619056347
5035 0.000297619055851
13365 0.000297619048939
5049 0.000297619055303
5048 0.000297619050292
5042 0.000297619051262
5041 0.000297619057318
5047 0.000297619033722
12096 0.000297619008461
2905 0.000297619040669
2909 0.000297619047944
6021 0.000297619047619
6022 0.000297619033012
3051 0.000297619048995
15014 0.000297619023532
6026 0.000297619047509
6029 0.000297619053974
8351 0.000297619047466
8352 0.00029761905225
14656 0.000297619022801
35238 0.000297619039249
10799 0.000297619046487
10795 0.000297619022498
10790 0.000297619047308
10791 0.000297619048382
10793 0.000297619040379
7373 0.000297619027733
8826 0.000297618986031
8824 0.000297619053586
8821 0.000297619051915
1024 0.000297619042863
1026 0.000297619027096
1020 0.000297619056958
2593 0.000297619054581
2042 0.00029761905059
2043 0.000297619045723
3314 0.00029761903815
3317 0.000297619044722
452 0.000297619056609
6221 0.000297619047472
6225 0.000297619051565
6598 0.000297619029933
11824 0.000297619048962
9318 0.000297619046576
9316 0.000297619045395
9313 0.000297619037768
9311 0.000297619050156
9310 0.000297619031224
4522 0.000297619051343
7954 0.000297619048835
7959 0.000297619053859
2206 0.000297619051119
2201 0.000297619050742
2203 0.000297619048186
2208 0.000297619052003
2209 0.000297619027029
2550 0.000297619048047
2552 0.000297619021543
2553 0.000297619054761
2555 0.000297619046273
9876 0.00029761904724
9875 0.000297619048862
4144 0.00029761904949
11587 0.000297619045669
10185 0.000297619051183
10184 0.000297619045141
10187 0.000297619036295
10180 0.000297619042815
10182 0.000297619034564
1275 0.000297619056951
1273 0.000297619051871
1016 0.000297619044893
1012 0.000297619056681
645 0.000297619046947
643 0.000297619051363
5942 0.000297619046081
5940 0.000297619048627
5946 0.000297619047468
6411 0.000297619048502
6413 0.000297616783061
4308 0.00029761904824
7455 0.000297619044995
43313 0.000297619048164
9508 0.000297619049335
9501 0.00029761903781
11032 0.000297619048387
11030 0.000297619037492
5161 0.000297619056906
5162 0.000297619056964
5163 0.000297619054854
5165 0.00029761905485
5166 0.000297619056113
5167 0.000297619048035
5168 0.000297619056859
5169 0.000297619047459
12255 0.000297619049755
19288 0.000297619046634
1478 0.000297619051305
13704 0.000297619040718
11288 0.000297619044719
8664 0.000297619038716
8660 0.0002976190353
8662 0.000297619049488
8596 0.000297619052328
19700 0.000297619047144
11130 0.000297619030291
11137 0.000297619041384
11134 0.000297619048763
10667 0.000297619047207
335 0.000297619049817
337 0.000297619057384
331 0.000297619050629
16546 0.000297619046889
16545 0.000297618982138
16542 0.000297619038309
26688 0.00029761854345
27089 0.000297619048637
20681 0.000297619050375
239 0.000297619051437
12012 0.000297619046368
12019 0.000297619048359
12018 0.00029761904047
4974 0.000297619051845
4970 0.000297619047936
4972 0.000297619049895
4973 0.000297619047274
15544 0.000297619048759
15543 0.000297619046301
15099 0.000297619043929
15090 0.00029761904645
2983 0.00029761904507
2982 0.000297619047744
6604 0.000297619052434
6602 0.000297619051247
11730 0.000297619048048
10069 0.00029761904947
10065 0.000297619050672
10060 0.000297619050024
4110 0.000297619049135
4116 0.000297619048455
95 0.000297619051088
94 0.000297619048365
97 0.000297619044582
96 0.00029761905649
91 0.000297619049271
93 0.000297619056385
92 0.000297619047371
99 0.000297619050241
98 0.00029761904933
5644 0.000297619042588
5641 0.000297619054215
9773 0.00029761898483
2510 0.000297619052568
2513 0.000297619056857
2519 0.000297619057106
3398 0.000297619046757
3392 0.000297619050221
8415 0.000297619050025
8412 0.000297619039324
24832 0.000297619032782
2127 0.000297619050233
6707 0.000297619043377
6706 0.000297619056359
26526 0.00029761904732
13240 0.000297619029367
13249 0.000297619043618
12193 0.000297618891916
5253 0.000297619023783
5257 0.000297619051418
5255 0.000297619050995
15973 0.000297619048636
5870 0.000297619056825
5871 0.000297619047485
5879 0.000297619048639
3158 0.000297619048623
3157 0.00029761904771
3155 0.000297619048762
3152 0.000297619034419
10450 0.000297619046649
10454 0.000297619045023
8167 0.000297619049361
3847 0.000297619047617
1142 0.000297619046366
1141 0.0002976189868
2499 0.000297619057011
2498 0.000297619049583
2491 0.000297619057334
2490 0.00029761905595
2493 0.00029761905658
2492 0.000297619051977
2495 0.000297619057073
2494 0.000297619057549
2497 0.000297619050298
2496 0.000297619051976
2721 0.000297619050381
3457 0.000297619052702
3453 0.000297619048173
3450 0.000297619056664
3451 0.000297619054353
3459 0.000297619048646
8207 0.000297619048797
8202 0.000297619048217
8203 0.00029761904898
8200 0.000297619046606
8209 0.000297619048162
2892 0.000297619049933
7720 0.000297619052341
7723 0.000297619056213
7728 0.000297619054446
7729 0.00029761905626
5472 0.000297619056928
5473 0.000297619048834
5470 0.000297619050231
5471 0.000297619052873
5477 0.00029761904918
5474 0.000297619051384
5475 0.000297619036951
5479 0.000297619052238
10925 0.000297619024552
4406 0.00029761905035
13786 0.000297619040773
15789 0.000297619049802
12430 0.000297619049241
11202 0.000297619046936
11208 0.000297619045175
3292 0.000297619047947
6115 0.000297619051614
6116 0.000297619054699
6117 0.000297619051538
6111 0.000297619011459
6113 0.000297619040158
10555 0.000297619038959
9068 0.000297619050642
9063 0.000297619049023
9062 0.000297619021274
11124 0.000297619037445
11125 0.00029761896153
10655 0.000297619048136
10650 0.000297619047255
10653 0.000297619041602
1339 0.000297619048118
1331 0.000297619045902
1335 0.000297619050196
1334 0.000297619051583
1337 0.000297619049283
858 0.000297619052086
59214 0.000297619042842
25090 0.000297619047904
12342 0.000297619037287
6354 0.000297619056742
6352 0.000297619048827
6350 0.000297619048608
6351 0.000297619049192
4260 0.000297619040176
6688 0.000297619047365
4196 0.000297619046033
11953 0.000297619027834
6033 0.00029761905412
9264 0.000297619048789
19 0.000297619049415
15 0.000297619055969
14 0.000297619054724
17 0.000297619056743
16 0.000297619051398
11 0.000297619057013
13 0.000297619048588
12 0.00029761902247
13081 0.000297619048118
13624 0.00029761905055
1645 0.000297619053886
8492 0.000297619041341
14046 0.000297619024671
17539 0.000297619033606
10749 0.000297619047484
272 0.000297619050138
274 0.000297619050192
12118 0.000297619050282
12114 0.000297619045551
4830 0.00029761905092
4832 0.000297619052994
4834 0.000297619049091
4837 0.00029761905306
4836 0.000297619051991
2869 0.000297619034143
2860 0.000297619050779
2863 0.000297619056679
2867 0.000297619040665
23184 0.000297619034803
4017 0.000297619055552
4012 0.000297619002468
4019 0.000297619046305
5014 0.000297619050752
10230 0.000297619049563
5016 0.000297619057292
9439 0.000297619041395
5760 0.000297619041519
9432 0.000297619046301
2410 0.000297619051882
2413 0.000297619057277
2412 0.000297619048263
3717 0.000297619049524
1851 0.000297619007106
1855 0.000297619053533
1856 0.000297618540595
1108 0.000297619048235
18460 0.000297619024457
16943 0.000297619021882
9885 0.00029761904967
9889 0.000297619049592
11623 0.000297619048829
8288 0.000297619044305
8286 0.000297619047484
17701 0.000297619042406
26774 0.000297619041981
962 0.000297619051442
963 0.000297619045362
13475 0.000297619047148
3212 0.00029761905071
15163 0.000297619040444
11420 0.000297619051073
8048 0.000297619054148
8041 0.000297619054923
8044 0.000297619054972
8046 0.000297619056715
17146 0.000297619045637
8953 0.000297619044027
8956 0.000297619036079
13137 0.000297619045756
13130 0.000297619051076
13132 0.000297619034898
1955 0.000297619046203
1953 0.000297619052643
1952 0.000297619043401
8561 0.000297619049725
8560 0.000297619053598
8566 0.000297619051551
8569 0.000297619051152
31362 0.000297619056152
563 0.000297619019014
565 0.000297619052762
385 0.000297619056925
380 0.000297619049077
381 0.000297619057821
7001 0.000297619031412
5538 0.000297619056823
5537 0.000297619034995
5532 0.000297619052811
5530 0.000297619050928
4723 0.000297619048942
4729 0.000297619049155
7824 0.000297619041328
7823 0.000297619048755
7828 0.00029761904827
5090 0.00029761905357
5091 0.000297619046953
5094 0.000297619037158
5095 0.000297619049924
5096 0.000297619048496
5097 0.00029761903187
2378 0.000297619056435
2379 0.00029761905679
2371 0.000297619047857
2374 0.000297619056336
23694 0.000297619043433
8360 0.000297619055592
8363 0.000297619056726
8362 0.000297619049386
2959 0.000297619043564
6019 0.000297619050913
6018 0.000297619051718
6011 0.000297619050287
4777 0.000297619050388
3021 0.000297619048268
3027 0.000297619047677
3025 0.000297619050378
3024 0.000297619051294
9102 0.000297619044569
1560 0.000297619050934
1563 0.000297619052932
1567 0.000297619051872
1569 0.000297619050385
2031 0.0002976190499
30738 0.000297619051595
480 0.000297619041768
486 0.000297619046886
732 0.000297619047192
737 0.000297619044533
6251 0.000297619047335
6250 0.000297619049548
6256 0.000297619043074
6254 0.000297619045839
11850 0.000297619010847
9345 0.000297619048105
9341 0.0002976190475
7617 0.000297619053953
1641 0.000297619053596
10816 0.000297619043745
23953 0.000297619048596
10743 0.000297619050212
1761 0.000297619054855
13544 0.000297619048059
1768 0.00029761904913
3729 0.000297619050657
3726 0.000297619050128
2230 0.000297619037294
3188 0.000297619048123
3180 0.000297619049052
3183 0.000297619053712
1059 0.000297619055636
8750 0.000297619045794
8755 0.000297619045862
1050 0.000297619048252
9806 0.000297619048554
132 0.000297619027742
131 0.000297619051825
137 0.000297619051975
136 0.000297619047258
135 0.000297619049487
134 0.000297619049494
139 0.000297619048
1245 0.000297619047515
1248 0.000297619050359
677 0.000297619052873
671 0.000297619049755
15258 0.000297619042864
5939 0.000297619049171
5933 0.00029761903895
5931 0.00029761904635
5930 0.000297619050726
5937 0.00029761904415
5935 0.000297618971799
5934 0.000297619051505
7794 0.000297619056213
7793 0.000297619055164
7420 0.000297619046846
7428 0.000297618960901
4688 0.000297619025676
4689 0.00029761904918
4683 0.000297616940142
4680 0.000297619050183
10376 0.00029761904648
10374 0.000297619048308
5483 0.000297619056283
5482 0.000297619046575
5480 0.000297616939597
5485 0.00029761905181
9688 0.000297619040353
9686 0.000297619045862
10992 0.000297619049902
10991 0.000297619049099
5151 0.000297619052737
5150 0.000297619050738
5152 0.000297619056266
5155 0.000297619050553
5154 0.00029761905663
12269 0.000297619045438
12260 0.000297619051151
1486 0.00029761905026
1489 0.000297619051338
1488 0.000297619053097
8658 0.000297619046672
8655 0.000297618951044
8654 0.000297619051851
8657 0.000297619051062
8656 0.000297619048935
8651 0.000297619050007
8653 0.000297619046739
11100 0.00029761903698
309 0.000297619050656
886 0.000297619048813
12062 0.000297619045746
4944 0.000297619053579
4941 0.000297619049729
4943 0.000297619050589
15041 0.000297618541
15044 0.000297619043297
6099 0.000297619048255
11747 0.00029761904119
6636 0.000297619029433
6631 0.000297619052959
7320 0.000297619052052
7327 0.000297619021816
8857 0.000297619048986
8856 0.000297619027036
8851 0.000297619048825
8859 0.000297619048417
9180 0.000297619048055
9186 0.000297619050523
9727 0.000297619049554
9720 0.000297619045396
1692 0.000297619048936
1693 0.000297619048203
1699 0.000297619056867
2529 0.000297619057113
2525 0.000297619056502
2524 0.000297619056507
2527 0.000297619057177
2526 0.000297619057662
2521 0.000297619051197
2520 0.000297619046082
2522 0.000297619056369
8445 0.000297619049491
3341 0.000297619045921
3347 0.000297619047504
3344 0.000297619029074
16836 0.000297619050993
16832 0.000297619025114
403 0.000297619056536
401 0.000297619054909
400 0.000297619056066
406 0.000297619051689
405 0.000297619056252
408 0.000297619057742
1422 0.00029761904216
1425 0.000297619050228
1424 0.000297619039546
1426 0.000297619050111
7699 0.000297619056387
7690 0.000297619021256
7693 0.000297619056236
7694 0.000297619054592
7695 0.000297619049004
7697 0.000297619054637
6155 0.000297619036295
10890 0.000297619050021
13277 0.000297619039813
7907 0.000297619042241
7909 0.00029761904923
12637 0.000297619049596
22651 0.000297619049706
13147 0.000297619047186
3108 0.000297619046676
10467 0.000297619049453
8130 0.000297619008324
8133 0.000297619056858
5106 0.000297619048002
5107 0.000297619052244
3810 0.000297619037846
5102 0.000297619056944
5103 0.000297619049683
10289 0.000297619048825
16700 0.000297619049553
2778 0.000297619050172
2774 0.000297619048529
2775 0.000297619049589
2771 0.000297619052363
6440 0.000297619051564
6446 0.000297619049023
6444 0.000297619049378
6445 0.000297619046119
4350 0.000297619049098
4351 0.000297619010627
4354 0.000297619047814
4355 0.000297619049476
7719 0.000297619055102
7718 0.000297619053172
7717 0.000297619041946
7713 0.000297619049375
7712 0.00029761904846
5409 0.000297619043148
5403 0.000297619057069
5402 0.000297619053589
5405 0.000297619050717
10913 0.000297619021846
10910 0.000297619047269
4839 0.000297619050205
18853 0.000297619043947
13759 0.000297619048014
15753 0.000297619046673
15752 0.000297619047954
5389 0.000297619045172
5384 0.00029761905303
5386 0.000297619047311
5380 0.000297619050775
5381 0.000297619048423
5383 0.000297619055183
3502 0.000297619049258
10589 0.000297619040923
10582 0.000297619030484
10584 0.00029761904703
9960 0.000297619045842
6125 0.000297619050785
6127 0.000297619049901
6120 0.000297619050726
6129 0.000297619046809
4088 0.000297619047847
10633 0.000297619050503
9037 0.000297619032193
9035 0.000297619049933
9030 0.000297619038296
1366 0.000297619047627
1367 0.000297619049799
1364 0.000297619056064
1363 0.000297619045559
1361 0.000297619050444
14307 0.000297619023772
809 0.000297619050665
806 0.000297619052984
804 0.000297619038907
803 0.000297619049758
800 0.000297619046631
15514 0.000297619022482
4257 0.000297619048703
10033 0.000297619022514
10037 0.000297619048272
10036 0.000297619046977
5619 0.000297619055953
5613 0.000297619057217
5611 0.000297619053915
5616 0.000297619045755
5617 0.000297619049814
5615 0.00029761903161
12304 0.000297619048886
5157 0.000297619057
1619 0.000297619044655
1614 0.000297619049127
3619 0.000297619051259
11029 0.000297619039077
11020 0.000297619049877
28547 0.000297619046457
10775 0.000297619046284
10773 0.000297619050023
10778 0.000297619046605
228 0.000297619043894
226 0.000297619055797
225 0.000297619055687
223 0.000297619047885
222 0.000297619050472
221 0.000297619051858
220 0.000297619050601
3161 0.000297619051134
1756 0.000297619046913
12141 0.000297619025478
4868 0.000297619039849
4867 0.000297619053857
4865 0.000297619051171
4861 0.000297619027807
5765 0.000297619047621
5805 0.000297619055345
5800 0.000297619050368
2859 0.000297619044942
2858 0.000297619049479
5809 0.000297619043238
5808 0.000297619050919
6571 0.000297619051533
3897 0.000297619049015
10202 0.000297619038148
10200 0.000297619048453
4040 0.000297619049586
13956 0.000297619047923
13954 0.000297619049851
1131 0.000297619046102
9443 0.00029761903239
9444 0.000297619047365
1791 0.000297619056363
2444 0.000297619048383
1861 0.000297619048776
1865 0.000297619053099
3791 0.000297619047878
16975 0.000297619047927
11614 0.000297619047356
8273 0.000297619048043
13368 0.000297619040892
6979 0.00029761904531
16186 0.000297619050382
5304 0.00029761904659
5300 0.00029761904334
5301 0.000297619047416
12484 0.00029761901431
10502 0.000297619049662
10504 0.000297619048976
10506 0.000297619050174
10508 0.00029761905071
8072 0.000297619056449
8074 0.000297619054191
8077 0.000297619055465
18087 0.000297619046516
17190 0.000297619049846
8926 0.000297619027902
8929 0.000297619045261
8928 0.000297619049793
11629 0.000297619051938
17942 0.000297619034172
20507 0.000297619048439
539 0.000297619051321
538 0.000297619056827
533 0.000297619053508
532 0.000297619056656
6329 0.000297619047734
6327 0.00029761905064
6322 0.000297619051232
6320 0.00029761904834
7058 0.000297619045278
5564 0.000297619053175
5565 0.000297619048602
5567 0.000297619049783
5562 0.00029761904918
5563 0.000297619044613
5568 0.000297619045686
5569 0.000297619055028
5690 0.000297619049887
5691 0.00029761905253
5697 0.000297619045592
5695 0.000297619049458
5698 0.000297619048485
48 0.000297619053026
49 0.000297619058449
46 0.000297619057822
47 0.000297619051471
43 0.000297619050411
40 0.000297619041994
4779 0.000297619040521
4772 0.000297619036101
4773 0.000297619038355
12383 0.000297619047396
12384 0.000297619047143
12389 0.000297619046471
7878 0.000297619044649
7872 0.00029761903344
2344 0.000297619054855
2347 0.000297619051228
2346 0.000297619050906
2965 0.000297619044926
2964 0.000297619050299
2967 0.000297619043914
2966 0.000297619046941
2961 0.000297619045398
2960 0.00029761905702
6047 0.000297619047638
6044 0.000297619050334
6040 0.000297619050896
9172 0.000297619049026
9179 0.000297619050412
1081 0.00029761904133
3076 0.000297619057391
1559 0.00029761905733
1553 0.000297619054757
703 0.000297619052639
706 0.000297619047358
5886 0.000297619042876
5881 0.000297619023557
12983 0.000297619045355
6280 0.000297619049102
6281 0.000297619047121
6284 0.000297619050547
6286 0.000297619046542
6289 0.000297619052561
7620 0.00029761905248
7625 0.000297619046202
2334 0.000297619050589
2335 0.000297619052426
12535 0.000297619026356
9373 0.000297619048902
5715 0.000297619053263
5710 0.000297619050397
5719 0.00029761904739
5718 0.000297619047268
10826 0.000297619050375
10824 0.000297619038053
1719 0.000297619045482
1712 0.000297619057404
1710 0.000297619057079
1715 0.000297619057161
1714 0.000297619048455
8760 0.000297619036499
8763 0.000297619028347
8764 0.000297619047825
8766 0.000297619050833
8768 0.000297619040658
2542 0.000297619057422
8186 0.000297619045434
8180 0.000297619052236
8183 0.000297619049944
8182 0.000297619053682
11699 0.000297619049248
11693 0.000297619049114
11691 0.000297619048462
10126 0.000297619049608
10121 0.00029761904845
149 0.000297619050497
143 0.000297619057167
140 0.000297619050261
141 0.000297619053862
144 0.000297619050242
145 0.000297619051059
14800 0.000297619043023
14806 0.000297619044917
30513 0.0002976190559
21456 0.000297619047252
15202 0.000297619035762
27809 0.000297619048225
27803 0.000297619048177
10700 0.000297619032756
10704 0.000297619045561
10327 0.000297619047154
10322 0.000297619051055
4677 0.000297619048983
4675 0.000297619057429
4674 0.000297619048801
4673 0.000297619033279
4672 0.000297619051648
4671 0.000297619038277
4679 0.0002976190519
4678 0.000297619050866
12890 0.00029761903785
12895 0.000297619051225
5100 0.000297619050211
5101 0.000297619051399
9653 0.000297619048613
5108 0.000297619054378
1900 0.000297619051604
1901 0.000297619056421
1906 0.000297619048763
12231 0.000297619047495
8683 0.000297619050322
8687 0.000297619051317
11155 0.000297616938479
8531 0.000297619047148
8539 0.00029761904857
5357 0.000297619052487
5352 0.000297619055248
5351 0.00029761904865
5350 0.000297619050361
6839 0.000297619044111
4999 0.000297619048445
4992 0.00029761904369
4993 0.000297619050296
4990 0.00029761905186
4991 0.000297619043121
4997 0.000297619048567
5020 0.000297619053425
5022 0.000297619024186
5025 0.000297619049727
5024 0.000297619050571
5026 0.000297619047594
5029 0.000297619051337
5028 0.00029761903738
13839 0.00029761904897
3078 0.000297619048081
3079 0.000297619048357
2836 0.000297619052695
8336 0.000297619047336
8337 0.000297619051297
8338 0.000297619025112
7311 0.00029761905263
8808 0.000297619049015
8800 0.000297619050106
1009 0.000297619053135
6195 0.000297619025492
1002 0.000297619050861
1001 0.000297619053893
6190 0.000297619047121
6193 0.000297619046094
6199 0.000297619051252
9 0.000297619053331
8 0.000297619058257
1 0.000297619053663
0 0.000297619056459
3 0.000297619051766
5 0.000297619050277
4 0.000297619051742
7 0.000297619046446
6 0.000297619048113
2062 0.000297619011819
2067 0.000297619056715
8474 0.000297619034534
3332 0.000297619044069
3330 0.000297619048153
16805 0.00029761904473
783 0.00029761903414
786 0.00029761904709
6208 0.000297619049849
6209 0.00029761905139
6200 0.00029761904529
6201 0.000297619043927
10986 0.000297619047212
11803 0.000297619045028
5799 0.000297619055904
5798 0.000297619025691
5795 0.000297619052429
15917 0.000297619025597
7932 0.000297619048581
7936 0.000297619048728
12644 0.000297618961297
2887 0.000297619050606
2882 0.000297619046487
2880 0.000297619056624
2881 0.00029761905064
11341 0.000297619049556
3139 0.000297619048661
3138 0.000297619050478
3134 0.000297619047649
3130 0.000297619052695
3133 0.00029761904348
8104 0.000297619051178
8100 0.000297619028361
9858 0.000297619046661
9854 0.000297619048364
9855 0.000297619041016
10438 0.00029761905116
10431 0.000297619050103
10432 0.000297619044767
16770 0.000297619028537
14884 0.000297619046652
1219 0.000297619053578
1210 0.000297619052336
1211 0.000297619053912
2747 0.000297619057102
772 0.000297619052123
629 0.000297619050653
625 0.000297619053391
5960 0.000297619049192
5961 0.000297619050673
5965 0.000297619044202
5966 0.000297619046649
5967 0.000297619049034
23279 0.000297619040041
27888 0.000297619053282
6433 0.000297619043299
6436 0.000297619020047
4366 0.000297619047568
9525 0.000297619048513
9521 0.000297619048932
9522 0.000297619011421
7473 0.000297619048778
7474 0.000297619034931
5189 0.000297619035356
5186 0.000297619054075
5187 0.000297619056538
5184 0.000297619028093
6989 0.000297619050046
1453 0.000297619045649
15896 0.000297618544039
18869 0.000297619048448
1983 0.000297619049718
1981 0.000297619050408
3583 0.000297619051247
2184 0.000297619049413
2181 0.000297619036639
2189 0.000297619049747
8602 0.00029761904741
8604 0.000297619042836
2602 0.000297619050668
2608 0.000297619053358
9959 0.000297619037205
9950 0.000297619047141
10604 0.000297619049541
356 0.000297619048464
354 0.00029761904807
10646 0.000297619046538
4515 0.00029761904871
10644 0.000297619027356
10640 0.000297619049415
20008 0.000297619001651
12035 0.000297619038782
12034 0.000297619028174
4916 0.000297619051317
4917 0.000297619051489
25783 0.000297619045642
4918 0.000297619037747
2831 0.00029761902739
2830 0.000297619052505
6660 0.000297619051619
6667 0.00029761904813
11719 0.000297619051213
11716 0.000297619042564
10044 0.000297619041547
10046 0.000297618932246
4282 0.000297619047299
4280 0.000297619046806
4285 0.000297619007502
8880 0.000297619046368
4540 0.000297619046412
9284 0.000297619054203
9287 0.000297619042026
9757 0.000297618976199
9751 0.000297619051078
5663 0.000297619046061
5662 0.00029761904929
5661 0.000297619035475
5664 0.000297619046087
12376 0.000297619050696
2578 0.000297619049705
2579 0.00029761904807
17826 0.000297619040604
2392 0.000297619050187
2391 0.000297619050097
2398 0.000297619052922
14020 0.000297619046917
14021 0.000297619048498
16889 0.000297619046272
2977 0.000297619043873
17040 0.000297619042839
2260 0.000297619049978
13594 0.000297619044871
12179 0.000297619044214
12174 0.000297619044232
12175 0.000297619047971
5270 0.000297619042969
5272 0.000297619041643
5276 0.000297619047364
5277 0.000297619049481
4895 0.000297619049624
4894 0.000297619037718
4893 0.000297619050491
4892 0.000297619052731
4891 0.000297619048627
4899 0.000297619049461
26999 0.000297619025742
5859 0.000297616939437
2809 0.000297619053234
2806 0.000297619047336
5856 0.000297619052285
2805 0.000297619050938
2803 0.00029761905265
5853 0.000297619048689
15338 0.000297619056854
11528 0.000297619048665
11527 0.000297619044848
4076 0.000297619046867
1165 0.000297619049636
1292 0.000297619053074
1294 0.000297619051777
1298 0.000297619051877
3767 0.000297619051727
1836 0.000297619049645
1834 0.000297619049659
1835 0.000297619057292
1839 0.000297619049902
3470 0.000297619052935
8228 0.000297619050757
8225 0.000297619044074
8220 0.000297619047735
8221 0.000297619050471
8222 0.000297619035734
10437 0.000297619047364
10436 0.000297619051148
7742 0.000297619055735
7743 0.000297619049063
7740 0.000297619056399
7744 0.000297619049732
7748 0.000297619054885
7749 0.000297619055319
5458 0.000297619047322
5459 0.00029761905183
5451 0.000297619047975
5452 0.000297619049353
5453 0.000297619057423
5455 0.000297619044523
5457 0.000297619052651
10941 0.000297619045785
10943 0.000297619025262
10944 0.000297619043658
10947 0.000297619048103
15817 0.000297619047495
5337 0.000297619040142
5336 0.000297619056576
3278 0.000297619030544
3277 0.000297619047519
3275 0.000297619051398
8026 0.000297619046813
8027 0.000297619056355
8024 0.0002976190549
8025 0.000297619049702
8020 0.000297619040579
6178 0.000297619049707
6176 0.000297619025675
11489 0.000297619041416
11488 0.000297619048147
18768 0.000297619036219
10682 0.000297619045175
10688 0.000297619045405
9047 0.000297619050359
9044 0.000297619050141
12860 0.000297619033801
54101 0.000297619047046
1315 0.000297619036897
1312 0.000297619043587
1319 0.000297619048208
11666 0.000297619026167
879 0.000297619056785
871 0.00029761905658
2662 0.000297619042084
2669 0.000297619043111
178 0.000297619046599
172 0.000297619048386
2370 0.00029761905599
7562 0.000297619040216
6376 0.000297619045476
6377 0.000297619046526
6379 0.000297619046583
4206 0.000297619046735
4208 0.000297619050192
4209 0.000297619049563
9208 0.000297619048627
5559 0.000297619051848
32510 0.000297619030795
5557 0.000297619050145
5550 0.000297619047453
5552 0.000297619051969
77 0.000297619037162
74 0.00029761903721
71 0.000297619047482
4787 0.000297619050622
4785 0.000297619051522
4789 0.000297619050421
7844 0.000297619048908
7847 0.000297619050676
7841 0.000297619052894
7843 0.00029761905044
2312 0.000297619051554
2310 0.000297619046612
10724 0.000297619052072
253 0.000297619057073
251 0.000297619056807
17516 0.000297619045281
1507 0.000297619021429
1501 0.000297619056915
1508 0.00029761904747
1509 0.000297619058152
30751 0.000297619048574
757 0.000297619049872
750 0.000297619049412
4819 0.000297619049165
4818 0.000297619036872
4817 0.000297619038257
4813 0.000297619047512
4810 0.000297619049998
3156 0.000297619049387
15444 0.000297619047781
3056 0.000297619051394
3057 0.000297619050245
2954 0.000297619039702
2956 0.000297619048816
2950 0.000297619041258
6507 0.000297619040265
6500 0.000297619050871
6509 0.00029761903664
7673 0.000297619050137
9410 0.000297619049423
9411 0.000297619048211
9412 0.000297619046264
5748 0.00029761903731
5740 0.000297619052713
5742 0.000297619045939
5743 0.00029761905414
6017 0.000297619054048
6091 0.000297619052552
10873 0.000297619046771
2438 0.000297619052711
2437 0.00029761905033
2431 0.000297619051339
6092 0.000297619048194
19395 0.0002976190506
2292 0.000297619056687
2290 0.000297619043644
2297 0.000297619044821
2299 0.000297619055914
3747 0.000297619041346
14149 0.000297619044787
14145 0.00029761904499
14147 0.000297619044912
14146 0.000297619045095
8730 0.000297619049659
8731 0.000297619046873
6196 0.000297619051866
13061 0.000297619049362
10113 0.000297619047489
10111 0.000297619049098
190 0.000297619047018
193 0.000297619050843
192 0.000297619057848
195 0.000297619057758
199 0.000297619055868
198 0.000297619055573
940 0.000297619048009
947 0.000297619056246
12729 0.000297619041278
15186 0.000297619049071
15187 0.00029761904891
15185 0.000297619047721
15180 0.000297619042994
6710 0.000297619048915
11403 0.000297619046068
11402 0.000297619032912
11401 0.00029761904893
11004 0.000297619010153
8973 0.000297619048194
4628 0.0002976190394
13118 0.000297619050204
13114 0.000297619046689
13113 0.000297619044329
9620 0.000297619045112
9627 0.000297619034297
9625 0.000297619047667
9624 0.000297619047377
9629 0.000297619048408
1973 0.000297619052423
1972 0.000297619049567
1971 0.000297619056992
1970 0.00029761904991
1979 0.00029761905061
3538 0.00029761903243
8509 0.000297619024135
8508 0.000297619050156
546 0.000297619054933
545 0.000297619052521
540 0.000297619049964
4454 0.000297619048887
4451 0.000297619047916
7027 0.000297619046791
7021 0.000297619052064
6866 0.00029761903792
4709 0.000297619010636
4708 0.000297619049386
4707 0.000297619051526
4700 0.00029761905001
13683 0.000297619041908
13681 0.000297619047332
5078 0.000297616943908
5079 0.000297619045113
5076 0.00029761905669
5072 0.000297619037067
5070 0.00029761904863
8348 0.000297619025196
2938 0.00029761905097
2932 0.000297619052452
2933 0.000297619050212
2937 0.000297619048836
3043 0.000297619050027
3047 0.00029761904706
6039 0.000297619044927
35241 0.000297619049069
18155 0.000297619046138
7340 0.000297619037378
2116 0.000297619046895
8830 0.000297619031078
12947 0.000297619043043
27102 0.000297618960994
2583 0.000297619051741
2587 0.000297619052496
2588 0.000297619041761
17892 0.000297619048899
2054 0.000297619047465
17898 0.000297619044326
11128 0.000297619048386
4397 0.000297619041538
1454 0.000297619049677
1456 0.00029761905138
13493 0.00029761904782
6230 0.000297619041032
6232 0.000297619053448
6235 0.000297619050068
13490 0.000297619021504
6581 0.000297619052388
11835 0.00029761904665
7188 0.000297619049201
9323 0.000297619049289
9321 0.000297619049426
9326 0.000297619048335
9324 0.000297619049459
9329 0.000297619048991
15110 0.000297619024694
7967 0.000297619054122
7964 0.000297619038011
7962 0.000297619047392
7968 0.000297619047071
2210 0.000297619048122
2216 0.000297619051342
2215 0.000297619047382
15762 0.000297619048003
15761 0.000297619047106
11312 0.000297619049014
19164 0.000297619049264
119 0.000297619047204
118 0.00029761905411
111 0.000297619053946
110 0.000297619052109
113 0.000297619052801
112 0.000297619031017
115 0.000297619053927
114 0.000297619052929
116 0.000297619053321
12888 0.000297619049262
9647 0.000297618987015
1266 0.000297619047503
1264 0.000297619051456
651 0.000297619041323
12220 0.000297619052008
5952 0.000297619049814
5955 0.000297619042052
5957 0.000297619049686
5959 0.000297619050138
5958 0.000297619049273
4338 0.000297619036886
7441 0.000297619053424
10356 0.000297619045286
5174 0.000297619049327
5172 0.00029761905713
5171 0.000297619054514
5170 0.000297619050881
5179 0.000297619051875
13197 0.000297619049407
13193 0.00029761904859
19298 0.000297619044794
4491 0.000297619044673
1465 0.000297619047996
1464 0.00029761904669
17994 0.000297618540406
15738 0.000297619049763
11298 0.00029761904783
11297 0.000297619048155
8678 0.000297619048354
8673 0.000297619052563
8674 0.00029761905131
9982 0.000297619038756
1396 0.000297619049344
8581 0.000297619049997
8582 0.000297619050271
8589 0.000297619049936
11123 0.000297619047611
10656 0.000297619050797
320 0.000297619057202
321 0.000297619041801
324 0.000297619057495
16552 0.000297619011663
63813 0.000297619050922
12004 0.000297619047795
4969 0.000297619047336
4963 0.000297619056204
4962 0.000297619049513
4967 0.000297619051473
4964 0.000297619049404
6612 0.000297619050365
6618 0.000297619050514
23099 0.000297619047471
11723 0.000297619047169
11720 0.000297619048054
11725 0.000297619025291
10093 0.000297619051359
10096 0.000297619049736
5235 0.00029761904637
5236 0.00029761905666
5230 0.000297619046751
5231 0.00029761904971
5238 0.000297619023861
2573 0.00029761904716
9705 0.000297619049752
2509 0.000297619057115
2508 0.000297619039394
2503 0.000297619057347
2501 0.000297619047592
2500 0.000297619057416
2507 0.000297619056998
2506 0.000297619052794
2505 0.000297619056765
2504 0.000297619054081
17815 0.000297619043852
3360 0.00029761904774
3361 0.000297619044381
3362 0.000297619052575
421 0.000297619053519
16123 0.000297619042379
17031 0.000297619047631
285 0.000297619050714
284 0.000297619056985
286 0.00029761905707
281 0.000297619045109
283 0.000297619052211
1763 0.000297619037151
1766 0.000297619050622
13254 0.000297619024539
5241 0.000297619052373
5240 0.000297619040967
5245 0.000297619053262
5244 0.000297619051668
5247 0.00029761904925
5865 0.000297619046755
5867 0.000297619042918
5779 0.000297619048077
5868 0.000297619028789
3162 0.000297619048645
15349 0.000297619048822
10440 0.000297619050891
8151 0.000297619050064
3838 0.000297619043598
13937 0.000297619043523
41562 0.000297619049006
16189 0.000297619041794
1154 0.00029761902667
1151 0.000297619045805
19329 0.000297619045349
20243 0.000297619039993
8210 0.000297619041238
35131 0.000297619046901
16736 0.000297619047191
16731 0.000297619048596
11333 0.000297619045336
6469 0.000297619021168
6460 0.000297619049561
6466 0.000297619045883
7738 0.000297619055048
7731 0.000297619053264
7737 0.000297618540331
7736 0.000297619056302
7734 0.00029761905532
5463 0.000297619048257
5466 0.000297619056808
5468 0.000297619051511
10931 0.000297619045651
10934 0.00029761905005
10935 0.000297619048572
2150 0.000297619055384
2159 0.000297619056215
12424 0.000297619044505
19043 0.000297619050757
19049 0.000297619007656
3282 0.000297619044432
3280 0.000297619050843
3288 0.000297619042463
9908 0.000297619036993
6102 0.00029761905156
6105 0.000297619053515
6104 0.000297619050911
6109 0.00029761904892
6108 0.000297619048181
9015 0.000297619051086
9016 0.000297619049251
9010 0.00029761898514
9012 0.00029761904922
10177 0.000297619048853
10170 0.000297619046804
18363 0.000297619053042
1348 0.000297619035473
1344 0.000297619052908
1347 0.000297619029931
1341 0.000297619049205
825 0.000297619048458
826 0.000297619043815
821 0.000297619048132
822 0.000297619051038
829 0.000297619052413
599 0.000297619056194
595 0.000297619056731
591 0.000297619032751
593 0.000297619052672
6348 0.000297619053555
6344 0.000297619048312
6341 0.000297619040634
6699 0.000297619040846
7569 0.000297619045572
10013 0.000297619041961
10016 0.000297619045898
9258 0.000297619050898
9256 0.000297619047827
5588 0.000297619054281
5580 0.000297616940329
5581 0.000297619051659
5585 0.0002976190562
9787 0.00029761904645
5631 0.000297619047949
5634 0.000297619049322
28 0.000297619054003
20 0.000297619049788
21 0.000297619050404
22 0.000297619053819
23 0.000297619049968
25 0.000297619056194
26 0.00029761904883
13095 0.000297619048405
12327 0.00029761905107
1635 0.000297619053601
1631 0.000297619056727
1632 0.00029761905609
3672 0.00029761904768
3095 0.000297619048399
3093 0.000297619045688
3091 0.000297619044157
11001 0.000297619029105
10751 0.000297619030985
10754 0.000297619029116
205 0.00029761905584
207 0.000297619052093
206 0.000297619056837
209 0.000297619028219
3069 0.000297619049449
3061 0.000297619044727
1670 0.000297619052438
13673 0.000297618540313
12121 0.000297619046333
16050 0.000297619049937
4844 0.000297619053941
4846 0.000297619047897
4840 0.000297619037776
4842 0.000297619037897
4843 0.000297619050114
23735 0.000297618540383
2879 0.000297619046397
2878 0.000297619048783
2877 0.000297619047802
2875 0.000297619046817
10221 0.000297619049153
10225 0.000297619049051
9429 0.000297619043307
9428 0.000297619047219
5776 0.000297619042385
5770 0.000297619052625
9421 0.000297619044632
9422 0.000297619050026
9426 0.000297619041993
2466 0.000297619050008
2463 0.000297619049243
2468 0.000297619043781
2792 0.000297619051149
2797 0.000297619049615
2794 0.000297619050218
2795 0.000297619049904
2798 0.000297619049647
1847 0.000297619039636
1846 0.000297619037511
1845 0.000297619048995
18411 0.000297619021599
2571 0.000297619053598
2577 0.000297619049898
16959 0.000297619047563
11635 0.000297619047354
8299 0.000297619050579
8298 0.000297619050365
8297 0.00029761904246
8293 0.000297619049343
6951 0.000297619052257
13443 0.000297619048914
5362 0.000297619038703
5360 0.00029761904281
5361 0.000297619046925
5366 0.000297619046604
5367 0.000297619054026
5364 0.000297619029738
5369 0.000297619048635
15844 0.000297619040554
5986 0.000297619052037
5984 0.000297619046423
5985 0.000297619051346
5980 0.000297619046754
5988 0.000297619048769
3208 0.000297619048453
3204 0.00029761905045
3201 0.000297619049137
1706 0.000297619036223
6189 0.000297619049855
6188 0.000297619043132
11438 0.000297619024741
11430 0.000297619046931
10527 0.000297619049051
10524 0.000297619048486
8058 0.000297619052309
8057 0.000297619049231
8056 0.000297619047582
8050 0.000297619056342
10389 0.000297619046493
10387 0.00029761904606
10380 0.000297619044339
4616 0.000297619050511
4610 0.000297619037188
4619 0.000297619047232
9096 0.00029761904448
9097 0.000297619041899
9091 0.000297619030131
9099 0.00029761905063
12833 0.000297619048606
12831 0.000297619040363
12838 0.000297619042857
2611 0.00029761905695
17929 0.00029761904586
3561 0.000297619045499
8557 0.00029761902225
8552 0.000297619046545
5418 0.000297619052794
516 0.000297619057026
510 0.000297619056904
32098 0.000297619057254
7070 0.000297619055728
5506 0.000297619050255
5504 0.000297619057423
5505 0.000297619049584
4755 0.000297619053808
4756 0.000297619051972
4759 0.000297619045556
5083 0.000297619052615
5080 0.000297619049952
7812 0.000297619054526
7811 0.000297619044899
5088 0.000297619048429
2367 0.000297619056043
2366 0.000297619056488
2362 0.000297619056822
8391 0.000297619050893
8393 0.000297619048663
2943 0.000297619051204
2942 0.000297619056864
2949 0.000297619052923
2948 0.00029761904765
11089 0.000297619035455
11083 0.000297619050521
14615 0.00029761904455
9113 0.000297619036145
9115 0.000297619047133
9114 0.000297619042104
1415 0.000297619039688
4421 0.000297619054642
1577 0.000297619052215
1570 0.000297619051623
1579 0.000297619049693
16232 0.000297618542178
2007 0.000297619040137
498 0.000297619054396
725 0.00029761903804
722 0.000297619056713
6269 0.000297619045764
6264 0.000297619045064
6263 0.000297619048246
6260 0.000297619048591
6261 0.000297619052447
11862 0.000297619046914
7604 0.000297619048975
7609 0.000297619051269
10803 0.000297619045567
21235 0.000297619050422
1771 0.000297619051252
1772 0.000297619049406
1779 0.0002976190519
1778 0.000297619048983
13579 0.000297619049313
29400 0.00029761903788
18491 0.000297619050005
5296 0.000297619050421
5297 0.000297618543233
5292 0.000297619024263
5290 0.000297619054633
5291 0.00029761904536
5298 0.000297619019013
5299 0.000297619052259
3194 0.000297619055696
3198 0.000297619032765
8748 0.000297619033516
8741 0.000297619051172
14135 0.0002976190453
14130 0.000297619040471
10494 0.000297619044609
10491 0.000297619049953
2682 0.000297619051143
2686 0.000297619042139
9837 0.000297619050814
120 0.000297619033488
122 0.000297619051515
125 0.00029761905349
128 0.000297619053949
10146 0.000297619044838
9234 0.000297619046184
918 0.000297619049898
6214 0.000297619048037
36104 0.000297619046873
5909 0.000297619053814
5906 0.000297619049369
5907 0.000297619049101
5905 0.000297619052494
5902 0.000297619051172
5900 0.000297619055431
5901 0.000297619048392
11811 0.000297619051722
6766 0.000297619048992
4699 0.000297619056844
4695 0.000297619051663
4694 0.000297619057118
4697 0.000297619054839
4690 0.000297619053082
10306 0.000297619046209
10302 0.000297619044361
10309 0.00029761904285
16222 0.000297619047793
9672 0.000297619050111
9677 0.000297619048134
5128 0.000297619052368
5125 0.000297619051556
5126 0.000297619057121
5127 0.000297619055457
5120 0.000297619051152
5122 0.00029761905199
5123 0.000297619057157
12217 0.000297619046221
1924 0.000297619049607
1925 0.000297619052586
2617 0.000297619050587
11175 0.000297619050666
19741 0.000297619050421
891 0.000297619056948
898 0.000297619051668
13323 0.000297619029845
7892 0.000297619050527
5009 0.000297619037
5008 0.000297619051135
5007 0.000297619044063
5006 0.000297619056672
5004 0.00029761905131
5002 0.000297619052348
5000 0.00029761905661
68175 0.000297619046665
15056 0.0002976190356
11770 0.000297619049623
8318 0.000297619050025
8319 0.000297619051888
8311 0.000297619052682
8314 0.000297619050421
8315 0.000297619053177
8316 0.000297619048773
5857 0.000297619050718
2801 0.000297619046905
7338 0.000297619047324
55184 0.000297619040906
17340 0.000297619043868
4153 0.000297619048379
8861 0.000297619054303
9190 0.00029761905309
9196 0.000297619041541
1062 0.000297619056417
13049 0.000297619046292
13048 0.000297619027282
9737 0.000297619047202
9739 0.000297619047561
1685 0.000297619045829
1680 0.000297619045404
1683 0.000297619048275
2087 0.000297619049181
2084 0.000297619049892
2081 0.00029761904853
8457 0.000297619050205
3350 0.000297619047754
3352 0.0002976190464
3354 0.00029761904508
411 0.000297619050132
413 0.000297619057389
416 0.000297619053408
418 0.000297619022229
2271 0.000297619048711
2270 0.000297619056987
12671 0.000297619049562
7687 0.00029761904517
7684 0.00029761905084
7682 0.000297619048885
7681 0.000297619049166
7680 0.000297619042062
13280 0.000297619047629
4564 0.000297619052551
7919 0.000297619048427
5218 0.000297619049554
5219 0.000297619050623
15939 0.000297619047047
19139 0.00029761904604
13964 0.000297619029735
2897 0.000297619048485
2891 0.000297619048562
3110 0.000297619049664
3115 0.000297619052494
8128 0.000297619052435
10412 0.000297619047398
3807 0.000297619043746
3806 0.0002976190508
883 0.000297619056698
1230 0.000297619048602
1238 0.000297619049869
998 0.000297619049764
991 0.000297619040206
990 0.000297619046423
994 0.000297619049649
996 0.000297619029125
2766 0.000297619038352
2764 0.000297619051145
2769 0.00029761904945
601 0.000297619056849
602 0.000297619055933
605 0.000297619052119
608 0.000297619055192
10426 0.000297619050576
10427 0.000297619051107
10421 0.000297619045838
23251 0.000297619041702
6459 0.000297619049158
4347 0.00029761904982
4345 0.000297619050629
9543 0.000297619040776
9548 0.000297619037042
5438 0.000297619037035
5439 0.000297619056553
5436 0.000297619055414
5437 0.00029761905639
5434 0.000297619048425
5432 0.000297619054744
5430 0.000297619049953
5431 0.000297619047996
7497 0.000297619042976
1430 0.000297619025257
1436 0.000297619050355
1437 0.000297619045467
1435 0.000297619044927
1439 0.000297619051062
18847 0.000297619040176
12295 0.000297619053156
5393 0.000297619055504
5392 0.000297619054422
5391 0.000297619041546
5390 0.00029761905751
5395 0.000297619056982
5394 0.000297619050368
8628 0.000297619053749
8629 0.00029761905195
8621 0.000297619049404
8624 0.000297619046974
10592 0.000297619049438
10596 0.000297619050862
8088 0.000297619055434
8087 0.000297619054871
8080 0.000297619049482
8081 0.000297619056082
8082 0.000297619049669
8083 0.000297619054235
9977 0.000297619049479
9974 0.00029761904068
5018 0.000297619056461
378 0.000297619049701
371 0.00029761905361
372 0.000297619050247
375 0.000297619054014
374 0.000297619049811
377 0.000297619053185
376 0.000297619049325
5011 0.000297619049355
5013 0.000297619050957
10627 0.000297619053163
10622 0.000297619048473
10628 0.00029761905017
9028 0.000297619042385
1374 0.000297619056301
1377 0.000297619038195
1371 0.000297619053992
1373 0.000297619050281
1379 0.000297619048233
818 0.000297619046929
814 0.000297619049541
816 0.00029761904978
810 0.000297619045187
4939 0.000297619047897
4930 0.000297619050449
4933 0.000297619052169
4935 0.000297619046415
4936 0.000297619052852
15507 0.000297619042816
6392 0.000297619046044
6394 0.000297619048503
6395 0.000297619049923
7517 0.000297619049819
6090 0.000297619030123
6097 0.000297619031798
6096 0.000297619045901
16071 0.000297619047497
5608 0.000297619056438
5601 0.00029761904742
5600 0.000297619052451
5602 0.00029761904448
5607 0.000297619051721
5606 0.000297619051257
2558 0.000297619046044
28843 0.000297619024266
17846 0.000297619018778
17849 0.000297619040796
1608 0.000297619047333
1604 0.000297619051771
1600 0.000297619054925
1603 0.000297619049283
11038 0.000297619047193
3042 0.000297619043923
7818 0.00029761904366
7819 0.000297619048648
5625 0.000297619050862
5624 0.000297619027159
7999 0.000297619050942
7994 0.000297619050951
4875 0.0002976190501
4876 0.000297619050205
4871 0.000297619047166
4873 0.000297619039522
5839 0.000297619050372
5831 0.000297619055223
5836 0.000297619055304
5837 0.000297619048252
5834 0.000297619043273
5835 0.000297619056789
15314 0.000297619048087
5156 0.000297619057106
2826 0.000297619051668
2827 0.00029761905015
2820 0.00029761905241
2828 0.000297619053074
6561 0.000297619049359
6560 0.000297619040936
6568 0.000297619031479
2947 0.00029761903025
3883 0.00029761904654
3882 0.000297619051934
11542 0.000297619050193
11546 0.000297619041752
17263 0.000297619047386
13941 0.000297619049109
13942 0.000297619045467
1107 0.000297619013342
6065 0.000297619043769
3015 0.000297619046146
9470 0.000297619049011
3011 0.000297619051874
2454 0.000297619029003
2450 0.000297619053258
1819 0.000297619049878
1811 0.000297619056605
15641 0.000297619041138
8799 0.000297619045149
3417 0.000297619043808
8248 0.000297619050058
8242 0.000297619050293
8240 0.000297619038202
8246 0.000297619050881
8247 0.00029761904926
1070 0.000297619056579
14213 0.000297619048929
14214 0.000297619046113
683 0.000297619049319
10960 0.000297619050937
6968 0.000297619051726
4448 0.000297619054577
4441 0.000297619021903
5318 0.000297619049447
5312 0.000297619056495
5310 0.000297619052917
5316 0.000297619033611
5315 0.000297619054711
5314 0.000297619053463
15877 0.000297619041794
12472 0.000297619050468
3255 0.000297618932719
3258 0.000297619046724
6152 0.000297619048152
6154 0.000297619047846
6158 0.000297619053277
18744 0.000297619048008
10513 0.000297619050539
10516 0.000297619046919
10515 0.000297619045057
8002 0.000297619050394
14981 0.000297619046014
14987 0.000297619050328
14988 0.000297619049466
23263 0.000297619049368
12979 0.000297619045912
8917 0.000297619046587
8912 0.000297619051733
8911 0.000297619027341
16581 0.000297619028734
12808 0.000297619049889
529 0.000297619045829
527 0.000297619053987
523 0.000297619049436
36218 0.000297619048821
6312 0.000297619045294
6316 0.000297619047881
6317 0.00029761904793
6314 0.000297619054445
4224 0.000297619040919
4225 0.000297619047584
11910 0.000297619019567
11913 0.000297619044891
7041 0.000297619045515
9229 0.000297619049286
9220 0.000297619048915
5579 0.00029761905351
5578 0.000297619042448
5570 0.000297619054732
5577 0.00029761905712
5575 0.000297619050779
5574 0.00029761904934
5680 0.000297619035434
5685 0.000297619051764
5689 0.000297619049
59 0.000297619055987
58 0.000297619053772
51 0.000297619053947
50 0.000297619050324
52 0.000297619054904
55 0.000297619038161
57 0.000297619047551
56 0.000297619050526
4761 0.000297619041738
4762 0.000297619052988
12392 0.000297619046784
7867 0.000297619050182
7864 0.000297619050957
7869 0.000297619040206
2331 0.000297619053433
6055 0.000297619031482
6057 0.000297619048161
6056 0.00029761904341
6051 0.000297619051719
6053 0.000297619047021
17578 0.000297619049589
10708 0.000297619045229
9143 0.00029761900214
9140 0.000297619048762
9141 0.000297619048927
5335 0.000297619050261
2103 0.000297619052293
2101 0.000297619052099
1528 0.00029761905691
1520 0.000297619056971
1521 0.00029761905687
1523 0.000297619045403
779 0.000297619052412
776 0.000297619047289
15428 0.000297619050307
6296 0.000297619051536
6295 0.000297619053164
6294 0.000297619049503
6299 0.000297619050256
7651 0.000297619050183
11894 0.000297619038478
5728 0.000297619043275
5729 0.000297619053013
5722 0.000297619055783
5723 0.000297619047275
5725 0.000297619050994
10857 0.000297619049258
10855 0.000297619049178
1991 0.000297619051714
1990 0.000297619048556
1996 0.000297619050579
1728 0.00029761904671
1729 0.000297619048325
1726 0.000297619044682
1723 0.000297619057644
3766 0.000297619048316
1894 0.000297619048324
1890 0.000297619049847
3492 0.000297619044036
3491 0.000297619049552
3494 0.000297619047961
8715 0.000297619037425
8717 0.000297619040672
19457 0.000297619050093
11669 0.000297619046802
11668 0.000297619048501
10131 0.000297619044264
10132 0.000297619049898
10139 0.000297619048605
1381 0.000297619051805
177 0.000297619050148
175 0.000297619052145
174 0.000297619050041
171 0.000297619049658
16476 0.000297619049635
16473 0.000297619044077
921 0.000297619046579
926 0.000297619050447
5212 0.000297619057345
5211 0.000297619056489
15213 0.000297619044471
6487 0.000297619042058
6485 0.000297619035573
6482 0.000297619044921
6483 0.000297619048934
6489 0.000297619056269
6735 0.000297619048008
6732 0.000297619055802
17106 0.000297619030566
10330 0.000297619038485
4398 0.000297619046976
8994 0.000297619051612
8993 0.000297619046621
8991 0.000297619048556
4643 0.000297619051521
13178 0.000297619050537
5115 0.00029761904889
5114 0.000297619050254
5117 0.00029761905676
5111 0.000297619049196
9643 0.000297619050687
5119 0.000297619050187
1911 0.000297619056668
1913 0.000297619046605
1914 0.000297619045717
1917 0.000297619048179
8695 0.000297619024754
8697 0.000297619039995
8696 0.000297619041811
3514 0.000297619050157
8527 0.000297619048585
349 0.000297619049976
8529 0.000297619051432
17663 0.000297619046929
20635 0.000297619036853
31592 0.000297619048212
13378 0.000297619035159
24324 0.000297619045025
4980 0.000297619047064
4983 0.000297619047397
4982 0.000297619050703
4985 0.000297619051493
4984 0.000297619051091
4986 0.000297619057544
5057 0.00029761905597
5050 0.000297619054851
5052 0.000297619049506
5053 0.000297619056942
2842 0.000297619047166
5813 0.000297619052676
2844 0.000297619048467
2912 0.000297619049012
3064 0.000297619049258
3063 0.000297619048766
15002 0.000297619011276
11786 0.000297619048589
11781 0.000297619049395
11782 0.000297619049805
11788 0.000297619051068
8321 0.000297619044397
8322 0.000297619048888
8325 0.000297619043882
10781 0.000297619050838
7366 0.000297619048183
8810 0.000297619039792
8815 0.000297619049588
12924 0.000297619048565
5223 0.000297619046288
17675 0.000297619048468
5222 0.000297619048349
5226 0.000297619052307
1034 0.000297619048909
2076 0.000297619048912
2073 0.000297619051235
2079 0.000297619048819
3308 0.000297619046762
447 0.000297619056533
446 0.000297619022583
441 0.000297619042726
10214 0.000297619049807
14500 0.00029761904924
3104 0.000297619047473
3105 0.000297619052572
3107 0.000297619011641
3100 0.000297619046725
6211 0.000297619047445
1773 0.000297619041384
9302 0.000297619050498
13501 0.000297619048446
15902 0.000297619048917
2899 0.000297619048519
11371 0.00029761904847
11596 0.00029761905097
10425 0.000297619043021
33810 0.000297619057037
3819 0.000297616939111
1208 0.000297619035689
1200 0.00029761905288
638 0.000297619027969
631 0.000297619050069
635 0.000297619050753
637 0.000297619052763
2780 0.000297619049682
2786 0.000297619048666
5977 0.000297619047106
5973 0.000297619036353
5971 0.000297619051324
11326 0.000297619047971
11324 0.000297619048332
6408 0.000297619053813
6409 0.000297619042889
6400 0.000297619048672
4318 0.000297619054806
10490 0.000297619048833
7465 0.000297619045478
7462 0.000297619052739
7469 0.000297619048249
7468 0.000297619040366
5199 0.000297619052564
5198 0.000297619054096
5195 0.000297619054113
5196 0.000297619048058
5193 0.000297619046038
5192 0.000297619056788
10149 0.000297619044128
10148 0.000297619048771
10140 0.000297619048955
1442 0.000297619041411
1445 0.000297619049038
18890 0.000297619049676
1997 0.000297619041316
1999 0.000297619056688
15717 0.000297619025673
3434 0.000297619049868
18408 0.000297619013693
3439 0.000297619052043
340 0.000297619049052
342 0.000297619057591
345 0.00029761904046
14972 0.000297619047745
14978 0.000297619043617
4715 0.000297619051378
27093 0.000297619046041
38143 0.000297619027633
4901 0.000297619023573
4903 0.000297619049071
4902 0.000297619050172
4904 0.000297619048005
4906 0.000297619050633
4909 0.000297619047036
4908 0.000297619051516
10496 0.000297619036267
15557 0.000297619049187
15551 0.000297619045538
2995 0.000297619010908
2997 0.000297619043208
