8897
5409
5400
5388
6659
8210
13237
2818
6461
5462
5466
9019
9013
5611
5615
5399
3265
8785
8251
5583
5631
12859
2856
8406
8272
9057
5669
2871
6830
5549
8297
4000
3209
13127
13129
15385
2611
3561
517
8709
6705
702
7176
5089
8397
3549
6067
6727
6728
8379
9132
8743
2686
1755
8472
1
8477
3333
5496
786
8553
5519
1273
8319
9191
9193
11341
8840
13285
12621
7473
8608
12606
15371
5430
5390
6667
8881
5417
5413
5419
1140
8209
5604
5607
1290
1299
12781
3292
8220
5590
5594
5597
5621
5459
1103
5539
12868
15879
5551
8918
2647
5378
8068
5571
8938
15441
12390
12394
8737
5511
8954
13646
8560
6847
65000
12573
9109
1136
6735
6730
8196
2110
6754
6805
2914
2917
4513
6774
3303
3300
6779
8650
12909
3320
13197
1200
8582
8586
8851
9189
2529
3344
3257
12634
8426
286
