508
142
130
143
492
28
141
514
494
441
147
144
145
378
139
138
513
699
696
697
694
695
24
25
690
691
119
118
449
448
111
110
445
112
443
114
117
440
581
2
204
207
89
201
463
368
202
82
367
80
462
209
208
360
85
168
169
164
165
166
167
160
161
162
163
621
542
468
689
688
562
563
19
18
566
567
15
680
17
16
11
10
13
12
620
667
666
665
664
663
662
661
660
700
669
668
520
568
4
521
96
384
385
386
387
380
381
382
383
388
389
91
624
340
523
617
614
604
317
343
644
612
315
345
646
610
641
611
93
640
311
642
249
248
122
123
124
125
126
538
241
240
535
534
245
244
531
246
236
59
58
51
50
53
52
55
54
57
56
403
402
401
400
407
406
405
404
182
409
408
183
335
270
337
336
331
330
333
332
181
339
338
582
8
580
628
238
587
584
585
1
622
588
589
5
231
7
233
224
591
590
278
593
370
220
229
120
121
242
539
127
537
129
227
243
478
479
128
472
473
470
471
476
477
474
475
247
226
32
530
379
271
272
273
274
275
276
277
371
279
373
372
375
374
377
376
179
178
177
176
175
174
173
172
171
170
572
573
447
571
570
577
576
575
574
579
578
113
444
115
442
652
653
650
651
656
309
654
655
304
305
306
307
300
301
302
303
397
396
395
394
393
392
391
390
399
398
14
203
291
365
188
362
308
657
133
132
131
509
137
136
135
134
502
503
500
501
506
507
504
505
363
592
658
659
48
49
46
47
44
45
42
43
40
41
438
439
436
437
434
435
432
433
430
431
616
341
342
615
344
613
346
347
348
349
116
618
619
186
187
184
185
599
598
180
228
595
594
225
596
223
222
221
189
9
583
629
39
38
33
586
31
30
37
36
35
34
205
88
623
206
235
3
200
292
293
290
237
296
297
294
295
627
298
369
626
366
625
83
6
364
81
86
239
87
84
361
353
687
219
151
529
153
234
152
524
351
257
526
263
262
261
255
267
266
265
264
252
269
268
158
498
499
148
149
522
490
491
140
493
146
495
496
497
77
76
75
74
73
72
71
70
79
78
465
464
467
466
461
460
548
549
546
547
544
545
469
543
540
541
649
648
319
318
645
316
647
314
313
312
643
310
560
561
355
454
107
564
456
565
457
102
451
681
452
569
232
453
683
682
685
684
299
686
410
411
458
459
108
109
106
455
104
105
450
103
100
101
418
550
536
600
429
428
421
420
423
422
425
424
427
426
95
94
97
350
357
90
607
354
609
608
260
358
99
98
191
190
193
192
195
194
197
196
212
198
210
211
216
217
214
215
693
92
515
29
517
516
511
510
698
512
20
21
22
23
692
518
26
27
674
675
676
677
670
671
672
673
532
678
679
289
288
285
284
287
286
281
280
283
282
533
597
601
519
352
603
630
602
323
605
320
356
321
230
326
606
635
324
325
359
218
334
155
154
157
156
528
150
258
259
256
525
254
527
159
253
250
251
199
489
488
213
483
482
481
480
487
486
485
484
64
65
66
67
60
61
62
63
68
69
559
558
412
413
414
415
416
417
551
419
553
552
555
554
557
556
638
639
328
329
322
631
632
633
634
327
636
637
446
