142 0.000666666669061
143 0.000666666668724
140 0.000666666668805
141 0.000666666667282
146 0.000666666668479
658 0.000666666669184
147 0.000666666668437
942 0.000666666668681
943 0.000666666668056
940 0.000666666669247
941 0.000666666666606
946 0.000666666669059
947 0.000666666667878
944 0.000666666668405
945 0.00066666666911
948 0.0006666666691
949 0.000666666668417
1443 0.000666666668575
1442 0.000666666668701
1441 0.000666666668454
1440 0.00066666666733
1447 0.000666666668008
1194 0.000666666669107
1445 0.000666666668062
1444 0.000666666668103
88 0.000666666668272
89 0.000666666668862
368 0.000666666667762
369 0.000666666668038
82 0.00066666666915
83 0.000666666667558
80 0.000666666668839
81 0.000666666668264
362 0.000666666668046
87 0.000666666669038
84 0.000666666669127
85 0.000666666667816
168 0.000666666669068
169 0.000666666668239
164 0.000666666668673
165 0.000666666669223
166 0.0006666666692
167 0.000666666668287
160 0.000666666669166
161 0.000666666668859
162 0.000666666667456
163 0.000666666667918
560 0.000666666667405
561 0.000666666669219
562 0.000666666669256
563 0.000666666668847
564 0.00066666666928
565 0.000666666668825
566 0.000666666669052
567 0.000666666668207
568 0.000666666668733
569 0.0006666666684
708 0.000666666668768
709 0.000666666668249
700 0.000666666669158
701 0.000666666669017
702 0.000666666668778
703 0.000666666667622
704 0.00066666666849
705 0.000666666669115
706 0.000666666668997
707 0.000666666668878
384 0.000666666668424
385 0.000666666668179
386 0.000666666669213
387 0.000666666667651
380 0.000666666669052
381 0.00066666666766
382 0.000666666667577
383 0.000666666669007
1438 0.000666666668875
1439 0.000666666668729
388 0.000666666668629
389 0.000666666669205
317 0.000666666669121
316 0.000666666668467
315 0.0006666666684
314 0.000666666669083
313 0.000666666669011
312 0.000666666669276
1098 0.000666666667584
1099 0.000666666667815
1094 0.000666666668424
1095 0.000666666667855
1096 0.000666666668685
1097 0.000666666668581
1090 0.000666666669151
1091 0.000666666667787
1092 0.000666666668502
1093 0.000666666668961
1446 0.000666666668527
959 0.000666666669136
958 0.00066666666866
955 0.000666666666829
954 0.000666666668305
957 0.000666666667932
956 0.000666666669184
951 0.000666666669051
950 0.000666666669005
953 0.00066666666892
952 0.000666666669016
1389 0.000666666669177
379 0.000666666668254
378 0.000666666668173
371 0.000666666669041
370 0.000666666669123
373 0.000666666668863
372 0.000666666669271
375 0.000666666668555
374 0.000666666668636
377 0.000666666668468
376 0.000666666667572
179 0.000666666669125
178 0.000666666668196
177 0.000666666667963
176 0.000666666668873
175 0.000666666669168
174 0.000666666669106
173 0.000666666669283
172 0.000666666668368
171 0.000666666668387
170 0.000666666668143
1385 0.000666666669243
573 0.000666666668131
572 0.000666666669062
571 0.000666666668686
570 0.000666666668721
577 0.000666666669223
576 0.000666666669071
575 0.000666666668954
446 0.000666666668922
579 0.000666666668147
578 0.00066666666766
445 0.000666666668298
444 0.00066666666929
443 0.000666666668915
442 0.000666666668128
719 0.000666666669103
718 0.00066666666787
117 0.000666666668735
713 0.000666666668649
712 0.000666666669244
711 0.000666666668813
116 0.000666666668992
717 0.000666666668913
716 0.000666666668172
715 0.000666666669031
714 0.000666666668615
1410 0.00066666666895
1411 0.000666666669241
1412 0.000666666668561
1413 0.000666666669238
1414 0.000666666668908
1415 0.000666666669241
1416 0.000666666669216
1399 0.000666666669178
1398 0.000666666668973
1397 0.000666666667896
1396 0.000666666669107
1395 0.000666666667453
1394 0.000666666669166
1393 0.000666666668365
1392 0.000666666667547
1391 0.000666666668974
1390 0.000666666669158
397 0.000666666669135
396 0.000666666669217
395 0.000666666668214
394 0.000666666667276
1159 0.000666666669068
392 0.000666666669294
391 0.000666666669136
390 0.000666666668522
1155 0.00066666666879
1154 0.000666666668766
1157 0.000666666669214
1156 0.000666666668973
1151 0.00066666666786
1150 0.000666666668995
399 0.00066666666763
398 0.000666666669042
1375 0.000666666668878
1374 0.000666666668608
1377 0.000666666669027
1376 0.000666666669127
1371 0.000666666668868
1370 0.000666666668466
1373 0.000666666668285
1372 0.000666666668979
1379 0.000666666668778
1378 0.00066666666814
818 0.000666666669162
819 0.000666666669276
814 0.000666666667601
815 0.000666666667821
816 0.000666666668086
817 0.000666666667904
810 0.000666666668023
811 0.00066666666913
812 0.00066666666722
813 0.000666666667742
928 0.000666666669206
929 0.000666666669048
367 0.000666666668697
920 0.000666666669228
921 0.000666666668531
922 0.000666666669206
923 0.000666666668775
924 0.000666666668242
364 0.000666666668146
926 0.000666666669205
927 0.000666666668612
365 0.000666666668575
86 0.000666666668922
363 0.000666666668063
360 0.000666666668447
361 0.000666666667438
498 0.000666666668177
499 0.000666666668958
148 0.000666666667876
149 0.000666666669179
490 0.000666666669209
491 0.000666666668887
492 0.000666666668479
493 0.000666666667623
494 0.000666666668471
495 0.000666666668889
496 0.000666666668038
497 0.000666666669253
548 0.000666666668654
549 0.000666666669197
546 0.000666666669075
547 0.000666666668619
544 0.000666666669289
545 0.000666666668932
542 0.000666666668891
543 0.000666666668849
540 0.000666666669248
541 0.000666666668725
726 0.000666666668346
727 0.00066666666866
724 0.000666666668461
725 0.000666666669129
722 0.00066666666898
723 0.000666666669198
720 0.000666666668911
721 0.000666666668907
728 0.00066666666781
729 0.000666666667843
1388 0.000666666667452
681 0.000666666668961
680 0.000666666666673
1380 0.000666666668326
1381 0.000666666668934
1382 0.000666666668299
1383 0.000666666668941
1384 0.000666666668771
683 0.000666666669192
1386 0.000666666669039
1387 0.000666666668871
1418 0.000666666668783
1419 0.00066666666925
682 0.000666666669048
1148 0.000666666667876
1149 0.000666666669188
1146 0.000666666669085
1147 0.000666666668586
1144 0.000666666668923
1145 0.00066666666923
1142 0.000666666668327
1143 0.000666666668661
1140 0.000666666668464
1141 0.000666666668624
687 0.000666666668489
686 0.000666666667731
1366 0.00066666666823
1367 0.000666666668929
1364 0.00066666666721
1365 0.000666666668746
1362 0.000666666668674
1363 0.000666666667951
1360 0.000666666668994
1361 0.000666666667755
1368 0.00066666666749
1369 0.000666666667804
1139 0.000666666669014
1138 0.000666666668865
809 0.000666666669063
808 0.000666666668258
807 0.000666666668917
806 0.000666666668925
805 0.000666666668947
804 0.000666666669143
803 0.000666666669132
802 0.000666666669102
801 0.000666666668196
800 0.000666666668259
1131 0.000666666668768
1130 0.000666666668163
939 0.000666666669096
938 0.000666666669036
933 0.000666666668763
932 0.000666666667571
931 0.000666666669123
930 0.000666666668969
937 0.000666666667224
936 0.000666666668978
935 0.000666666669078
934 0.000666666667787
155 0.000666666668933
154 0.00066666666914
157 0.000666666668125
156 0.000666666669228
151 0.000666666668398
150 0.000666666668333
153 0.00066666666758
152 0.000666666668438
159 0.000666666667635
158 0.000666666667871
489 0.000666666667205
488 0.000666666668393
483 0.000666666668823
482 0.000666666668972
481 0.000666666668908
480 0.000666666668644
487 0.000666666669004
486 0.00066666666909
485 0.000666666669231
484 0.000666666668945
327 0.00066666666905
559 0.000666666669139
558 0.000666666667699
551 0.000666666668096
550 0.000666666667932
553 0.000666666668648
552 0.000666666669162
555 0.000666666669157
554 0.000666666668347
557 0.000666666667755
556 0.000666666668014
731 0.00066666666715
730 0.000666666668136
733 0.000666666668992
732 0.000666666669173
735 0.000666666668419
734 0.000666666667644
737 0.000666666669053
736 0.000666666668826
739 0.000666666667672
738 0.000666666669279
1179 0.000666666667544
1178 0.000666666669154
1173 0.000666666669272
1172 0.000666666669086
1171 0.000666666669295
1170 0.000666666668925
1177 0.000666666668272
1176 0.000666666669201
1175 0.000666666668556
1174 0.00066666666874
1432 0.000666666668214
1433 0.000666666669223
1430 0.00066666666865
1281 0.000666666668126
1280 0.000666666668135
1283 0.000666666668653
1282 0.000666666668618
1285 0.000666666668776
1284 0.000666666668196
1287 0.000666666668964
1286 0.000666666668727
1289 0.00066666666923
1288 0.000666666667259
1437 0.000666666668304
1434 0.000666666669054
1435 0.000666666668779
1353 0.000666666669167
1352 0.000666666668679
1351 0.000666666669066
1350 0.000666666668608
1357 0.000666666667597
1356 0.00066666666801
1355 0.000666666667614
1354 0.000666666668998
1359 0.0006666666683
1358 0.000666666668118
838 0.000666666669254
839 0.000666666667418
832 0.000666666668603
833 0.000666666667959
830 0.000666666668354
831 0.000666666668288
836 0.000666666669046
837 0.000666666669097
834 0.000666666667983
835 0.000666666668422
906 0.00066666666924
907 0.00066666666926
904 0.000666666668932
905 0.000666666667949
902 0.000666666669193
903 0.000666666668339
900 0.000666666669227
901 0.000666666668362
908 0.000666666667902
909 0.000666666669146
340 0.000666666668896
341 0.000666666669062
342 0.000666666668977
343 0.000666666668869
344 0.000666666668703
345 0.000666666668574
346 0.000666666669202
347 0.000666666669102
120 0.000666666667935
121 0.000666666668531
122 0.000666666668992
123 0.000666666668833
124 0.0006666666686
125 0.000666666669175
126 0.00066666666844
127 0.000666666668673
128 0.000666666668009
129 0.000666666668911
582 0.000666666668601
583 0.000666666668931
580 0.00066666666911
581 0.000666666668149
586 0.000666666668737
239 0.000666666667719
584 0.00066666666899
585 0.000666666668998
234 0.000666666669091
235 0.000666666668564
588 0.000666666669017
589 0.000666666668785
230 0.000666666668378
231 0.000666666667901
232 0.000666666669102
233 0.00066666666923
224 0.000666666668692
223 0.000666666668934
222 0.000666666668754
144 0.000666666668869
593 0.000666666668966
311 0.000666666668361
220 0.000666666667554
1164 0.000666666668786
1165 0.000666666667849
145 0.00066666666899
1167 0.000666666669276
310 0.00066666666859
1161 0.000666666669179
1162 0.000666666668359
1163 0.000666666669163
1168 0.000666666668894
1169 0.000666666668361
1292 0.000666666669126
1293 0.000666666668851
1290 0.000666666669096
1291 0.000666666668903
1296 0.000666666668801
1297 0.000666666669144
1294 0.000666666669074
1295 0.000666666668587
1298 0.00066666666848
1299 0.000666666669058
1348 0.000666666669002
1349 0.000666666668694
1344 0.000666666669185
1345 0.000666666668739
1346 0.000666666668361
1347 0.000666666668903
1340 0.000666666668832
1341 0.000666666668927
1342 0.000666666669187
1343 0.000666666669132
825 0.000666666669077
824 0.000666666669209
827 0.000666666668171
826 0.000666666669262
821 0.000666666668732
820 0.000666666668898
823 0.000666666668971
822 0.000666666668792
829 0.000666666668091
828 0.000666666667669
911 0.000666666668934
910 0.000666666668339
913 0.000666666668457
912 0.000666666668204
915 0.000666666668885
914 0.000666666668395
917 0.000666666669253
916 0.000666666669068
919 0.000666666668811
918 0.000666666668802
1052 0.000666666669121
769 0.000666666669296
1055 0.000666666668501
133 0.000666666669232
132 0.000666666668298
131 0.000666666669294
130 0.000666666668821
137 0.000666666669191
136 0.000666666669016
135 0.000666666669089
134 0.000666666669217
139 0.000666666669206
138 0.000666666668416
685 0.000666666669066
684 0.00066666666913
599 0.00066666666914
598 0.000666666668986
229 0.000666666668087
228 0.000666666669115
227 0.000666666667082
226 0.000666666669083
225 0.000666666669016
596 0.000666666668422
591 0.000666666669014
590 0.000666666669006
221 0.000666666669163
592 0.000666666668716
39 0.000666666669025
38 0.000666666668912
33 0.000666666668668
32 0.000666666667791
31 0.000666666669178
30 0.000666666669023
37 0.000666666669163
36 0.000666666668256
35 0.000666666668752
34 0.000666666667639
1111 0.00066666666881
1110 0.000666666669188
1113 0.000666666668055
1112 0.00066666666802
1115 0.000666666668214
1114 0.000666666668945
1117 0.000666666668025
1116 0.000666666669094
1119 0.000666666668321
1118 0.000666666667802
1029 0.000666666669203
1028 0.000666666668137
1025 0.000666666667862
1024 0.000666666668787
1027 0.000666666669244
1026 0.000666666668604
1021 0.000666666669213
1020 0.000666666669227
1023 0.000666666668486
1022 0.000666666668911
1068 0.000666666668904
1339 0.00066666666899
1338 0.000666666669077
257 0.00066666666806
1331 0.000666666668299
1330 0.000666666669193
1333 0.000666666669233
1332 0.000666666668518
1335 0.000666666667744
1334 0.000666666667618
1337 0.000666666668679
1336 0.000666666668934
255 0.00066666666891
252 0.000666666668142
253 0.000666666668165
850 0.000666666668521
851 0.000666666668982
852 0.000666666667747
853 0.000666666669234
854 0.000666666668534
250 0.000666666668921
856 0.000666666668977
857 0.000666666668459
858 0.000666666668315
859 0.000666666669041
251 0.000666666668952
1245 0.000666666667665
1244 0.000666666669265
1247 0.00066666666925
1246 0.0006666666688
1241 0.000666666668677
1240 0.00066666666722
1243 0.000666666668706
1242 0.000666666668887
1249 0.00066666666918
1248 0.000666666667311
237 0.000666666668283
353 0.000666666668009
537 0.00066666666924
459 0.000666666668018
108 0.000666666668071
109 0.000666666668938
454 0.000666666668312
455 0.000666666668052
456 0.000666666667965
457 0.000666666668502
450 0.000666666669244
451 0.000666666668194
452 0.000666666668043
453 0.000666666667196
218 0.00066666666834
219 0.000666666668659
212 0.000666666668188
213 0.000666666668244
210 0.000666666667699
211 0.000666666668924
216 0.000666666668199
217 0.000666666669195
214 0.00066666666927
215 0.000666666669122
28 0.000666666668413
29 0.000666666667993
698 0.000666666669106
699 0.000666666669079
696 0.000666666667775
697 0.000666666668456
694 0.000666666667701
695 0.000666666668576
692 0.000666666668419
693 0.000666666668955
690 0.000666666668565
691 0.000666666669245
1102 0.000666666668596
1103 0.000666666668448
1100 0.00066666666855
1101 0.000666666669201
1106 0.00066666666889
1107 0.000666666669007
672 0.000666666668133
1105 0.000666666669171
1108 0.000666666668357
1109 0.000666666669203
678 0.000666666668789
679 0.000666666667476
322 0.000666666668172
323 0.00066666666834
320 0.000666666668858
321 0.000666666668752
1038 0.000666666669086
1039 0.000666666669223
1036 0.000666666668043
1037 0.000666666669151
1034 0.000666666669231
1035 0.000666666669191
1032 0.00066666666883
1033 0.000666666668175
1030 0.000666666668085
1031 0.000666666669152
324 0.000666666668353
325 0.000666666668818
1328 0.000666666667836
1329 0.000666666669001
1322 0.000666666668595
1323 0.000666666669229
447 0.000666666669048
1321 0.000666666669272
1326 0.000666666668366
1327 0.000666666668012
1324 0.000666666668799
1325 0.000666666668248
843 0.000666666668857
842 0.000666666669197
841 0.0006666666681
840 0.000666666668953
847 0.000666666668457
846 0.000666666668981
845 0.000666666669199
844 0.000666666668043
849 0.000666666668891
848 0.000666666667591
1256 0.000666666668479
1257 0.000666666668694
1254 0.000666666667644
1255 0.000666666667752
1252 0.000666666668163
1253 0.000666666667628
1250 0.000666666668764
1251 0.000666666668561
1258 0.000666666668626
1259 0.000666666667917
855 0.000666666667586
1072 0.000666666669268
1073 0.000666666668899
1070 0.000666666669114
1071 0.000666666668331
1076 0.000666666668042
1077 0.000666666668649
119 0.000666666667604
118 0.000666666668878
1074 0.000666666668721
449 0.000666666668988
448 0.000666666668403
111 0.000666666669093
110 0.000666666668954
113 0.000666666668767
112 0.000666666669259
115 0.000666666669172
114 0.000666666669157
441 0.000666666668512
440 0.00066666666925
205 0.000666666668755
204 0.000666666668868
207 0.000666666668259
206 0.000666666668662
201 0.000666666668907
200 0.000666666668511
203 0.000666666668847
202 0.000666666668929
209 0.000666666669009
208 0.000666666668906
689 0.000666666669278
688 0.000666666668814
19 0.000666666667646
18 0.000666666667581
15 0.000666666668116
14 0.000666666668346
17 0.000666666668134
16 0.000666666668552
11 0.000666666669236
10 0.000666666668911
13 0.000666666669143
12 0.000666666668736
667 0.000666666668378
666 0.000666666668092
665 0.000666666668644
664 0.000666666668025
663 0.000666666667897
662 0.000666666668033
661 0.000666666668393
660 0.000666666668594
1137 0.000666666668767
1136 0.000666666668681
1135 0.000666666669196
1134 0.00066666666914
1133 0.000666666668881
1132 0.000666666668583
669 0.00066666666878
668 0.000666666668876
1009 0.000666666669138
1008 0.000666666668997
1003 0.000666666667671
1002 0.000666666669281
1001 0.000666666668931
1000 0.00066666666893
1007 0.000666666669218
1006 0.000666666669187
1005 0.00066666666923
1004 0.000666666668426
458 0.000666666668134
1317 0.000666666668038
1316 0.000666666669118
1315 0.000666666668777
1314 0.000666666668905
1313 0.000666666668298
1312 0.000666666668189
1311 0.000666666668122
1310 0.000666666669085
1319 0.000666666669083
1318 0.000666666668048
1487 0.000666666667938
1486 0.000666666667287
1485 0.000666666669269
1484 0.000666666669121
1483 0.000666666669283
1482 0.000666666668813
1481 0.00066666666766
1480 0.000666666668927
1489 0.000666666668938
1488 0.000666666669088
878 0.000666666669296
879 0.000666666668429
876 0.000666666668211
877 0.000666666669227
874 0.000666666668314
875 0.000666666668817
872 0.000666666668616
873 0.0006666666684
870 0.000666666668787
871 0.000666666668949
1263 0.00066666666781
1262 0.00066666666908
1261 0.000666666669228
1260 0.000666666668825
1267 0.00066666666924
1266 0.000666666667665
1265 0.000666666669267
1264 0.000666666668843
1269 0.000666666668271
1268 0.000666666668019
9 0.000666666668708
8 0.000666666668789
1 0.000666666669243
3 0.000666666667919
2 0.000666666668992
5 0.000666666669082
4 0.000666666668633
7 0.000666666667715
6 0.000666666669104
894 0.000666666668523
895 0.000666666668577
896 0.000666666667888
897 0.000666666668971
890 0.000666666669134
891 0.000666666668455
892 0.000666666668837
893 0.000666666669171
898 0.000666666669153
899 0.000666666668197
478 0.000666666668989
479 0.000666666668521
472 0.000666666669233
473 0.00066666666905
470 0.000666666668609
471 0.00066666666858
476 0.000666666667374
477 0.000666666668997
474 0.000666666667759
475 0.000666666669231
1475 0.000666666669028
270 0.000666666668593
271 0.000666666669089
272 0.000666666667664
273 0.000666666668192
274 0.000666666669249
275 0.000666666667855
276 0.000666666669226
277 0.000666666669272
278 0.000666666668409
279 0.000666666668928
574 0.000666666667711
652 0.000666666669178
653 0.000666666667964
650 0.000666666667775
651 0.000666666668943
308 0.000666666667707
309 0.000666666669163
654 0.000666666667323
655 0.000666666668043
304 0.000666666669108
305 0.000666666667931
306 0.00066666666873
307 0.000666666669052
1124 0.000666666668955
1125 0.00066666666891
302 0.000666666667757
303 0.000666666668498
780 0.000666666668873
781 0.000666666668291
782 0.000666666669157
783 0.000666666668132
784 0.000666666667637
785 0.000666666667873
786 0.000666666667645
787 0.000666666669094
788 0.000666666669065
789 0.000666666668735
1014 0.000666666669007
1015 0.000666666669068
1016 0.000666666668868
1017 0.000666666668881
1010 0.000666666668221
1011 0.000666666669098
1012 0.000666666668662
1013 0.000666666668308
1018 0.000666666669233
1019 0.000666666668088
1300 0.000666666667803
1128 0.000666666667931
1302 0.000666666667282
1303 0.000666666669112
1304 0.000666666668968
1305 0.000666666669025
1306 0.000666666668705
1129 0.000666666668713
1308 0.000666666667395
1309 0.000666666667739
1490 0.000666666667702
1491 0.000666666669
1492 0.000666666668908
1493 0.000666666669179
1494 0.000666666669139
1495 0.000666666668907
1496 0.00066666666881
1497 0.000666666668723
1498 0.000666666668625
656 0.000666666668749
657 0.000666666669161
869 0.00066666666824
868 0.000666666667831
1121 0.000666666669284
861 0.000666666668888
860 0.000666666668754
863 0.000666666669291
862 0.000666666667574
865 0.000666666668188
864 0.000666666669064
867 0.000666666668706
866 0.00066666666835
659 0.000666666667806
300 0.000666666668275
301 0.00066666666889
1278 0.000666666668906
1126 0.000666666668626
1417 0.000666666668579
1274 0.00066666666903
1275 0.000666666668902
1276 0.000666666667277
1127 0.000666666667769
1270 0.000666666668451
1271 0.000666666668241
1272 0.00066666666897
1273 0.000666666669248
887 0.000666666667502
886 0.000666666668975
885 0.000666666668684
884 0.000666666668415
883 0.00066666666893
882 0.000666666667505
881 0.000666666668536
880 0.000666666668785
889 0.00066666666926
888 0.000666666669095
1058 0.00066666666851
1059 0.000666666667133
263 0.000666666668004
262 0.000666666669135
261 0.000666666669272
260 0.000666666668385
267 0.000666666668505
266 0.000666666668839
265 0.000666666668812
264 0.000666666669222
269 0.000666666668427
268 0.000666666669167
77 0.00066666666867
76 0.000666666669263
75 0.00066666666776
74 0.000666666668452
73 0.000666666669285
72 0.000666666669287
71 0.000666666668592
70 0.000666666668228
79 0.000666666667787
78 0.000666666669014
465 0.000666666667918
464 0.000666666668402
467 0.000666666668872
466 0.000666666668821
461 0.00066666666836
460 0.000666666668423
463 0.000666666669053
462 0.000666666668092
469 0.0006666666687
468 0.000666666668647
649 0.000666666668359
648 0.000666666669139
319 0.00066666666775
318 0.000666666668781
645 0.000666666668795
644 0.000666666668499
647 0.000666666669179
646 0.000666666668614
641 0.000666666668891
640 0.00066666666808
643 0.000666666668673
642 0.000666666668945
793 0.000666666668597
792 0.00066666666744
791 0.000666666668798
790 0.000666666668847
797 0.000666666668361
796 0.000666666668452
795 0.000666666668391
794 0.000666666668208
799 0.000666666666963
798 0.000666666668174
104 0.000666666668802
105 0.000666666669068
102 0.000666666668579
103 0.000666666669198
1061 0.000666666668852
1060 0.000666666668916
1063 0.00066666666811
1062 0.000666666669158
1065 0.000666666669035
1064 0.000666666668992
1067 0.000666666669198
1066 0.000666666667947
1069 0.000666666669233
393 0.000666666668795
101 0.000666666668805
1158 0.000666666668905
1409 0.000666666669011
1408 0.000666666668936
1407 0.000666666667912
1406 0.000666666668677
1405 0.000666666669221
1404 0.000666666668425
1403 0.000666666669228
1402 0.00066666666864
1153 0.000666666667499
1152 0.000666666669182
1469 0.000666666668177
1468 0.000666666669201
1465 0.000666666668808
1464 0.000666666669283
1467 0.000666666669013
1466 0.00066666666896
1461 0.000666666667636
1460 0.000666666669219
1463 0.000666666667826
1462 0.000666666669117
1209 0.000666666669147
1208 0.000666666667514
1201 0.000666666668561
1200 0.00066666666914
1203 0.000666666668852
1202 0.000666666668115
1205 0.000666666668942
1204 0.000666666668512
1207 0.000666666668341
1206 0.000666666667038
1401 0.000666666667317
1400 0.000666666668119
1120 0.000666666669263
95 0.000666666669034
94 0.000666666668145
97 0.00066666666818
96 0.000666666667561
91 0.000666666668875
90 0.000666666669176
93 0.000666666669221
92 0.00066666666868
1122 0.000666666668397
1301 0.00066666666899
1123 0.000666666668417
1307 0.000666666668977
528 0.000666666668976
529 0.00066666666928
258 0.000666666668943
259 0.000666666669039
524 0.000666666667503
525 0.000666666668962
526 0.000666666668992
527 0.000666666668148
520 0.000666666669036
521 0.00066666666927
522 0.000666666668427
523 0.000666666667851
326 0.000666666667608
64 0.000666666668289
65 0.000666666667737
66 0.000666666667468
67 0.000666666668866
60 0.000666666668523
61 0.000666666669095
62 0.00066666666748
63 0.000666666668681
1431 0.000666666669127
68 0.000666666669316
69 0.000666666668933
410 0.000666666668751
411 0.00066666666844
412 0.000666666668915
413 0.000666666668792
414 0.000666666667611
415 0.000666666669277
416 0.000666666669089
417 0.000666666667086
418 0.0006666666677
419 0.000666666668155
1436 0.00066666666913
710 0.000666666668992
638 0.000666666668297
639 0.000666666668776
328 0.000666666668806
329 0.000666666668085
1499 0.000666666668735
630 0.000666666668742
631 0.000666666667458
632 0.000666666669028
633 0.000666666669117
634 0.000666666668253
635 0.000666666667916
636 0.000666666668302
637 0.000666666668119
744 0.00066666666771
745 0.000666666667784
746 0.000666666669168
747 0.000666666668377
740 0.00066666666758
741 0.000666666668982
742 0.000666666668899
743 0.000666666667479
1078 0.00066666666808
1079 0.000666666668209
748 0.000666666669031
749 0.000666666669246
20 0.000666666668883
21 0.000666666668427
22 0.000666666667565
23 0.000666666668632
24 0.000666666667672
25 0.000666666668072
26 0.000666666669285
1478 0.000666666669229
1479 0.00066666666882
1476 0.000666666669249
1477 0.000666666669077
1474 0.000666666668519
27 0.000666666668671
1472 0.00066666666879
1473 0.00066666666907
1470 0.000666666668393
1471 0.000666666669235
1218 0.000666666668359
1219 0.000666666668816
1212 0.000666666668694
1213 0.000666666668633
1210 0.000666666668365
1211 0.000666666668299
1216 0.00066666666742
1217 0.000666666667464
1214 0.000666666668519
1215 0.000666666667461
674 0.000666666668292
675 0.000666666668977
676 0.000666666668182
677 0.000666666668948
1500 0.000666666669066
670 0.000666666669248
671 0.000666666669143
1104 0.000666666668756
673 0.000666666668992
1279 0.000666666667474
1277 0.000666666668288
249 0.000666666668295
248 0.000666666668942
539 0.000666666668238
538 0.000666666668851
241 0.000666666669043
240 0.000666666669201
243 0.000666666668003
242 0.000666666669026
245 0.000666666669075
244 0.000666666667459
247 0.000666666668222
246 0.000666666669235
59 0.000666666667918
58 0.000666666667362
51 0.000666666669057
50 0.000666666668867
53 0.000666666668971
52 0.000666666668657
55 0.000666666668857
54 0.000666666667937
57 0.000666666668068
56 0.0006666666691
403 0.000666666669203
402 0.000666666669143
401 0.000666666668881
400 0.000666666667183
407 0.000666666668185
406 0.000666666668571
405 0.000666666668317
404 0.000666666668195
409 0.000666666668818
408 0.000666666668864
335 0.000666666668858
334 0.000666666668128
337 0.000666666669004
336 0.000666666668375
331 0.00066666666911
330 0.000666666667573
333 0.000666666667989
332 0.000666666669072
339 0.000666666668423
338 0.000666666668444
629 0.000666666668787
628 0.000666666668824
623 0.000666666668516
622 0.000666666669314
621 0.000666666668799
620 0.000666666669123
627 0.000666666668865
626 0.000666666669114
625 0.000666666668569
624 0.000666666668498
757 0.000666666668926
756 0.000666666668939
755 0.000666666669174
754 0.000666666668272
753 0.000666666669143
752 0.000666666668871
751 0.000666666668487
750 0.00066666666773
1047 0.000666666669219
1046 0.000666666669233
1045 0.000666666668691
1044 0.000666666668373
1043 0.000666666668043
1042 0.000666666669041
759 0.000666666669085
758 0.000666666668345
1075 0.000666666668318
1199 0.000666666668031
1198 0.000666666669051
1449 0.000666666669212
1448 0.00066666666884
536 0.000666666668422
1191 0.00066666666922
1190 0.000666666667944
1193 0.000666666668534
1192 0.000666666668261
1195 0.000666666669076
535 0.000666666667763
1197 0.000666666668746
1196 0.000666666668781
534 0.000666666668869
533 0.000666666667626
532 0.000666666668883
531 0.000666666668137
530 0.000666666669167
1227 0.000666666668406
1226 0.000666666668649
1225 0.000666666668409
1224 0.000666666669075
1223 0.000666666668864
1222 0.000666666668733
1221 0.000666666668511
1220 0.000666666668503
1229 0.000666666668039
1228 0.000666666669117
988 0.000666666668851
989 0.000666666668306
986 0.00066666666922
987 0.000666666667964
984 0.000666666668263
985 0.000666666668447
982 0.000666666667599
983 0.000666666669191
980 0.000666666667885
981 0.000666666668946
366 0.000666666669081
964 0.000666666668914
965 0.000666666669069
966 0.000666666668992
967 0.000666666668533
960 0.000666666669252
961 0.000666666667758
962 0.000666666668941
963 0.00066666666925
968 0.000666666669119
969 0.000666666668566
508 0.00066666666927
509 0.000666666667568
502 0.000666666667942
503 0.000666666668666
500 0.000666666668678
501 0.000666666668933
506 0.000666666668337
507 0.000666666668713
504 0.000666666668611
505 0.000666666668214
48 0.000666666668102
49 0.000666666667853
46 0.000666666667847
47 0.000666666668783
44 0.000666666667861
45 0.000666666669255
42 0.000666666669002
43 0.000666666669223
40 0.000666666668568
41 0.000666666668356
438 0.000666666669236
439 0.000666666669158
436 0.000666666668343
437 0.000666666668374
434 0.000666666669292
435 0.000666666669047
432 0.000666666668709
433 0.000666666669245
430 0.000666666667787
431 0.000666666667429
616 0.000666666668698
617 0.000666666668332
614 0.000666666669111
615 0.000666666669254
612 0.000666666668384
613 0.000666666669106
610 0.000666666668486
611 0.000666666667999
348 0.000666666668339
349 0.000666666668645
618 0.000666666669147
619 0.000666666668225
186 0.000666666669262
187 0.000666666668796
184 0.000666666668747
185 0.00066666666719
182 0.000666666667863
183 0.000666666668295
180 0.000666666667513
181 0.000666666668768
188 0.000666666668058
189 0.000666666667692
925 0.000666666668284
238 0.000666666668999
587 0.000666666669161
762 0.00066666666912
763 0.000666666668885
760 0.000666666669082
761 0.000666666668761
766 0.000666666663799
767 0.000666666669189
764 0.00066666666848
765 0.000666666669184
1050 0.000666666667883
1051 0.000666666667541
768 0.000666666668952
1053 0.000666666668956
1054 0.000666666668422
236 0.000666666668569
1056 0.000666666669108
1057 0.000666666669131
292 0.000666666669064
293 0.000666666669095
290 0.000666666669212
291 0.000666666667952
296 0.00066666666866
297 0.000666666669209
294 0.000666666668522
295 0.000666666668997
298 0.000666666667896
299 0.000666666668403
256 0.000666666669218
1320 0.000666666667799
1454 0.000666666668534
1455 0.00066666666737
1456 0.000666666668429
1457 0.000666666669139
1450 0.000666666667716
1451 0.000666666667162
1452 0.000666666668333
1453 0.000666666669094
1458 0.00066666666888
1459 0.000666666669233
254 0.000666666668448
1188 0.000666666668699
1189 0.000666666668485
1182 0.000666666667874
1183 0.000666666667892
1180 0.000666666668119
1181 0.000666666668772
1186 0.000666666668895
1187 0.000666666668447
1184 0.000666666668894
1185 0.000666666668928
352 0.000666666669253
1230 0.000666666668802
1231 0.000666666668783
1232 0.000666666668739
1233 0.000666666668966
1234 0.000666666668037
1235 0.000666666669217
1236 0.000666666668608
1237 0.000666666668127
1238 0.000666666668045
1239 0.000666666668489
351 0.000666666669117
999 0.000666666668075
998 0.000666666668593
350 0.000666666669216
991 0.00066666666846
990 0.000666666669268
993 0.000666666668938
992 0.00066666666869
995 0.000666666667804
994 0.000666666668511
997 0.000666666667897
996 0.0006666666686
357 0.000666666668218
356 0.000666666669108
355 0.000666666668182
354 0.000666666668022
106 0.000666666667528
1166 0.00066666666901
977 0.000666666669045
976 0.000666666668855
975 0.000666666669114
974 0.000666666669248
973 0.000666666668998
972 0.000666666668672
971 0.000666666669051
970 0.000666666668125
1160 0.000666666668516
979 0.000666666668444
978 0.000666666669249
1049 0.000666666669206
107 0.000666666668701
1048 0.000666666667553
1041 0.000666666666671
1040 0.000666666668942
429 0.000666666669206
428 0.000666666669259
421 0.000666666668766
420 0.00066666666921
423 0.000666666669221
422 0.000666666667723
425 0.000666666667893
424 0.000666666667519
427 0.000666666667413
426 0.00066666666797
601 0.000666666668353
600 0.000666666668634
603 0.000666666668069
602 0.000666666668401
605 0.000666666668524
604 0.000666666668495
607 0.000666666667769
606 0.000666666669156
609 0.000666666667322
608 0.000666666668482
359 0.000666666668301
358 0.000666666669326
99 0.000666666667671
98 0.00066666666837
191 0.000666666667796
190 0.000666666668833
193 0.000666666668864
192 0.00066666666889
195 0.000666666667821
194 0.000666666668113
197 0.000666666667755
196 0.000666666668692
199 0.000666666668338
198 0.000666666668581
100 0.000666666669184
515 0.000666666668284
514 0.000666666669288
517 0.000666666669094
516 0.00066666666858
511 0.000666666668569
510 0.000666666669147
513 0.000666666668808
512 0.000666666668929
595 0.000666666668615
519 0.000666666669011
518 0.000666666667497
779 0.000666666668801
778 0.000666666667601
594 0.000666666668597
775 0.000666666669081
774 0.00066666666905
777 0.0006666666689
776 0.000666666669094
771 0.000666666669013
770 0.000666666667006
773 0.000666666668917
772 0.000666666668913
289 0.000666666669029
288 0.000666666669075
285 0.000666666668948
284 0.000666666668343
287 0.000666666668134
286 0.000666666667746
281 0.000666666667746
280 0.000666666668155
283 0.000666666668533
282 0.000666666668305
597 0.000666666668033
1421 0.000666666668668
1420 0.000666666668517
1423 0.000666666668555
1422 0.000666666668923
1425 0.000666666668742
1424 0.000666666669015
1427 0.000666666668841
1426 0.0006666666686
1429 0.000666666668011
1428 0.000666666668876
1083 0.000666666667584
1082 0.000666666668372
1081 0.000666666668445
1080 0.000666666668395
1087 0.000666666669191
1086 0.000666666668689
1085 0.000666666668896
1084 0.000666666667523
1089 0.000666666669102
1088 0.000666666668697
