508
628
490
509
491
492
379
515
493
514
494
441
495
496
497
378
500
501
698
699
440
696
697
694
695
519
518
690
691
119
118
449
448
111
110
113
112
115
114
117
116
623
586
205
204
88
89
201
200
203
202
82
83
80
81
209
87
84
85
168
169
164
165
166
167
160
161
162
163
621
542
543
560
561
562
563
19
18
566
567
15
14
17
16
11
10
13
12
620
672
527
667
666
665
664
663
662
661
660
600
627
668
520
603
626
521
602
625
384
385
386
387
380
381
382
383
388
389
605
624
588
589
616
523
617
614
604
645
615
644
612
647
613
646
610
641
611
607
640
643
642
249
248
122
123
124
125
126
127
241
240
243
242
245
244
247
246
700
59
58
51
50
53
52
55
54
57
56
403
402
401
400
407
406
405
369
599
409
408
598
335
334
337
336
331
330
333
332
228
339
338
9
8
580
581
238
239
584
585
1
235
3
2
5
4
7
6
596
591
590
371
188
370
189
229
120
121
539
538
128
129
535
478
479
472
473
470
471
476
477
474
475
531
530
270
271
272
273
274
275
276
277
278
279
373
372
375
374
377
376
669
179
178
177
176
175
174
173
172
171
170
572
573
447
571
570
577
576
575
446
579
578
445
368
444
443
574
442
652
653
650
651
308
309
654
655
304
305
306
307
300
301
302
303
633
681
397
396
395
394
393
392
391
390
399
398
680
404
291
362
656
657
133
132
131
130
137
136
135
134
502
503
139
138
506
507
504
505
363
592
658
659
48
49
46
47
44
45
42
43
40
41
692
438
439
436
437
434
435
432
433
430
431
340
341
342
343
344
345
346
347
348
349
618
619
186
187
184
185
182
183
180
181
227
226
225
224
223
222
221
220
582
583
629
39
38
33
32
31
30
37
36
35
34
207
234
206
622
537
236
292
293
290
237
296
297
294
295
230
298
299
231
366
232
367
233
364
365
86
208
360
361
528
529
153
152
524
525
526
263
262
261
260
267
266
265
264
159
269
268
158
498
499
148
149
522
142
143
140
141
146
147
144
145
77
76
75
74
73
72
71
70
79
78
465
464
467
466
461
460
463
462
546
547
544
545
469
468
540
541
649
648
319
318
317
316
315
314
313
312
311
310
689
688
454
455
564
456
565
457
450
451
568
601
452
569
453
683
682
685
684
687
686
559
606
558
458
459
108
109
106
107
104
105
102
103
100
101
551
550
534
536
429
428
421
420
423
422
425
424
427
426
95
94
97
96
91
90
93
92
609
608
359
358
99
98
587
191
190
193
192
195
194
197
196
199
198
210
211
216
217
214
215
693
28
29
517
516
511
510
513
512
20
21
22
23
24
25
26
27
674
675
676
677
670
671
594
673
532
678
679
289
288
285
284
287
286
281
280
283
282
533
597
353
548
352
351
630
350
631
357
632
356
549
355
634
354
635
636
637
593
218
219
155
154
157
156
151
150
258
259
256
257
254
255
252
253
250
251
212
489
488
213
483
482
481
480
487
486
485
484
64
65
66
67
60
61
62
63
68
69
410
411
412
413
414
415
416
417
418
419
553
552
555
554
557
556
638
639
328
329
322
323
320
321
326
327
324
325
595
