999
716
864
508
628
490
746
509
740
741
742
491
748
492
379
515
493
514
494
916
441
495
942
943
940
941
946
496
944
945
948
497
378
500
714
501
698
699
440
696
697
694
744
695
745
519
518
988
747
690
691
119
118
449
448
111
110
113
112
115
114
117
116
989
998
623
586
749
205
204
88
89
201
200
203
202
82
83
80
81
209
87
84
85
168
169
164
165
166
167
160
161
162
163
621
839
832
542
830
831
836
837
834
543
560
561
562
563
19
18
566
567
15
14
17
16
11
10
13
12
620
672
859
527
667
666
665
664
663
662
661
660
600
701
702
703
704
705
627
668
906
907
904
905
902
903
900
901
771
520
908
770
603
626
947
983
521
602
625
384
385
386
387
380
381
382
383
1000
388
389
605
624
588
589
616
523
617
614
604
645
898
615
644
612
647
613
646
610
641
611
607
640
938
643
642
249
248
122
123
124
125
126
127
241
240
243
242
245
244
247
246
878
879
876
877
874
875
872
873
700
871
59
58
51
50
53
52
55
54
57
56
403
402
401
400
407
406
405
369
599
409
408
598
335
334
337
336
331
330
333
332
228
339
338
835
9
8
580
581
238
239
584
585
1
235
3
2
5
4
7
6
596
949
792
591
590
371
188
370
189
794
757
756
755
754
753
752
751
750
759
758
827
833
894
895
896
897
890
891
892
893
955
954
957
956
229
899
953
952
120
823
121
822
811
986
706
987
870
984
985
539
829
538
828
707
128
980
129
981
535
886
478
479
472
473
470
471
476
477
474
475
531
530
711
270
271
272
273
274
275
276
277
278
279
373
372
375
374
377
376
825
824
669
826
821
820
179
178
177
176
175
174
173
172
171
170
572
573
447
571
570
577
576
575
446
579
578
445
368
444
443
574
442
652
653
650
651
308
309
654
655
304
305
306
307
300
301
302
303
911
910
913
912
915
914
917
763
919
918
633
780
781
782
761
784
785
786
787
743
789
842
765
681
397
396
395
394
393
392
391
390
399
398
964
965
966
967
960
961
962
963
680
840
969
972
404
291
779
929
719
778
718
362
884
656
657
133
132
131
130
137
136
135
134
502
503
139
138
506
507
504
505
869
713
363
959
592
712
861
860
863
862
865
658
867
866
928
659
48
49
46
47
44
45
42
43
40
41
692
715
438
439
436
437
434
435
432
433
430
431
340
341
342
343
344
345
346
347
348
349
880
618
619
186
187
184
185
182
183
180
181
227
226
225
224
223
222
221
220
582
923
818
819
583
814
815
816
817
810
629
812
813
39
38
926
33
32
31
30
37
36
35
34
777
207
849
762
234
760
206
766
767
764
622
768
537
236
292
293
290
237
296
297
294
295
230
298
299
231
887
366
885
783
883
232
881
367
920
921
922
233
924
364
889
888
365
86
208
788
360
361
882
528
529
153
152
524
525
526
263
262
261
260
267
266
265
264
159
269
268
838
158
498
499
148
149
854
522
856
857
142
143
140
141
146
147
144
145
77
76
75
74
73
72
71
70
841
79
78
465
464
467
466
461
460
463
462
546
547
544
545
469
468
540
541
726
727
724
725
722
723
720
721
844
927
728
729
649
648
319
318
317
316
315
314
313
312
311
310
689
848
688
793
454
791
790
797
796
795
455
564
799
798
456
565
457
450
951
451
568
601
452
569
453
993
683
682
685
684
977
976
975
974
973
687
971
970
686
979
978
994
925
559
606
558
991
458
459
108
109
106
107
104
105
102
103
100
101
551
550
534
990
708
536
950
709
968
429
428
992
421
420
423
422
425
424
427
426
95
94
97
96
91
90
93
92
609
608
359
358
99
98
587
191
190
193
192
195
194
197
196
199
198
210
211
216
217
214
215
693
868
809
808
807
806
805
804
803
802
801
800
28
29
517
516
511
510
513
512
20
21
22
23
24
25
26
27
858
958
674
675
676
677
670
671
594
673
775
774
532
776
678
679
773
772
289
288
285
284
287
286
281
280
283
282
939
533
597
933
932
931
930
937
936
935
934
353
548
352
995
351
630
996
350
769
631
357
909
632
356
549
355
634
354
635
636
637
982
593
218
997
219
155
154
157
156
151
150
258
259
256
257
254
255
252
253
250
251
843
212
489
488
847
846
845
213
483
482
481
480
487
486
485
484
64
65
66
67
60
61
62
63
68
69
410
411
412
413
414
415
416
417
418
419
553
552
555
554
557
556
731
730
733
732
735
734
737
736
739
738
710
638
639
328
329
322
323
320
321
326
327
324
325
850
851
717
852
853
595
855
