508 0.00142857148732
628 0.0014285715108
490 0.00142857150121
509 0.00142857149374
491 0.00142857152086
492 0.00142857150857
379 0.00142857152167
515 0.00142857151409
493 0.00142857151964
514 0.00142857144403
494 0.0014285714154
441 0.00142857150504
495 0.00142857152446
496 0.00142857151956
497 0.00142857151553
378 0.00142857144743
500 0.00142857148482
501 0.00142857149534
698 0.00142857151046
699 0.00142857151253
440 0.00142857150225
696 0.00142857150003
697 0.00142857145532
694 0.00142857150726
695 0.0014285715055
519 0.00142857144342
518 0.00142857148513
690 0.00142857150707
691 0.00142857148957
119 0.00142857152143
118 0.0014285715226
449 0.00142857145233
448 0.00142857151055
111 0.00142857150196
110 0.00142857151084
113 0.00142857147222
112 0.00142857151265
115 0.00142857152531
114 0.00142857147516
117 0.00142857151912
116 0.00142857151397
623 0.00142857152282
586 0.00142857142823
205 0.00142857146012
204 0.00142857147984
88 0.00142857148883
89 0.00142857146797
201 0.00142857151611
200 0.00142857148337
203 0.00142857150837
202 0.00142857151003
82 0.00142857150381
83 0.00142857151019
80 0.00142857143487
81 0.00142857148778
209 0.00142857148324
87 0.00142857152372
84 0.00142857149731
85 0.00142857150275
168 0.00142857147981
169 0.00142857150185
164 0.0014285715178
165 0.00142857147148
166 0.00142857149119
167 0.00142857150117
160 0.00142857142945
161 0.00142857152058
162 0.00142857146009
163 0.00142857151599
621 0.00142857150854
542 0.00142857148693
543 0.00142857145398
560 0.00142857151664
561 0.00142857151234
562 0.0014285715229
563 0.00142857148926
19 0.00142857152213
18 0.0014285714667
566 0.00142857148168
567 0.00142857146071
15 0.00142857152064
14 0.00142857152007
17 0.00142857151986
16 0.00142857151881
11 0.00142857151494
10 0.00142857151015
13 0.00142857145608
12 0.00142857151732
620 0.00142857151134
672 0.00142857149366
527 0.00142857149544
667 0.00142857152089
666 0.00142857150546
665 0.0014285714644
664 0.00142857147395
663 0.00142857148512
662 0.00142857150772
661 0.00142857152062
660 0.00142857151554
600 0.00142857151737
627 0.00142857151098
668 0.00142857148742
520 0.00142857150212
603 0.00142857142039
626 0.00142857147875
521 0.00142857151454
602 0.00142857141385
625 0.00142857150247
384 0.00142857150167
385 0.00142857151511
386 0.00142857148108
387 0.0014285715237
380 0.0014285715105
381 0.00142857142999
382 0.00142857151788
383 0.00142857141907
388 0.00142857150479
389 0.00142857142017
605 0.00142857150944
624 0.00142857150242
588 0.00142857151773
589 0.00142857150436
616 0.0014285714623
523 0.00142857147135
617 0.00142857146641
614 0.00142857142897
604 0.00142857150427
645 0.00142857145916
615 0.0014285715182
644 0.00142857148276
612 0.00142857152127
647 0.00142857149782
613 0.00142857143538
646 0.00142857147281
610 0.00142857150504
641 0.00142857146422
611 0.00142857147874
607 0.00142857150328
640 0.00142857149411
643 0.00142857148986
642 0.00142857143676
249 0.0014285715086
248 0.00142857152033
122 0.00142857152413
123 0.00142857151062
124 0.00142857147605
125 0.00142857147404
126 0.00142857151286
127 0.00142857152145
241 0.00142857150966
240 0.00142857151995
243 0.00142857151653
242 0.00142857143015
245 0.00142857150894
244 0.00142857149941
247 0.00142857151022
246 0.00142857145705
700 0.00142857147475
59 0.00142857148817
58 0.0014285714986
51 0.00142857150777
50 0.00142857152243
53 0.00142857144779
52 0.00142857150766
55 0.00142857145537
54 0.00142857152218
57 0.00142857151503
56 0.00142857151125
403 0.00142857144105
402 0.00142857152177
401 0.00142857144057
400 0.00142857148312
407 0.00142857152304
406 0.00142857150087
405 0.00142857145037
369 0.00142857149571
599 0.00142857150249
409 0.00142857150261
408 0.00142857151312
598 0.00142857149976
335 0.0014285714993
334 0.00142857151732
337 0.00142857151282
336 0.00142857150959
331 0.00142857147993
330 0.0014285714761
333 0.00142857150725
332 0.0014285715136
228 0.00142857151286
339 0.00142857149363
338 0.00142857144145
9 0.00142857151783
8 0.00142857152157
580 0.00142857148613
581 0.00142857151872
238 0.00142857152106
239 0.00142857152037
584 0.00142857152061
585 0.00142857146561
1 0.001428571494
235 0.0014285714919
3 0.00142857150603
2 0.00142857143045
5 0.00142857150904
4 0.00142857151478
7 0.0014285714865
6 0.00142857147016
596 0.00142857147544
591 0.0014285715086
590 0.00142857151888
371 0.00142857151356
188 0.00142857150333
370 0.00142857150081
189 0.00142857152079
229 0.00142857150203
120 0.0014285714458
121 0.00142857144008
539 0.0014285714952
538 0.00142857150117
128 0.00142857152096
129 0.001428571521
535 0.00142857152279
478 0.00142857151729
479 0.00142857150921
472 0.00142857143957
473 0.00142857143345
470 0.00142857149261
471 0.00142857149701
476 0.00142857141159
477 0.0014285715078
474 0.0014285715001
475 0.00142857147612
531 0.00142857145528
530 0.00142857147507
270 0.0014285714719
271 0.00142857151397
272 0.00142857147153
273 0.00142857148211
274 0.0014285715101
275 0.00142857150215
276 0.00142857151832
277 0.0014285715117
278 0.00142857146095
279 0.00142857151627
373 0.00142857152446
372 0.00142857151395
375 0.00142857150132
374 0.00142857144666
377 0.00142857150996
376 0.0014285715196
669 0.00142857147421
179 0.00142857148203
178 0.00142857147403
177 0.00142857150592
176 0.00142857149247
175 0.0014285714969
174 0.0014285715054
173 0.00142857149685
172 0.0014285714892
171 0.00142857150167
170 0.00142857151361
572 0.00142857147459
573 0.00142857151326
447 0.00142857150796
571 0.00142857150784
570 0.00142857149781
577 0.00142857149252
576 0.00142857152537
575 0.0014285715068
446 0.00142857143801
579 0.0014285715246
578 0.00142857151209
445 0.00142857144994
368 0.0014285715241
444 0.00142857148021
443 0.0014285714397
574 0.00142857151061
442 0.00142857150725
652 0.00142857150768
653 0.00142857151838
650 0.00142857149264
651 0.00142857151664
308 0.00142857151737
309 0.00142857144485
654 0.0014285715124
655 0.00142857144237
304 0.00142857151494
305 0.0014285714091
306 0.00142857152307
307 0.00142857150673
300 0.00142857148842
301 0.00142857149883
302 0.0014285714987
303 0.0014285714933
633 0.0014285714875
681 0.00142857149067
397 0.00142857152251
396 0.0014285714864
395 0.00142857150249
394 0.00142857150347
393 0.00142857152366
392 0.00142857152165
391 0.0014285715141
390 0.00142857148267
399 0.00142857147253
398 0.00142857150798
680 0.00142857146772
404 0.00142857140932
291 0.00142857148485
362 0.00142857150902
656 0.001428571491
657 0.00142857143704
133 0.00142857151843
132 0.00142857151597
131 0.00142857149939
130 0.00142857151195
137 0.0014285714212
136 0.00142857150952
135 0.0014285715045
134 0.00142857143644
502 0.00142857147292
503 0.00142857149171
139 0.00142857148059
138 0.00142857147018
506 0.00142857150667
507 0.0014285714989
504 0.00142857150069
505 0.00142857151205
363 0.00142857152152
592 0.0014285714856
658 0.00142857151839
659 0.00142857142484
48 0.00142857152255
49 0.00142857149745
46 0.00142857147205
47 0.00142857141964
44 0.00142857147791
45 0.00142857146912
42 0.0014285714832
43 0.00142857148306
40 0.00142857149529
41 0.00142857147416
692 0.00142857150468
438 0.00142857150736
439 0.00142857149294
436 0.0014285715105
437 0.001428571524
434 0.00142857150776
435 0.00142857151451
432 0.00142857150892
433 0.00142857150908
430 0.00142857150986
431 0.00142857150143
340 0.00142857151215
341 0.00142857149981
342 0.00142857150296
343 0.00142857149364
344 0.00142857151216
345 0.00142857152241
346 0.00142857150831
347 0.00142857150907
348 0.00142857152257
349 0.00142857140873
618 0.00142857151324
619 0.00142857152092
186 0.00142857151321
187 0.00142857147865
184 0.00142857149528
185 0.00142857149973
182 0.00142857141549
183 0.00142857150373
180 0.00142857149947
181 0.00142857151514
227 0.00142857148459
226 0.00142857149796
225 0.00142857152305
224 0.00142857148879
223 0.00142857152286
222 0.0014285715024
221 0.00142857148932
220 0.0014285714569
582 0.00142857150107
583 0.00142857151901
629 0.00142857151474
39 0.00142857150455
38 0.00142857150294
33 0.00142857144112
32 0.00142857149599
31 0.00142857151876
30 0.00142857152306
37 0.00142857151031
36 0.00142857151341
35 0.00142857148416
34 0.00142857149452
207 0.00142857150687
234 0.00142857150979
206 0.00142857145248
622 0.00142857150888
537 0.00142857151989
236 0.00142857148321
292 0.00142857152528
293 0.00142857150238
290 0.00142857152061
237 0.00142857151081
296 0.00142857151188
297 0.00142857152278
294 0.00142857149865
295 0.00142857152357
230 0.00142857148967
298 0.00142857148789
299 0.00142857150711
231 0.00142857142342
366 0.00142857149286
232 0.00142857146691
367 0.00142857146655
233 0.00142857145554
364 0.00142857150331
365 0.00142857148965
86 0.00142857151318
208 0.00142857151031
360 0.00142857147458
361 0.001428571521
528 0.0014285715188
529 0.00142857146001
153 0.0014285715083
152 0.00142857152137
524 0.00142857150929
525 0.00142857152374
526 0.00142857145098
263 0.00142857146469
262 0.00142857150858
261 0.0014285715219
260 0.00142857152313
267 0.00142857148881
266 0.00142857150442
265 0.00142857148439
264 0.00142857144177
159 0.00142857151146
269 0.00142857149983
268 0.00142857152132
158 0.00142857147291
498 0.00142857144362
499 0.00142857151372
148 0.00142857151866
149 0.00142857152221
522 0.00142857152338
142 0.00142857151804
143 0.00142857142473
140 0.00142857148776
141 0.00142857151893
146 0.00142857144256
147 0.0014285715132
144 0.00142857145403
145 0.00142857152262
77 0.00142857151277
76 0.00142857152522
75 0.00142857149168
74 0.00142857151273
73 0.00142857151891
72 0.00142857147147
71 0.00142857149492
70 0.00142857151017
79 0.00142857152247
78 0.00142857149199
465 0.00142857152288
464 0.00142857149193
467 0.00142857143275
466 0.00142857151811
461 0.0014285715132
460 0.00142857149758
463 0.00142857146872
462 0.00142857149179
546 0.00142857151526
547 0.00142857144418
544 0.00142857149708
545 0.00142857148658
469 0.00142857149941
468 0.00142857151972
540 0.00142857148598
541 0.00142857149655
649 0.00142857152205
648 0.00142857146947
319 0.00142857148719
318 0.00142857150356
317 0.00142857152517
316 0.00142857144926
315 0.00142857145194
314 0.00142857150213
313 0.00142857147474
312 0.00142857151209
311 0.00142857147696
310 0.00142857148623
689 0.00142857150724
688 0.00142857150368
454 0.00142857151768
455 0.00142857150911
564 0.0014285714211
456 0.00142857151322
565 0.00142857149497
457 0.00142857151675
450 0.00142857150965
451 0.00142857148567
568 0.00142857148978
601 0.00142857152063
452 0.00142857148963
569 0.00142857151012
453 0.00142857149366
683 0.00142857151369
682 0.0014285715183
685 0.00142857150844
684 0.00142857147887
687 0.00142857150417
686 0.00142857151771
559 0.0014285715216
606 0.00142857150717
558 0.00142857150704
458 0.00142857146379
459 0.0014285715233
108 0.00142857150347
109 0.00142857149981
106 0.00142857152413
107 0.00142857151554
104 0.00142857151097
105 0.00142857152103
102 0.00142857147627
103 0.0014285715086
100 0.00142857150432
101 0.00142857151899
551 0.00142857150651
550 0.00142857145926
534 0.00142857149503
536 0.00142857144465
429 0.00142857150807
428 0.00142857148839
421 0.00142857149135
420 0.00142857150978
423 0.00142857150546
422 0.00142857151458
425 0.00142857149137
424 0.00142857148453
427 0.00142857150563
426 0.00142857143239
95 0.00142857145584
94 0.0014285714965
97 0.00142857151077
96 0.00142857151453
91 0.00142857146509
90 0.00142857145375
93 0.00142857148106
92 0.00142857150976
609 0.00142857147431
608 0.00142857152476
359 0.00142857149812
358 0.00142857151242
99 0.00142857151349
98 0.00142857148242
587 0.00142857152427
191 0.00142857151078
190 0.00142857152064
193 0.00142857152168
192 0.00142857151463
195 0.00142857150487
194 0.0014285715021
197 0.00142857151477
196 0.00142857143784
199 0.00142857146731
198 0.00142857142125
210 0.00142857151434
211 0.00142857147121
216 0.00142857146416
217 0.00142857148838
214 0.00142857150426
215 0.00142857149398
693 0.00142857147899
28 0.00142857150715
29 0.0014285714568
517 0.00142857151288
516 0.00142857150948
511 0.00142857152234
510 0.00142857145889
513 0.00142857152237
512 0.00142857151759
20 0.0014285715088
21 0.00142857148417
22 0.00142857145439
23 0.00142857148842
24 0.00142857150499
25 0.0014285715078
26 0.00142857151955
27 0.00142857148977
674 0.00142857143535
675 0.00142857150802
676 0.00142857151976
677 0.00142857147342
670 0.0014285715169
671 0.00142857151047
594 0.00142857152238
673 0.00142857151706
532 0.00142857150406
678 0.00142857152561
679 0.00142857142683
289 0.00142857143231
288 0.00142857148496
285 0.00142857151716
284 0.0014285715021
287 0.00142857148836
286 0.00142857150413
281 0.00142857150786
280 0.00142857149551
283 0.00142857149146
282 0.0014285715181
533 0.00142857149278
597 0.00142857148323
353 0.00142857150108
548 0.00142857144548
352 0.00142857149532
351 0.00142857152369
630 0.00142857146684
350 0.00142857152525
631 0.00142857150641
357 0.00142857152029
632 0.00142857150903
356 0.00142857150388
549 0.00142857152291
355 0.00142857148021
634 0.00142857150129
354 0.00142857151886
635 0.0014285714753
636 0.00142857151709
637 0.0014285714765
593 0.00142857152063
218 0.001428571499
219 0.00142857151813
155 0.0014285714823
154 0.00142857150031
157 0.00142857146909
156 0.00142857151648
151 0.00142857151572
150 0.00142857151051
258 0.00142857150276
259 0.00142857150756
256 0.00142857152004
257 0.00142857150056
254 0.00142857152438
255 0.00142857148425
252 0.00142857152385
253 0.00142857152216
250 0.00142857149878
251 0.00142857144733
212 0.00142857152481
489 0.00142857151372
488 0.00142857150096
213 0.00142857151438
483 0.00142857145509
482 0.00142857151924
481 0.00142857149867
480 0.0014285715095
487 0.00142857150157
486 0.0014285715143
485 0.00142857150873
484 0.0014285715196
64 0.00142857150086
65 0.00142857150727
66 0.00142857149844
67 0.00142857146561
60 0.00142857151764
61 0.00142857150026
62 0.00142857144891
63 0.00142857147803
68 0.00142857145804
69 0.00142857151886
410 0.00142857151743
411 0.00142857149289
412 0.00142857150467
413 0.00142857151103
414 0.00142857148803
415 0.00142857145115
416 0.00142857149414
417 0.00142857150824
418 0.00142857152272
419 0.00142857141321
553 0.00142857146587
552 0.00142857150822
555 0.00142857147029
554 0.00142857150952
557 0.00142857150746
556 0.00142857145658
638 0.00142857151473
639 0.00142857151712
328 0.00142857151929
329 0.00142857147088
322 0.00142857150691
323 0.00142857152392
320 0.00142857145586
321 0.0014285714934
326 0.00142857152203
327 0.0014285715042
324 0.00142857151925
325 0.00142857152385
595 0.00142857148963
