999 0.0010000000392
716 0.00100000007054
864 0.00100000007152
508 0.00100000006408
628 0.00100000005492
490 0.00100000004822
746 0.00100000006399
509 0.00100000004178
740 0.00100000000039
741 0.00100000005547
742 0.00100000005427
491 0.00100000002673
748 0.0010000000412
492 0.00100000007258
379 0.00100000004256
515 0.00100000005716
493 0.00100000005699
514 0.00100000000216
494 0.00100000005112
916 0.00100000005356
441 0.00100000003851
495 0.00100000007282
942 0.00100000005778
943 0.00100000005275
940 0.00100000006049
941 0.00100000006538
946 0.00100000005539
496 0.00100000002675
944 0.00100000006662
945 0.00100000005287
948 0.0010000000559
497 0.0010000000723
378 0.00100000007415
500 0.00100000003882
714 0.00100000002495
501 0.00100000005047
698 0.00100000004811
699 0.00100000006119
440 0.00100000007145
696 0.00100000006069
697 0.00100000004678
694 0.00100000002701
744 0.00100000006402
695 0.00100000006097
745 0.00100000006081
519 0.00100000005142
518 0.00100000006659
988 0.0010000000716
747 0.00100000006029
690 0.00100000004802
691 0.00100000004082
119 0.00100000003546
118 0.00100000005486
449 0.00100000006317
448 0.00100000004107
111 0.00100000003613
110 0.00100000003486
113 0.00100000006704
112 0.00100000006281
115 0.00100000005764
114 0.00100000005974
117 0.00100000001865
116 0.00100000006679
989 0.00100000000316
998 0.00100000006664
623 0.00100000007387
586 0.00100000005532
749 0.00100000006476
205 0.00100000004522
204 0.00100000007168
88 0.00100000005463
89 0.0010000000607
201 0.00100000001875
200 0.00100000005611
203 0.00100000004428
202 0.00100000006735
82 0.00100000006404
83 0.00100000005003
80 0.00100000007064
81 0.00100000005923
209 0.00100000005997
87 0.00100000007201
84 0.00100000007119
85 0.00100000007298
168 0.001000000002
169 0.00100000000587
164 0.00100000006838
165 0.00100000003071
166 0.00100000005337
167 0.00100000003893
160 0.0010000000482
161 0.0010000000694
162 0.00100000007121
163 0.00100000007022
621 0.00100000006186
839 0.00100000007054
832 0.00100000004434
542 0.00100000005935
830 0.0010000000712
831 0.00100000005588
836 0.00100000006803
837 0.00100000006762
834 0.00100000001222
543 0.00100000006024
560 0.00100000000726
561 0.00100000003376
562 0.00100000007267
563 0.00100000007146
19 0.0010000000526
18 0.0010000000664
566 0.0010000000683
567 0.00100000005976
15 0.00100000006386
14 0.00100000003735
17 0.00100000006014
16 0.00100000004126
11 0.00100000006419
10 0.00100000004265
13 0.00100000002162
12 0.00100000005708
620 0.0010000000658
672 0.00100000006682
859 0.00100000005305
527 0.00100000006782
667 0.00100000006797
666 0.00100000003705
665 0.00100000004084
664 0.00100000006518
663 0.00100000007054
662 0.00100000007175
661 0.00100000002214
660 0.00100000004681
600 0.00100000006784
701 0.00100000002907
702 0.00100000005828
703 0.00100000000559
704 0.00100000004372
705 0.00100000006996
627 0.00100000000326
668 0.00100000001023
906 0.00100000006972
907 0.00100000006156
904 0.00100000006467
905 0.00100000003921
902 0.00100000006141
903 0.0010000000672
900 0.00100000007323
901 0.00100000003336
771 0.00100000003354
520 0.00100000004624
908 0.0010000000639
770 0.00100000000885
603 0.00100000001963
626 0.001000000041
947 0.00100000002456
983 0.00100000006221
521 0.00100000003005
602 0.00100000006678
625 0.00100000005071
384 0.00100000001111
385 0.00100000004661
386 0.00100000005904
387 0.00100000003056
380 0.00100000005845
381 0.00100000001682
382 0.00100000002155
383 0.0010000000413
1000 0.00100000006901
388 0.00100000005531
389 0.00100000006818
605 0.00100000004751
624 0.00100000006996
588 0.00100000004248
589 0.00100000000783
616 0.00100000005733
523 0.00100000003146
617 0.00100000006517
614 0.00100000004303
604 0.00100000006439
645 0.00100000006436
898 0.00100000005994
615 0.00100000006901
644 0.00100000006126
612 0.00100000005728
647 0.00100000001524
613 0.00100000006381
646 0.00100000004311
610 0.0010000000173
641 0.00100000007052
611 0.00100000005884
607 0.00100000005638
640 0.00100000007068
938 0.00100000004745
643 0.00100000005278
642 0.00100000005947
249 0.00100000006984
248 0.00100000004851
122 0.00100000007268
123 0.00100000006191
124 0.0010000000317
125 0.00100000005571
126 0.00100000006749
127 0.00100000005001
241 0.00100000005763
240 0.0010000000603
243 0.00100000006735
242 0.00100000007139
245 0.00100000003123
244 0.0010000000056
247 0.00100000005834
246 0.00100000004106
878 0.00100000006556
879 0.00100000006627
876 0.00100000007144
877 0.00100000005902
874 0.00100000005445
875 0.00100000000279
872 0.00100000006853
873 0.00100000005299
700 0.001000000041
871 0.00100000004434
59 0.00100000005847
58 0.00100000001072
51 0.00100000006354
50 0.00100000002491
53 0.00100000004708
52 0.00100000005949
55 0.00100000003546
54 0.00100000004628
57 0.00100000005227
56 0.00100000001329
403 0.00100000004325
402 0.00100000006624
401 0.00100000006749
400 0.00100000003106
407 0.00100000004649
406 0.0010000000685
405 0.00100000005042
369 0.0010000000674
599 0.00100000006964
409 0.00100000006779
408 0.00100000004536
598 0.00100000006576
335 0.00100000007057
334 0.00100000007087
337 0.00100000005409
336 0.00100000006317
331 0.00100000003567
330 0.00100000007145
333 0.0010000000539
332 0.00100000006772
228 0.00100000006266
339 0.00100000006241
338 0.0010000000458
835 0.00100000006509
9 0.00100000006778
8 0.00100000007148
580 0.00100000006329
581 0.001000000051
238 0.00100000004867
239 0.00100000006594
584 0.0010000000546
585 0.00100000006818
1 0.00100000004526
235 0.00100000000095
3 0.00100000004956
2 0.00100000006248
5 0.00100000005364
4 0.00100000004693
7 0.00100000004481
6 0.00100000000407
596 0.00100000002273
949 0.001000000064
792 0.00100000005674
591 0.00100000004137
590 0.00100000004392
371 0.00100000006709
188 0.00100000006271
370 0.00100000007019
189 0.0010000000208
794 0.001000000053
757 0.00100000006447
756 0.0010000000679
755 0.00100000006846
754 0.00100000007162
753 0.0010000000612
752 0.0010000000309
751 0.00100000006364
750 0.00100000005609
759 0.00100000005336
758 0.001000000006
827 0.00100000005147
833 0.00100000006093
894 0.00100000006619
895 0.00100000006656
896 0.00100000005976
897 0.00100000006895
890 0.00100000006016
891 0.00100000005034
892 0.00100000006746
893 0.00100000006043
955 0.0010000000655
954 0.00100000005883
957 0.00100000007002
956 0.00100000001285
229 0.00100000001077
899 0.00100000005141
953 0.00100000005411
952 0.00100000005319
120 0.00100000006402
823 0.00100000006282
121 0.00100000001533
822 0.0010000000525
811 0.0010000000696
986 0.00100000004766
706 0.00100000005418
987 0.00100000006235
870 0.001000000061
984 0.00100000006068
985 0.000999999997433
539 0.0010000000289
829 0.00100000004877
538 0.00100000007302
828 0.00100000006148
707 0.00100000005028
128 0.00100000005194
980 0.00100000004035
129 0.00100000006282
981 0.0010000000253
535 0.00100000006874
886 0.00100000003047
478 0.00100000003166
479 0.0010000000526
472 0.00100000005982
473 0.00100000006026
470 0.000999999996201
471 0.00100000006121
476 0.00100000003266
477 0.00100000000179
474 0.00100000004773
475 0.00100000004907
531 0.00100000003069
530 0.0010000000574
711 0.00100000006547
270 0.0010000000356
271 0.00100000006857
272 0.00100000006493
273 0.00100000002815
274 0.0010000000632
275 0.00100000006593
276 0.00100000004662
277 0.00100000006556
278 0.00100000004194
279 0.00100000006147
373 0.00100000003343
372 0.00100000002509
375 0.0010000000582
374 0.00100000006036
377 0.00100000007064
376 0.00100000004044
825 0.00100000006831
824 0.00100000007224
669 0.00100000007112
826 0.00100000004852
821 0.00100000006124
820 0.0010000000151
179 0.00100000007177
178 0.00100000007093
177 0.00100000006245
176 0.00100000004881
175 0.00100000005521
174 0.00100000005763
173 0.00100000007092
172 0.00100000006777
171 0.0010000000722
170 0.00100000001449
572 0.00100000004869
573 0.00100000004332
447 0.00100000006445
571 0.00100000006892
570 0.00100000006308
577 0.00100000006249
576 0.00100000006683
575 0.00100000005129
446 0.00100000006192
579 0.00100000006033
578 0.00100000006408
445 0.00100000006158
368 0.00100000005739
444 0.00100000006944
443 0.00100000006772
574 0.00100000005787
442 0.00100000005804
652 0.00100000003712
653 0.00100000007373
650 0.00100000006822
651 0.00100000002273
308 0.00100000000167
309 0.00100000006563
654 0.00100000002607
655 0.00100000002526
304 0.00100000002481
305 0.00100000003779
306 0.00100000005552
307 0.00100000005421
300 0.0010000000136
301 0.00100000000544
302 0.00100000005979
303 0.00100000006866
911 0.001000000067
910 0.0010000000504
913 0.00100000002112
912 0.0010000000668
915 0.00100000001672
914 0.00100000006893
917 0.00100000001731
763 0.00100000007366
919 0.00100000005709
918 0.00100000003521
633 0.00100000006433
780 0.00100000006412
781 0.00100000004025
782 0.00100000007141
761 0.00100000006801
784 0.00100000006912
785 0.00100000006929
786 0.00100000006141
787 0.00100000006587
743 0.00100000004185
789 0.0010000000639
842 0.00100000006761
765 0.0010000000063
681 0.00100000004745
397 0.00100000005248
396 0.00100000005681
395 0.00100000006704
394 0.00100000006935
393 0.00100000005446
392 0.00100000001707
391 0.00100000004534
390 0.00100000004074
399 0.00100000000665
398 0.00100000002028
964 0.00100000006953
965 0.00100000003274
966 0.00100000005828
967 0.00100000007177
960 0.00100000006441
961 0.00100000007172
962 0.00100000007046
963 0.00100000006722
680 0.00100000003832
840 0.0010000000527
969 0.00100000007093
972 0.0010000000613
404 0.00100000002466
291 0.00100000004805
779 0.00100000004412
929 0.00100000006853
719 0.00100000006864
778 0.00100000006905
718 0.00100000002414
362 0.00100000003704
884 0.00100000004006
656 0.0010000000462
657 0.00100000004587
133 0.00100000007096
132 0.00100000005875
131 0.0010000000567
130 0.001000000066
137 0.00100000006764
136 0.00100000005378
135 0.00100000005638
134 0.00100000004081
502 0.00100000004422
503 0.0010000000656
139 0.00100000006572
138 0.00100000006335
506 0.00100000002818
507 0.00100000001725
504 0.00100000007109
505 0.00100000006375
869 0.00100000002167
713 0.0010000000472
363 0.00100000006041
959 0.00100000005742
592 0.00100000004361
712 0.00100000003575
861 0.00100000004312
860 0.00100000002742
863 0.00100000005395
862 0.00100000007291
865 0.00100000000935
658 0.00100000002308
867 0.00100000006653
866 0.0010000000298
928 0.00100000005266
659 0.00100000006384
48 0.00100000006713
49 0.00100000001903
46 0.0010000000501
47 0.0010000000604
44 0.00100000004663
45 0.00100000003838
42 0.000999999999061
43 0.00100000006471
40 0.00100000004153
41 0.0010000000397
692 0.00100000006729
715 0.00100000005732
438 0.00100000006374
439 0.00100000006347
436 0.00100000005103
437 0.0010000000338
434 0.00100000004996
435 0.0010000000496
432 0.0010000000425
433 0.0009999999986
430 0.00100000003989
431 0.0010000000158
340 0.00100000003637
341 0.00100000004539
342 0.00100000005122
343 0.00100000006915
344 0.00100000005436
345 0.000999999993912
346 0.00100000004805
347 0.0010000000546
348 0.00100000001878
349 0.00100000006337
880 0.00100000001806
618 0.00100000004431
619 0.00100000006707
186 0.0010000000705
187 0.00100000004941
184 0.00100000003594
185 0.00100000000121
182 0.00100000003516
183 0.00100000000713
180 0.00100000004412
181 0.00100000006045
227 0.00100000007077
226 0.00100000007366
225 0.00100000003911
224 0.0010000000293
223 0.0010000000343
222 0.00100000004054
221 0.00100000005456
220 0.00100000003055
582 0.00100000006238
923 0.00100000005688
818 0.00100000005487
819 0.00100000007361
583 0.0010000000621
814 0.0010000000642
815 0.00100000006519
816 0.00100000005187
817 0.00100000005322
810 0.00100000006121
629 0.00100000001471
812 0.00100000007043
813 0.00100000006053
39 0.00100000004883
38 0.00100000007259
926 0.00100000004954
33 0.00100000007252
32 0.00100000004979
31 0.000999999997526
30 0.00100000004386
37 0.0010000000546
36 0.00100000005174
35 0.00100000006439
34 0.00100000005241
777 0.00100000007397
207 0.00100000004261
849 0.00100000005558
762 0.00100000003227
234 0.0010000000439
760 0.00100000006971
206 0.00100000006564
766 0.00100000005094
767 0.00100000004712
764 0.00100000003069
622 0.00100000002643
768 0.00100000003849
537 0.00100000007176
236 0.00100000006813
292 0.00100000006735
293 0.0010000000544
290 0.00100000006355
237 0.000999999999668
296 0.00100000005904
297 0.00100000007132
294 0.00100000003592
295 0.00100000005126
230 0.00100000006619
298 0.00100000007004
299 0.00100000006488
231 0.00100000001805
887 0.00100000002421
366 0.00100000005549
885 0.00100000004304
783 0.00100000006825
883 0.00100000001691
232 0.00100000001914
881 0.00100000004484
367 0.00100000004494
920 0.00100000006063
921 0.00100000006549
922 0.00100000006795
233 0.00100000005754
924 0.00100000004709
364 0.0010000000637
889 0.00100000005971
888 0.00100000004093
365 0.00100000002543
86 0.00100000006052
208 0.00100000006991
788 0.00100000005932
360 0.00100000006897
361 0.00100000003956
882 0.00100000006186
528 0.00100000007046
529 0.00100000005893
153 0.00100000006235
152 0.00100000006455
524 0.0010000000658
525 0.0010000000711
526 0.0010000000355
263 0.00100000006717
262 0.00100000006654
261 0.00100000001357
260 0.00100000006651
267 0.00100000005647
266 0.00100000006799
265 0.0010000000334
264 0.00100000006224
159 0.00100000005384
269 0.00100000002581
268 0.00100000003111
838 0.00100000000985
158 0.00100000003128
498 0.00100000004566
499 0.00100000006677
148 0.00100000005823
149 0.00100000006508
854 0.0010000000591
522 0.00100000005725
856 0.00100000006904
857 0.00100000006902
142 0.0010000000717
143 0.0010000000591
140 0.00100000007012
141 0.00100000006667
146 0.00100000003036
147 0.00100000005478
144 0.00100000006245
145 0.00100000005455
77 0.00100000006438
76 0.00100000004407
75 0.00100000007112
74 0.00100000005244
73 0.0010000000124
72 0.00100000005873
71 0.00100000006197
70 0.000999999997148
841 0.00100000006274
79 0.00100000000595
78 0.00100000005686
465 0.00100000005786
464 0.00100000007343
467 0.0010000000512
466 0.00100000005803
461 0.00100000007429
460 0.00100000001322
463 0.00100000003945
462 0.00100000003514
546 0.00100000003314
547 0.00100000004927
544 0.00100000002757
545 0.0010000000561
469 0.00100000004469
468 0.00100000005904
540 0.00100000003815
541 0.00100000005601
726 0.00100000006648
727 0.00100000004245
724 0.00100000006385
725 0.00100000004916
722 0.00100000003241
723 0.00100000004064
720 0.00100000005161
721 0.00100000005469
844 0.00100000004039
927 0.00100000007095
728 0.00100000005947
729 0.00100000002684
649 0.00100000006009
648 0.00100000005084
319 0.00100000006165
318 0.00100000005209
317 0.00100000000427
316 0.000999999999807
315 0.00100000005501
314 0.0010000000665
313 0.00100000002215
312 0.00100000006139
311 0.00100000006394
310 0.00100000000022
689 0.00100000006451
848 0.00100000006875
688 0.00100000007149
793 0.0010000000487
454 0.00100000004098
791 0.00100000005204
790 0.00100000002554
797 0.00100000006979
796 0.00100000005162
795 0.00100000006418
455 0.00100000006093
564 0.00100000000862
799 0.00100000005892
798 0.00100000007295
456 0.00100000004107
565 0.00100000006793
457 0.00100000006143
450 0.00100000002093
951 0.00100000003308
451 0.00100000006302
568 0.00100000006812
601 0.00100000005632
452 0.00100000007032
569 0.0010000000674
453 0.00100000006518
993 0.00100000007296
683 0.00100000005482
682 0.0010000000572
685 0.00100000006133
684 0.00100000004586
977 0.00100000005701
976 0.00100000006562
975 0.00100000005016
974 0.00100000003007
973 0.0010000000435
687 0.00100000006216
971 0.00100000006731
970 0.00100000006692
686 0.00100000006047
979 0.00100000004531
978 0.00100000005512
994 0.00100000005256
925 0.00100000006029
559 0.00100000006801
606 0.00100000005535
558 0.00100000006391
991 0.00100000006152
458 0.00100000006617
459 0.00100000003422
108 0.00100000004484
109 0.00100000002416
106 0.00100000005871
107 0.00100000002259
104 0.00100000007155
105 0.00100000006027
102 0.00100000002421
103 0.00100000006639
100 0.00100000003929
101 0.00100000006827
551 0.00100000001617
550 0.00100000006291
534 0.00100000006783
990 0.00100000001866
708 0.00100000005926
536 0.0010000000574
950 0.0010000000636
709 0.0010000000669
968 0.00100000003245
429 0.00100000004785
428 0.00100000006949
992 0.00100000007255
421 0.0010000000396
420 0.00100000005542
423 0.00100000006088
422 0.00100000006319
425 0.00100000005838
424 0.0010000000637
427 0.0010000000349
426 0.00100000005027
95 0.00100000003349
94 0.00100000005519
97 0.00100000006872
96 0.00100000001743
91 0.00100000006613
90 0.00100000005987
93 0.00100000002618
92 0.0010000000725
609 0.00100000003384
608 0.0010000000727
359 0.00100000001688
358 0.0010000000501
99 0.0010000000563
98 0.0010000000691
587 0.00100000005183
191 0.00100000001459
190 0.00100000006486
193 0.00100000006458
192 0.00100000007116
195 0.00100000006666
194 0.00100000007262
197 0.00100000005404
196 0.00100000006842
199 0.0010000000687
198 0.00100000000676
210 0.00100000003984
211 0.00100000002884
216 0.00100000005538
217 0.00100000002958
214 0.00100000003722
215 0.00100000004999
693 0.00100000004549
868 0.00100000006913
809 0.00100000006185
808 0.00100000002634
807 0.00100000004886
806 0.00100000006692
805 0.00100000003776
804 0.00100000005169
803 0.00100000005377
802 0.00100000006658
801 0.00100000007413
800 0.00100000007239
28 0.0010000000567
29 0.0010000000738
517 0.00100000004397
516 0.00100000003037
511 0.0010000000486
510 0.00100000005738
513 0.00100000006303
512 0.00100000005376
20 0.00100000006973
21 0.00100000005085
22 0.00100000004524
23 0.0010000000606
24 0.00100000006151
25 0.00100000006256
26 0.00100000002222
27 0.00100000007039
858 0.0010000000502
958 0.00100000006033
674 0.00100000004724
675 0.00100000005273
676 0.00100000000401
677 0.00100000006033
670 0.00100000006355
671 0.00100000007109
594 0.00100000004569
673 0.00100000004498
775 0.00100000003963
774 0.00100000004942
532 0.00100000007173
776 0.00100000007118
678 0.00100000005365
679 0.00100000005304
773 0.0010000000534
772 0.00100000005971
289 0.00100000006312
288 0.00100000006174
285 0.0010000000696
284 0.00100000006786
287 0.00100000007174
286 0.00100000004979
281 0.00100000006758
280 0.00100000006494
283 0.00100000007308
282 0.00100000003166
939 0.00100000006688
533 0.00100000006789
597 0.00100000001646
933 0.00100000007178
932 0.00100000001621
931 0.00100000004965
930 0.00100000004912
937 0.00100000002144
936 0.00100000001937
935 0.00100000006533
934 0.00100000004185
353 0.00100000000322
548 0.00100000006697
352 0.00100000006576
995 0.00100000007065
351 0.00100000006893
630 0.00100000007042
996 0.00100000002657
350 0.0010000000208
769 0.00100000002238
631 0.00100000004291
357 0.00100000003031
909 0.00100000005938
632 0.00100000005781
356 0.00100000000373
549 0.00100000007104
355 0.00100000004473
634 0.00100000004561
354 0.00100000003936
635 0.00100000004938
636 0.00100000007315
637 0.00100000006909
982 0.00100000005486
593 0.00100000004591
218 0.00100000006213
997 0.00100000007189
219 0.00100000003167
155 0.00100000007112
154 0.00100000006886
157 0.00100000006471
156 0.00100000000222
151 0.00100000003785
150 0.00100000006343
258 0.00100000004551
259 0.00100000006423
256 0.00100000002533
257 0.00100000006655
254 0.00100000006552
255 0.00100000004891
252 0.00100000004353
253 0.00100000007078
250 0.00100000006412
251 0.00100000005544
843 0.00100000004777
212 0.00100000003648
489 0.00100000007293
488 0.0010000000326
847 0.00100000006156
846 0.000999999998213
845 0.00100000005298
213 0.00100000005136
483 0.0010000000611
482 0.00100000003805
481 0.0010000000436
480 0.0010000000641
487 0.00100000003971
486 0.00100000003748
485 0.00100000005518
484 0.0010000000127
64 0.00100000004488
65 0.00100000007255
66 0.00100000005006
67 0.00100000006164
60 0.00100000005467
61 0.00100000004722
62 0.00100000005624
63 0.00100000006508
68 0.00100000005194
69 0.00100000004812
410 0.00100000006137
411 0.00100000006958
412 0.00100000006943
413 0.00100000006294
414 0.0010000000173
415 0.00100000006948
416 0.00100000007265
417 0.00100000006215
418 0.00100000001571
419 0.00100000004645
553 0.00100000002712
552 0.00100000002674
555 0.00100000006704
554 0.0010000000372
557 0.00100000005626
556 0.00100000000842
731 0.00100000006726
730 0.00100000006827
733 0.00100000005037
732 0.00100000003574
735 0.00100000005427
734 0.00100000006703
737 0.00100000004098
736 0.00100000003768
739 0.00100000006454
738 0.00100000006536
710 0.00100000006659
638 0.00100000006739
639 0.0010000000727
328 0.00100000001272
329 0.00100000006576
322 0.00100000007116
323 0.00100000005498
320 0.00100000006402
321 0.00100000000989
326 0.00100000007029
327 0.00100000002435
324 0.0010000000621
325 0.00100000001454
850 0.0010000000638
851 0.0010000000708
717 0.00100000006489
852 0.00100000002228
853 0.00100000001633
595 0.00100000004038
855 0.00100000002433
