142
143
140
141
146
658
147
942
943
940
946
947
944
945
948
949
1443
1442
1441
1440
1447
1194
1445
1444
88
89
368
369
82
83
80
81
362
87
84
85
168
169
164
165
166
167
160
161
162
163
560
561
562
563
564
565
566
567
568
569
708
709
700
701
702
703
704
705
706
707
384
385
386
387
380
381
382
383
1438
1439
388
389
317
316
315
314
313
312
1098
1099
1094
1095
1096
1097
1090
1091
1092
1093
1446
959
958
954
957
956
951
950
953
952
1389
379
378
371
370
373
372
375
374
377
376
179
178
177
176
175
174
173
172
171
170
1385
573
572
571
570
577
576
575
446
579
578
445
444
443
442
719
718
117
713
712
711
116
717
716
715
714
1410
1411
1412
1413
1414
1415
1416
1399
1398
1397
1396
1395
1394
1393
1392
1391
1390
397
396
395
1159
392
391
390
1155
1154
1157
1156
1151
1150
399
398
1375
1374
1377
1376
1371
1370
1373
1372
1379
1378
818
819
814
815
816
817
810
811
813
928
929
367
920
921
922
923
924
364
926
927
365
86
363
360
361
498
499
148
149
490
491
492
493
494
495
496
497
548
549
546
547
544
545
542
543
540
541
726
727
724
725
722
723
720
721
728
729
1388
681
1380
1381
1382
1383
1384
683
1386
1387
1418
1419
682
1148
1149
1146
1147
1144
1145
1142
1143
1140
1141
687
686
1366
1367
1364
1365
1362
1363
1360
1361
1368
1369
1139
1138
809
808
807
806
805
804
803
802
801
800
1131
1130
939
938
933
932
931
930
937
936
935
934
155
154
157
156
151
150
153
152
159
158
489
488
483
482
481
480
487
486
485
484
327
559
558
551
550
553
552
555
554
557
556
731
730
733
732
735
734
737
736
739
738
1179
1178
1173
1172
1171
1170
1177
1176
1175
1174
1432
1433
1430
1281
1280
1283
1282
1285
1284
1287
1286
1289
1437
1434
1435
1353
1352
1351
1350
1357
1356
1355
1354
1359
1358
838
839
832
833
830
831
836
837
834
835
906
907
904
905
902
903
900
901
908
909
340
341
342
343
344
345
346
347
120
121
122
123
124
125
126
127
128
129
582
583
580
581
586
239
584
585
234
235
588
589
230
231
232
233
224
223
222
144
593
311
220
1164
1165
145
1167
310
1161
1162
1163
1168
1169
1292
1293
1290
1291
1296
1297
1294
1295
1298
1299
1348
1349
1344
1345
1346
1347
1340
1341
1342
1343
825
824
827
826
821
820
823
822
829
828
911
910
913
912
915
914
917
916
919
918
1052
769
1055
133
132
131
130
137
136
135
134
139
138
685
684
599
598
229
228
227
226
225
596
591
590
221
592
39
38
33
32
31
30
37
36
35
34
1111
1110
1113
1112
1115
1114
1117
1116
1119
1118
1029
1028
1025
1024
1027
1026
1021
1020
1023
1022
1068
1339
1338
257
1331
1330
1333
1332
1335
1334
1337
1336
255
252
253
850
851
852
853
854
250
856
857
858
859
251
1245
1244
1247
1246
1241
1240
1243
1242
1249
1248
237
353
537
459
108
109
454
455
456
457
450
451
452
218
219
212
213
210
211
216
217
214
215
28
29
698
699
696
697
694
695
692
693
690
691
1102
1103
1100
1101
1106
1107
672
1105
1108
1109
678
679
322
323
320
321
1038
1039
1036
1037
1034
1035
1032
1033
1030
1031
324
325
1328
1329
1322
1323
447
1321
1326
1327
1324
1325
843
842
841
840
847
846
845
844
849
848
1256
1257
1254
1255
1252
1253
1250
1251
1258
1259
855
1072
1073
1070
1071
1076
1077
119
118
1074
449
448
111
110
113
112
115
114
441
440
205
204
207
206
201
200
203
202
209
208
689
688
19
18
15
14
17
16
11
10
13
12
667
666
665
664
663
662
661
660
1137
1136
1135
1134
1133
1132
669
668
1009
1008
1003
1002
1001
1000
1007
1006
1005
1004
458
1317
1316
1315
1314
1313
1312
1311
1310
1319
1318
1487
1486
1485
1484
1483
1482
1481
1480
1489
1488
878
879
876
877
874
875
872
873
870
871
1263
1262
1261
1260
1267
1266
1265
1264
1269
1268
9
8
1
3
2
5
4
7
6
894
895
896
897
890
891
892
893
898
899
478
479
472
473
470
471
476
477
474
475
1475
270
271
272
273
274
275
276
277
278
279
574
652
653
650
651
308
309
654
655
304
305
306
307
1124
1125
302
303
780
781
782
783
784
785
786
787
788
789
1014
1015
1016
1017
1010
1011
1012
1013
1018
1019
1300
1128
1302
1303
1304
1305
1306
1129
1309
1490
1491
1492
1493
1494
1495
1496
1497
1498
656
657
869
868
1121
861
860
863
862
865
864
867
866
659
300
301
1278
1126
1417
1274
1275
1127
1270
1271
1272
1273
887
886
885
884
883
882
881
880
889
888
1058
263
262
261
260
267
266
265
264
269
268
77
76
75
74
73
72
71
70
79
78
465
464
467
466
461
460
463
462
469
468
649
648
319
318
645
644
647
646
641
640
643
642
793
792
791
790
797
796
795
794
798
104
105
102
103
1061
1060
1063
1062
1065
1064
1067
1066
1069
393
101
1158
1409
1408
1407
1406
1405
1404
1403
1402
1152
1469
1468
1465
1464
1467
1466
1461
1460
1463
1462
1209
1208
1201
1200
1203
1202
1205
1204
1207
1401
1400
1120
95
94
97
96
91
90
93
92
1122
1301
1123
1307
528
529
258
259
524
525
526
527
520
521
522
523
326
64
65
66
67
60
61
62
63
1431
68
69
410
411
412
413
414
415
416
418
419
1436
710
638
639
328
329
1499
630
631
632
633
634
635
636
637
744
745
746
747
740
741
742
743
1078
1079
748
749
20
21
22
23
24
25
26
1478
1479
1476
1477
1474
27
1472
1473
1470
1471
1218
1219
1212
1213
1210
1211
1216
1217
1214
1215
674
675
676
677
1500
670
671
1104
673
1279
1277
249
248
539
538
241
240
243
242
245
244
247
246
59
58
51
50
53
52
55
54
57
56
403
402
401
407
406
405
404
409
408
335
334
337
336
331
330
333
332
339
338
629
628
623
622
621
620
627
626
625
624
757
756
755
754
753
752
751
750
1047
1046
1045
1044
1043
1042
759
758
1075
1199
1198
1449
1448
536
1191
1190
1193
1192
1195
535
1197
1196
534
533
532
531
530
1227
1226
1225
1224
1223
1222
1221
1220
1229
1228
988
989
986
987
984
985
982
983
980
981
366
964
965
966
967
960
961
962
963
968
969
508
509
502
503
500
501
506
507
504
505
48
49
46
47
44
45
42
43
40
41
438
439
436
437
434
435
432
433
430
431
616
617
614
615
612
613
610
611
348
349
618
619
186
187
184
182
183
180
181
188
189
925
238
587
762
763
760
761
767
764
765
1050
1051
768
1053
1054
236
1056
1057
292
293
290
291
296
297
294
295
298
299
256
1320
1454
1455
1456
1457
1450
1452
1453
1458
1459
254
1188
1189
1182
1183
1180
1181
1186
1187
1184
1185
352
1230
1231
1232
1233
1234
1235
1236
1237
1238
1239
351
999
998
350
991
990
993
992
995
994
997
996
357
356
355
354
106
1166
977
976
975
974
973
972
971
970
1160
979
978
1049
107
1048
1040
429
428
421
420
423
422
425
424
427
426
601
600
603
602
605
604
607
606
608
359
358
99
98
191
190
193
192
195
194
197
196
199
198
100
515
514
517
516
511
510
513
512
595
519
779
778
594
775
774
777
776
771
773
772
289
288
285
284
287
286
281
280
283
282
597
1421
1420
1423
1422
1425
1424
1427
1426
1429
1428
1083
1082
1081
1080
1087
1086
1085
1084
1089
1088
