5040
6676
11700
11702
10078
10071
4299
4298
4127
4125
8898
8890
88
83
81
86
87
84
85
5656
5654
5652
5653
5650
9766
2562
2567
2386
2380
2383
3389
3386
3384
3385
3382
3380
11066
11061
11063
16877
16876
8404
23871
3050
6023
6027
15019
156
1667
1660
13230
12187
3159
5269
5268
5267
5265
5264
5263
5260
5841
5840
5846
2811
2810
2813
3149
14747
5659
8178
8171
8174
8177
3853
3854
1175
1280
1283
1285
1284
2488
2489
2482
2483
2481
2486
2487
2485
1825
1824
1826
1829
2738
12345
2563
3462
3467
3465
8233
8230
8236
8235
14262
5448
10953
4472
4478
15822
2133
2130
2139
12441
3264
3263
8039
8035
8031
8032
9926
6169
6168
11490
11493
11495
11496
10548
10545
10544
13891
9074
12853
12858
1329
1324
1325
842
840
847
844
848
66746
6361
6364
4217
9274
7543
1651
1657
6093
15611
2305
2307
8489
10739
10737
263
267
265
269
4698
1517
1519
1518
744
747
4823
4821
4826
4827
4824
4828
4829
6539
2170
7664
7669
4003
4009
10248
5753
5752
5755
5759
5758
10868
10869
2400
2401
4588
3758
18475
11383
14157
8729
8726
8723
9899
2699
2692
19406
186
187
184
185
180
188
189
16444
16443
26780
971
978
13468
13462
13466
5349
5340
5342
5343
5347
46363
15171
15177
11413
3954
6703
6702
17150
13816
8961
8960
8968
13101
13109
9614
9611
1944
1941
3548
3549
8578
8574
8576
571
577
574
397
394
399
398
7015
24588
5520
5521
5523
5524
5525
5526
5527
6878
14986
4732
4736
4734
4738
7832
7838
7839
5069
5068
5065
5064
5066
5061
5060
5063
5062
8370
8371
2920
2926
3035
3037
3031
3032
3038
6009
6003
2816
9131
12953
13533
11395
1594
1590
27110
18944
2024
2026
56008
6244
6247
6241
6248
11845
9338
9486
10174
13558
4507
1754
7975
7974
7971
7970
7978
2228
2222
2223
2220
11308
11301
11304
11305
9814
9813
106
107
104
105
102
103
100
14844
14847
14843
1256
1254
1255
801
662
669
668
5924
5925
5920
5922
5929
7782
7780
7789
4323
7430
10361
10365
5498
5499
5494
5495
5496
5490
5492
5493
13188
13189
13181
9697
9695
5142
5143
5141
5146
5144
5145
12272
1490
1497
1498
1499
8648
8643
8641
9999
9998
2730
318
12050
1741
12076
12075
12074
4958
4956
4954
4950
4951
6080
6089
6623
6620
11752
11751
4741
10081
10082
10083
4747
10088
4744
1744
8842
8843
8848
8849
4173
1044
1042
2539
2537
2534
2535
2532
2531
8430
8432
8434
8437
3376
3372
3371
3378
16841
16845
439
434
8313
292
290
3725
12515
13268
15952
12301
3171
3170
10471
10472
10475
8141
10291
10293
13926
16737
6077
16190
2709
1067
6478
6476
7706
7704
7705
7701
5411
9561
9567
10909
10905
10900
10902
1419
18821
2148
2144
6712
11262
11268
6137
6134
6132
6130
6131
6139
9000
9005
1357
1356
1358
833
836
837
835
11974
583
580
15522
7579
7571
10008
10000
10003
9245
9247
9242
5598
5593
5595
5594
5627
9798
9793
32
37
35
34
7534
12330
21092
1622
1621
1620
3662
3084
3086
3081
3089
11010
14069
10769
219
211
216
217
215
3940
16359
5666
12131
12136
12134
12135
12139
25464
4859
4858
4853
4852
4851
4850
4856
4855
4854
5810
5812
5816
5818
5819
2848
10218
10215
1477
4038
1475
1129
1120
1122
1789
1781
1782
2479
2478
2473
2470
2476
2475
2474
1870
1871
1874
2781
2783
2784
19354
2789
2788
710
3432
16969
9888
8261
8267
8269
1751
25832
6947
5371
5370
5375
5374
5379
5378
15851
5995
5994
5993
5992
5999
3231
3234
10531
8062
8063
8061
8067
8064
9088
9083
9082
9086
8936
8937
8930
12826
12828
2626
3572
8544
8541
508
502
504
6338
6339
6334
6337
11938
11934
7068
7064
5511
5513
5512
5515
5514
5516
20651
5239
4742
13647
7809
7802
7804
7806
2350
2850
2358
2852
2856
8384
8382
8381
19648
2979
11099
11097
6072
6071
6070
3009
3007
3000
3002
9160
2242
2247
1098
1099
1090
1091
1548
1549
1542
1543
1545
18936
2015
2010
2013
10204
10201
717
715
15402
13953
13952
5899
5897
19134
6271
3118
1704
7632
1703
9360
12093
5702
5703
5704
5706
5709
10833
10836
23979
13567
1708
3701
5285
5284
5281
5280
5283
5282
5289
5288
8777
10483
10485
17457
8196
8190
8198
8199
11689
155
154
10159
151
153
152
10152
906
27482
27483
21421
25506
15239
22195
15234
5918
5914
5917
5910
5913
27814
6750
11447
10314
3984
4661
4664
4665
4667
4668
4669
9665
9668
5133
5132
5131
5137
5136
5139
11686
157
12200
12208
158
1936
1935
1933
11164
11166
36215
3426
3422
3420
17648
4702
13319
13318
7883
7884
7889
5033
5030
5031
5036
5037
12042
12592
12596
22544
15069
11769
8308
8306
8305
8301
5075
12087
7307
4140
8871
8876
13055
13053
13050
2095
2096
2090
2092
8466
8461
8468
3322
467
461
468
793
796
794
799
13610
5781
5787
13299
4554
7929
15610
5208
2258
5205
2255
5201
5200
5203
5202
11359
11353
11354
3128
3127
3124
3125
3122
3123
9778
8117
9774
10400
10406
10407
1198
1196
1221
1220
1229
988
2757
2514
2515
2517
2511
619
6422
6428
6429
9555
9556
5424
5427
5421
5420
5422
7488
7482
12286
1428
13488
13735
13733
15772
2193
2194
2196
8639
8635
8634
19084
11258
11252
8097
9948
10614
368
366
364
361
18024
66738
4929
4927
4926
4923
4921
4920
15579
6383
6385
6387
7385
6657
6656
6655
6653
6651
2056
7528
11980
10057
9298
9293
9297
9294
9740
9741
9747
5678
5670
5671
5672
2549
2545
2541
2540
3227
20918
13210
12166
12162
4882
4884
4885
4886
4887
4889
5828
2839
2838
2833
5822
5827
5826
5397
3879
5399
5398
11531
17273
17279
1112
1117
1118
9465
1801
1809
8781
8789
3409
3401
3403
3407
8258
8252
8254
699
696
74053
7778
6234
10978
10976
13409
13405
13400
4450
3515
5329
5325
5322
1740
3242
3241
3247
3245
3244
8015
8014
6146
6144
6141
6140
10565
10561
10568
14999
3932
3938
10695
10696
10698
7239
12878
1302
1308
1980
866
6300
6303
6307
6306
4234
4230
11908
9218
5549
5546
5547
5542
5541
65
66
60
61
62
68
69
4793
4794
4795
4796
4797
4799
1677
15635
7857
7851
7859
2322
2320
19631
241
243
245
244
246
10717
9154
9157
9158
18275
815
1533
1532
1531
1535
1538
769
4808
4809
4801
4802
4803
4805
4807
6513
6517
7641
7649
9396
9391
10268
10269
5739
5738
5731
5730
5733
5732
10844
10845
10848
2423
2425
21275
1739
2286
2283
1880
1884
3483
3482
16999
8702
8704
11675
11679
166
160
163
11319
14821
20815
959
955
954
951
39019
15199
6494
6491
6490
6498
6725
3022
17134
4383
4382
4381
8989
8988
16266
1389
13167
1386
9638
9637
1964
1960
1962
19202
11653
18555
3529
3524
3525
8510
8516
8514
559
558
552
17674
5034
5035
13365
4717
5049
5048
5042
5041
5047
12096
2905
2909
6021
6022
3051
15014
6026
6029
8351
8352
14656
35238
10799
10795
10790
10791
10793
7373
8826
8824
8821
1024
1026
1020
2593
2042
2043
3314
3317
452
6221
6225
6228
6598
11824
9318
9316
9313
9311
9310
4522
7956
7954
7959
2206
2201
2203
2208
2209
2550
2552
2553
2555
9876
9875
4144
11587
10185
10184
10187
10180
10182
1275
1273
1016
1012
645
643
5942
5940
5946
6411
4308
7455
43313
9508
9501
11032
11030
5161
5162
5163
5165
5166
5167
5168
5169
12255
19288
1478
13704
11288
8664
8660
8662
8596
19700
11130
11137
11134
10667
335
337
331
16546
16545
16542
26688
27089
20681
239
12012
12019
12018
4974
4970
4972
4973
15544
15543
15099
15090
2983
2982
6604
6602
11730
10069
10065
10060
4110
4116
95
94
97
96
91
93
92
99
98
5644
5641
9773
2510
2513
2519
3398
3392
8415
8412
24832
2127
6707
6706
26526
13240
13249
12193
5253
5257
5255
15973
5870
5871
5879
3158
3157
3155
3152
10450
10454
8167
3847
1142
1141
2499
2498
2491
2490
2493
2492
2495
2494
2497
2496
2721
3457
3453
3450
3451
3459
8207
8202
8203
8200
8209
2892
7720
7723
7728
7729
5472
5473
5470
5471
5477
5474
5475
5479
10925
4406
13786
15789
12430
11202
11208
3292
6115
6116
6117
6111
6113
10555
9068
9063
9062
11124
11125
10655
10650
10653
1339
1331
1335
1334
1337
858
59214
25090
12342
6354
6352
6350
6351
4260
6688
4196
11953
6033
9264
19
15
14
17
16
11
13
12
13081
13624
1645
8492
14046
17539
10749
272
274
16378
12118
12114
4830
4832
4834
4837
4836
2869
2860
2863
2867
23184
4017
4012
4019
5014
10230
5016
9439
5760
9432
2410
2413
2412
3717
1851
1855
1856
1108
18460
16943
9885
9889
11623
8288
8286
17701
26774
962
963
13475
3212
15163
11420
8048
8041
8044
8046
17146
8953
8956
13137
13130
13132
1955
1953
1952
8561
8560
8566
8569
31362
563
565
385
380
381
7001
5538
5537
5532
5530
4723
4727
4729
7824
7823
7828
5090
5091
5094
5095
5096
5097
2378
2379
2371
2374
23694
8360
8363
8362
2959
6019
6018
6011
4777
3021
3027
3025
3024
9102
1560
1563
1567
1569
2031
30738
480
486
732
737
6251
6250
6256
6254
11850
9345
9341
7617
1641
10816
23953
10743
1761
13544
1768
3729
3726
2230
3188
3180
3183
1059
8750
8755
1050
19495
9806
132
131
137
136
135
134
139
14787
1245
1248
677
671
15258
5939
5933
5931
5930
5937
5935
5934
7794
7791
7793
7420
7428
4688
4689
4683
4680
10376
10374
5483
5482
5480
5485
9688
9686
10992
10991
5151
5150
5152
5155
5154
12269
12260
1486
1489
1488
8658
8655
8654
8657
8656
8651
8653
11100
309
886
12062
4944
4941
4943
15044
6099
11747
6636
6631
7320
7327
8857
8856
8851
8859
9182
9180
9186
9185
9727
9720
1692
1693
1699
2529
2525
2524
2527
2526
2521
2520
2522
8445
3341
3347
3344
16836
16832
403
401
400
406
405
408
1422
1425
1424
1426
7699
7690
7693
7694
7695
7697
6155
10890
13277
7907
7909
12637
22651
13147
3108
18676
10467
8130
8133
5106
5107
3810
5102
5103
10289
16700
2778
2774
2775
2771
6440
6446
6444
6445
4350
4351
4354
4355
7719
7718
7717
7713
7712
5409
5403
5402
5405
10913
10910
4839
18853
13759
15753
15752
5389
5384
5386
5380
5381
5383
3502
10589
10582
10584
9960
6125
6127
6120
6129
4088
10633
9037
9035
9030
1366
1367
1364
1363
1361
14307
809
806
804
803
800
15514
4257
4251
10033
10037
10036
5619
5613
5611
5616
5617
5615
12304
5157
1619
1614
3619
11029
11020
28547
10775
10773
10778
228
226
225
223
222
221
220
3161
1756
12141
4868
4867
4865
4861
5765
5805
5800
2859
2858
5809
5808
6571
3897
10202
10200
4040
13956
13954
1131
9443
9444
1791
2444
1861
1865
3791
16975
11614
8273
13368
6979
16186
5304
5300
5301
12484
10502
10504
10506
10508
8072
8074
8077
18087
7216
17190
8926
8929
8928
11629
17942
20507
539
538
533
532
6329
6327
6322
6320
7058
5564
5565
5567
5562
5563
5568
5569
5692
5690
5691
5697
5695
5698
48
49
46
47
43
40
4779
4772
4773
12383
12384
12389
7878
7872
2344
2347
2346
2965
2964
2967
2966
2961
2960
6047
6044
6040
9172
9179
1081
3076
1559
1553
703
706
5886
5881
12983
6280
6281
6284
6286
6289
7620
7625
2334
2335
12535
9373
5715
5710
5719
5718
10826
10824
1719
1712
1710
1715
1714
8760
8763
8764
8766
8768
2542
8186
8180
8183
8182
11699
11693
11691
10126
10121
149
143
140
141
144
145
14800
14806
932
30513
21456
15202
27809
27803
10700
10704
10327
10322
4677
4675
4674
4673
4672
4671
4679
4678
12890
12895
5100
5101
9653
5108
1900
1901
1906
12231
8683
8687
11155
8531
8539
5357
5352
5351
5350
6839
4999
4992
4993
4990
4991
4997
5020
5022
5025
5024
5026
5029
5028
13839
3078
3079
2836
8336
8337
8338
7311
8808
8800
1009
6195
1002
1001
6190
6193
6199
9
8
1
0
3
5
4
7
6
2062
2067
8474
3332
3330
16805
783
786
6208
6209
6200
6201
10986
11803
5799
5798
5795
15917
15912
7932
7936
12644
2887
2882
2880
2881
11341
3139
3138
3134
3130
3133
8104
8100
9858
9854
9855
10438
10431
10432
16770
14884
1219
1210
1211
2747
772
629
625
5960
5961
5965
5966
5967
23279
27888
6433
6436
4366
9525
9521
9522
7473
7474
5189
5186
5187
5184
6989
1453
15896
18869
1983
1981
3583
2184
2181
2189
8602
8604
2602
2608
9959
9950
10604
356
354
10646
4515
10644
10640
20008
12035
12034
4916
4917
25783
4918
2831
2830
6660
6667
11719
11716
10044
10046
4282
4280
4285
8880
4540
9284
9287
9757
9751
5663
5662
5661
5664
12376
2578
2579
17826
2396
2392
2391
2398
14020
14021
16889
2977
17040
2260
13594
12179
12174
12175
5270
5272
5276
5277
4895
4894
4893
4892
4891
4899
26999
5859
2809
2806
5856
2805
2803
5853
15338
11528
11527
4076
1165
1292
1294
1298
3767
1836
1834
1835
1830
1839
3470
8228
8225
8220
8221
8222
10437
10436
7742
7743
7740
7744
7748
7749
5458
5459
5451
5452
5453
5455
5457
10941
10943
10944
10947
15817
2107
5337
5336
3278
3277
3275
8026
8027
8024
8025
8020
6178
6176
11489
11488
11484
18768
10682
10688
9047
9044
12860
54101
1315
1312
1319
11666
879
871
2662
2669
178
172
2370
7562
6376
6377
6379
4206
4208
4209
9208
5559
32510
5557
5550
5552
77
74
71
4787
4785
4789
7844
7847
7841
7843
2312
2310
10724
253
251
17516
16395
1507
1501
1508
1509
30751
757
750
4819
4818
4817
4813
4810
3156
15444
3056
3057
2954
2956
2950
6507
6500
6509
7673
9410
9411
9412
5748
5740
5742
5743
6017
6091
10873
2438
2437
2431
6092
19395
2292
2290
2297
2299
3747
14149
14145
14147
14146
8730
8731
6196
13061
10113
10111
10118
190
193
192
195
199
198
940
947
12729
15186
15187
15185
15180
6710
11403
11402
11401
11004
8973
4628
9592
13118
13114
13113
9620
9627
9625
9624
9629
1973
1972
1971
1970
1979
3538
8509
8508
546
545
540
4454
4451
7027
7021
6866
4709
4708
4707
4700
13683
13681
5078
5079
5076
5072
5070
8348
2938
2932
2933
2937
3043
3047
6039
35241
18155
7340
2116
8830
12947
27102
2583
2587
2588
17892
2054
17898
11128
4397
1454
1456
13493
6230
6232
6235
13490
6581
11835
7188
9323
9321
9326
9324
9329
15114
15110
7967
7964
7962
7968
2210
2216
2215
15762
15761
11312
19164
119
118
111
110
113
112
115
114
116
12888
9647
1266
1264
651
12220
5952
5955
5957
5959
5958
4338
6792
7441
10356
5174
5172
5171
5170
5179
13197
13193
19298
4491
1465
1464
17994
15738
11298
11297
8678
8673
8674
9982
1396
8581
8582
8586
8589
11123
10656
320
321
324
16552
63813
12004
4969
4963
4962
4967
4964
6612
6618
23099
11723
11720
11725
11729
10093
10096
5235
5236
5230
5231
5238
2573
9705
2509
2508
2503
2501
2500
2507
2506
2505
2504
17815
3360
3361
3362
421
16123
17031
285
284
286
281
283
1763
1766
1765
13254
5241
5240
5245
5244
5247
5865
5867
5863
5779
5868
3162
15349
10440
8151
3838
13937
41562
16189
1154
1151
19329
20243
8210
35131
16736
16731
11333
6469
6460
6466
7738
7731
7737
7736
7734
5463
5466
5468
10931
10934
10935
2150
2159
12424
19043
19049
3282
3280
3288
9908
6102
6105
6104
6109
6108
9015
9016
9010
9012
10177
10170
18363
1348
1344
1347
1341
825
826
821
822
829
599
595
591
593
6348
6344
6341
6699
7569
11940
10013
10016
9258
9256
5588
5580
5581
5585
9787
5630
5631
5634
28
20
21
22
23
25
26
13095
12327
1635
1631
1632
3672
3095
3093
3091
11001
10750
10751
10754
205
207
206
202
209
14693
3069
3061
1670
13673
12121
16050
4844
4846
4840
4842
4843
23735
2879
2878
2877
2875
10221
10225
9429
9428
5776
5770
9421
9422
9426
2466
2463
2468
2792
2797
2794
2795
2798
1847
1846
1845
2572
18411
2571
2577
16959
11635
8299
8298
8297
8293
6951
13443
5362
5360
5361
5366
5367
5364
5369
15844
5986
5984
5985
5980
5988
3208
3204
3201
1706
6189
6188
11438
11430
10527
10524
8058
8057
8056
8050
10389
10387
10380
4616
4610
4619
9096
9097
9091
9099
12833
12831
12838
2611
17929
3561
8557
8552
5418
516
510
32098
7070
5506
5504
5505
4755
4756
4759
5083
5080
7812
7811
5088
2367
2366
2362
8390
8391
8393
2943
2942
2946
2949
2948
11089
11083
14615
9113
9115
9114
1415
4421
1577
1570
1579
16232
2007
2008
498
725
722
6269
6264
6263
6260
6261
11862
7604
7609
10803
21235
1771
1772
1779
1778
13579
29400
18491
5296
5297
5292
5290
5291
5298
5299
3194
3198
8748
8741
14135
14130
10494
10491
2682
2686
9837
120
122
125
128
10146
9234
918
6214
36104
5909
5906
5907
5905
5902
5900
5901
11811
6766
4699
4695
4694
4697
4690
10306
10302
10309
16222
9672
9675
9677
5128
5125
5126
5127
5120
5122
5123
12217
1924
1925
2617
11175
19741
891
898
13323
7892
5009
5008
5007
5006
5004
5002
5000
68175
15056
11770
8318
8319
8311
8314
8315
8316
5857
2801
7338
55184
17340
4153
8861
9190
9196
1062
13049
13048
9735
9737
9739
1685
1680
1683
2087
2084
2081
8457
3350
3352
3354
411
413
416
418
2271
2270
12671
7687
7684
7682
7681
7680
13280
13285
4564
7919
5218
5219
15939
19139
13964
2897
2891
3110
3115
8128
10412
3807
3806
883
1230
1238
998
991
990
994
996
2766
2764
2769
601
602
605
608
10426
10427
10421
23251
6459
4347
4345
9542
9543
9548
5438
5439
5436
5437
5434
5432
5430
5431
7497
1430
1436
1437
1435
1439
18847
12295
5393
5392
5391
5390
5395
5394
8628
8629
8621
8624
10592
10596
8088
8087
8080
8081
8082
8083
9977
9974
5018
378
371
372
375
374
377
376
5011
5013
10627
10622
10628
9028
1374
1377
1371
1373
1379
818
814
816
810
4939
4930
4933
4935
4936
15507
6392
6394
6395
7517
6090
11996
6097
6096
16071
5608
5601
5600
5602
5607
5606
2558
2559
28843
17846
17849
1608
1604
1600
1603
11038
3042
7818
7819
5625
5624
7999
7994
12152
4875
4876
4871
4873
4872
5839
5831
5836
5837
5834
5835
15314
5156
2826
2827
2820
2828
6561
6560
6568
2947
3883
3882
11542
11546
17263
13941
13942
1107
6065
1109
3015
9470
3011
2454
2450
1819
1811
15641
8799
3417
8248
8242
8240
8246
8247
1070
14213
14214
683
7761
10960
6968
4448
4441
5318
5312
5310
5316
5315
5314
15877
12472
3255
3258
6152
6154
6158
18744
10513
10516
10515
8002
14981
14987
14988
23263
12979
8917
8912
8911
16581
12808
529
527
523
36218
6312
6316
6317
6314
4224
4225
11910
11913
7041
9229
9220
5579
5578
5570
5577
5575
5574
5680
5685
5689
59
58
51
50
52
55
57
56
4761
4762
12392
7860
7867
7864
7869
2331
6055
6057
6056
6051
6053
17578
10708
9143
9140
9141
5335
2103
2101
1528
1520
1521
1523
779
776
15428
6296
6295
6294
6299
7651
11894
11896
5728
5729
5722
5723
5725
10857
10855
1991
1990
1996
1728
1729
1726
1723
3766
1894
1890
3492
3490
3491
3494
8715
8717
19457
11669
11668
10131
10132
10139
1381
177
175
174
171
16476
16473
921
926
5212
5211
15214
15213
6487
6485
6482
6483
6489
6735
6732
17106
10330
4398
8994
8993
8991
4643
13178
5115
5114
5117
5111
9643
5119
1911
1913
1914
1917
8695
8697
8696
3514
8527
349
8529
17663
20635
31592
13378
24324
4980
4983
4982
4985
4984
4986
5057
5050
5052
5053
2842
5813
2844
2912
3064
3063
15002
11786
11781
11782
11788
8321
8322
8325
8327
10781
7366
8810
8815
12924
5223
17675
5222
5227
5226
1034
2076
2073
2079
20381
3308
447
446
441
10214
14500
3104
3105
3107
3100
6215
6211
1773
9302
13501
15902
2899
11371
11596
10425
33810
3819
1208
1200
1206
638
631
635
637
2780
2786
5977
5973
5971
11326
11324
6408
6409
6400
4318
10490
7465
7462
7469
7468
5199
5198
5195
5196
5193
5192
10149
10148
10140
1442
1440
1445
18890
1997
1999
15717
3434
18408
3439
340
342
345
14972
14978
18049
4715
27093
38143
4901
4903
4902
4904
4906
4909
4908
10496
15557
15551
2995
2997
